{"/home/kevin-mitnick/Faso-Care/backend/src/app.controller.ts": {"path":"/home/kevin-mitnick/Faso-Care/backend/src/app.controller.ts","statementMap":{"0":{"start":{"line":1,"column":0},"end":{"line":1,"column":49}},"1":{"start":{"line":2,"column":0},"end":{"line":2,"column":43}},"2":{"start":{"line":5,"column":7},"end":{"line":17,"column":null}},"3":{"start":{"line":6,"column":31},"end":{"line":6,"column":43}},"4":{"start":{"line":10,"column":4},"end":{"line":10,"column":38}},"5":{"start":{"line":15,"column":4},"end":{"line":15,"column":70}},"6":{"start":{"line":5,"column":13},"end":{"line":5,"column":26}},"7":{"start":{"line":9,"column":2},"end":{"line":11,"column":null}},"8":{"start":{"line":14,"column":2},"end":{"line":16,"column":null}},"9":{"start":{"line":5,"column":13},"end":{"line":17,"column":null}}},"fnMap":{"0":{"name":"(anonymous_2)","decl":{"start":{"line":6,"column":2},"end":{"line":6,"column":31}},"loc":{"start":{"line":6,"column":53},"end":{"line":6,"column":57}}},"1":{"name":"(anonymous_3)","decl":{"start":{"line":9,"column":2},"end":{"line":9,"column":10}},"loc":{"start":{"line":9,"column":10},"end":{"line":11,"column":3}}},"2":{"name":"(anonymous_4)","decl":{"start":{"line":14,"column":2},"end":{"line":14,"column":11}},"loc":{"start":{"line":14,"column":11},"end":{"line":16,"column":3}}}},"branchMap":{},"s":{"0":0,"1":0,"2":0,"3":0,"4":0,"5":0,"6":0,"7":0,"8":0,"9":0},"f":{"0":0,"1":0,"2":0},"b":{}}
,"/home/kevin-mitnick/Faso-Care/backend/src/app.module.ts": {"path":"/home/kevin-mitnick/Faso-Care/backend/src/app.module.ts","statementMap":{"0":{"start":{"line":1,"column":0},"end":{"line":1,"column":40}},"1":{"start":{"line":2,"column":0},"end":{"line":2,"column":49}},"2":{"start":{"line":3,"column":0},"end":{"line":3,"column":43}},"3":{"start":{"line":4,"column":0},"end":{"line":4,"column":61}},"4":{"start":{"line":5,"column":0},"end":{"line":5,"column":48}},"5":{"start":{"line":6,"column":0},"end":{"line":6,"column":68}},"6":{"start":{"line":7,"column":0},"end":{"line":7,"column":48}},"7":{"start":{"line":8,"column":0},"end":{"line":8,"column":51}},"8":{"start":{"line":9,"column":0},"end":{"line":9,"column":57}},"9":{"start":{"line":10,"column":0},"end":{"line":10,"column":69}},"10":{"start":{"line":11,"column":0},"end":{"line":11,"column":48}},"11":{"start":{"line":12,"column":0},"end":{"line":12,"column":57}},"12":{"start":{"line":13,"column":0},"end":{"line":13,"column":60}},"13":{"start":{"line":14,"column":0},"end":{"line":14,"column":61}},"14":{"start":{"line":15,"column":0},"end":{"line":15,"column":63}},"15":{"start":{"line":16,"column":0},"end":{"line":16,"column":54}},"16":{"start":{"line":17,"column":0},"end":{"line":17,"column":58}},"17":{"start":{"line":18,"column":0},"end":{"line":18,"column":68}},"18":{"start":{"line":19,"column":0},"end":{"line":19,"column":66}},"19":{"start":{"line":20,"column":0},"end":{"line":20,"column":44}},"20":{"start":{"line":21,"column":0},"end":{"line":21,"column":66}},"21":{"start":{"line":22,"column":0},"end":{"line":22,"column":57}},"22":{"start":{"line":23,"column":0},"end":{"line":23,"column":51}},"23":{"start":{"line":24,"column":0},"end":{"line":24,"column":75}},"24":{"start":{"line":25,"column":0},"end":{"line":25,"column":42}},"25":{"start":{"line":26,"column":0},"end":{"line":26,"column":58}},"26":{"start":{"line":27,"column":0},"end":{"line":27,"column":51}},"27":{"start":{"line":99,"column":7},"end":{"line":99,"column":null}},"28":{"start":{"line":99,"column":13},"end":{"line":99,"column":22}},"29":{"start":{"line":99,"column":13},"end":{"line":99,"column":null}},"30":{"start":{"line":40,"column":48},"end":{"line":43,"column":8}},"31":{"start":{"line":48,"column":49},"end":{"line":61,"column":null}},"32":{"start":{"line":76,"column":49},"end":{"line":81,"column":8}}},"fnMap":{"0":{"name":"(anonymous_1)","decl":{"start":{"line":40,"column":18},"end":{"line":40,"column":19}},"loc":{"start":{"line":40,"column":48},"end":{"line":43,"column":8}}},"1":{"name":"(anonymous_2)","decl":{"start":{"line":48,"column":18},"end":{"line":48,"column":19}},"loc":{"start":{"line":48,"column":49},"end":{"line":61,"column":null}}},"2":{"name":"(anonymous_3)","decl":{"start":{"line":76,"column":18},"end":{"line":76,"column":19}},"loc":{"start":{"line":76,"column":49},"end":{"line":81,"column":8}}}},"branchMap":{"0":{"loc":{"start":{"line":55,"column":13},"end":{"line":55,"column":97}},"type":"cond-expr","locations":[{"start":{"line":55,"column":60},"end":{"line":55,"column":89}},{"start":{"line":55,"column":92},"end":{"line":55,"column":97}}]},"1":{"loc":{"start":{"line":55,"column":13},"end":{"line":55,"column":57}},"type":"binary-expr","locations":[{"start":{"line":55,"column":13},"end":{"line":55,"column":41}},{"start":{"line":55,"column":45},"end":{"line":55,"column":57}}]},"2":{"loc":{"start":{"line":59,"column":21},"end":{"line":59,"column":108}},"type":"binary-expr","locations":[{"start":{"line":59,"column":21},"end":{"line":59,"column":47}},{"start":{"line":59,"column":52},"end":{"line":59,"column":72}},{"start":{"line":59,"column":76},"end":{"line":59,"column":107}}]}},"s":{"0":0,"1":0,"2":0,"3":0,"4":0,"5":0,"6":0,"7":0,"8":0,"9":0,"10":0,"11":0,"12":0,"13":0,"14":0,"15":0,"16":0,"17":0,"18":0,"19":0,"20":0,"21":0,"22":0,"23":0,"24":0,"25":0,"26":0,"27":0,"28":0,"29":0,"30":0,"31":0,"32":0},"f":{"0":0,"1":0,"2":0},"b":{"0":[0,0],"1":[0,0],"2":[0,0,0]}}
,"/home/kevin-mitnick/Faso-Care/backend/src/app.service.ts": {"path":"/home/kevin-mitnick/Faso-Care/backend/src/app.service.ts","statementMap":{"0":{"start":{"line":1,"column":0},"end":{"line":1,"column":44}},"1":{"start":{"line":4,"column":7},"end":{"line":8,"column":null}},"2":{"start":{"line":6,"column":4},"end":{"line":6,"column":43}},"3":{"start":{"line":4,"column":13},"end":{"line":4,"column":23}},"4":{"start":{"line":4,"column":13},"end":{"line":8,"column":null}}},"fnMap":{"0":{"name":"(anonymous_1)","decl":{"start":{"line":5,"column":2},"end":{"line":5,"column":10}},"loc":{"start":{"line":5,"column":10},"end":{"line":7,"column":3}}}},"branchMap":{},"s":{"0":0,"1":0,"2":0,"3":0,"4":0},"f":{"0":0},"b":{}}
,"/home/kevin-mitnick/Faso-Care/backend/src/data-source.ts": {"path":"/home/kevin-mitnick/Faso-Care/backend/src/data-source.ts","statementMap":{"0":{"start":{"line":1,"column":0},"end":{"line":1,"column":37}},"1":{"start":{"line":2,"column":0},"end":{"line":2,"column":33}},"2":{"start":{"line":5,"column":0},"end":{"line":5,"column":16}},"3":{"start":{"line":7,"column":13},"end":{"line":19,"column":3}}},"fnMap":{},"branchMap":{"0":{"loc":{"start":{"line":9,"column":8},"end":{"line":9,"column":33}},"type":"binary-expr","locations":[{"start":{"line":9,"column":8},"end":{"line":9,"column":27}},{"start":{"line":9,"column":31},"end":{"line":9,"column":33}}]},"1":{"loc":{"start":{"line":10,"column":17},"end":{"line":10,"column":46}},"type":"binary-expr","locations":[{"start":{"line":10,"column":17},"end":{"line":10,"column":36}},{"start":{"line":10,"column":40},"end":{"line":10,"column":46}}]},"2":{"loc":{"start":{"line":11,"column":12},"end":{"line":11,"column":41}},"type":"binary-expr","locations":[{"start":{"line":11,"column":12},"end":{"line":11,"column":35}},{"start":{"line":11,"column":39},"end":{"line":11,"column":41}}]},"3":{"loc":{"start":{"line":12,"column":12},"end":{"line":12,"column":41}},"type":"binary-expr","locations":[{"start":{"line":12,"column":12},"end":{"line":12,"column":35}},{"start":{"line":12,"column":39},"end":{"line":12,"column":41}}]},"4":{"loc":{"start":{"line":13,"column":12},"end":{"line":13,"column":41}},"type":"binary-expr","locations":[{"start":{"line":13,"column":12},"end":{"line":13,"column":35}},{"start":{"line":13,"column":39},"end":{"line":13,"column":41}}]},"5":{"loc":{"start":{"line":14,"column":7},"end":{"line":14,"column":76}},"type":"cond-expr","locations":[{"start":{"line":14,"column":39},"end":{"line":14,"column":68}},{"start":{"line":14,"column":71},"end":{"line":14,"column":76}}]}},"s":{"0":0,"1":0,"2":0,"3":0},"f":{},"b":{"0":[0,0],"1":[0,0],"2":[0,0],"3":[0,0],"4":[0,0],"5":[0,0]}}
,"/home/kevin-mitnick/Faso-Care/backend/src/main.ts": {"path":"/home/kevin-mitnick/Faso-Care/backend/src/main.ts","statementMap":{"0":{"start":{"line":1,"column":0},"end":{"line":1,"column":43}},"1":{"start":{"line":2,"column":0},"end":{"line":2,"column":41}},"2":{"start":{"line":3,"column":0},"end":{"line":3,"column":56}},"3":{"start":{"line":4,"column":0},"end":{"line":4,"column":63}},"4":{"start":{"line":5,"column":0},"end":{"line":5,"column":28}},"5":{"start":{"line":6,"column":0},"end":{"line":6,"column":65}},"6":{"start":{"line":9,"column":17},"end":{"line":9,"column":40}},"7":{"start":{"line":10,"column":14},"end":{"line":10,"column":49}},"8":{"start":{"line":12,"column":17},"end":{"line":12,"column":42}},"9":{"start":{"line":15,"column":2},"end":{"line":20,"column":6}},"10":{"start":{"line":23,"column":2},"end":{"line":40,"column":5}},"11":{"start":{"line":25,"column":29},"end":{"line":25,"column":47}},"12":{"start":{"line":26,"column":30},"end":{"line":28,"column":12}},"13":{"start":{"line":30,"column":6},"end":{"line":35,"column":7}},"14":{"start":{"line":30,"column":82},"end":{"line":30,"column":96}},"15":{"start":{"line":31,"column":8},"end":{"line":31,"column":29}},"16":{"start":{"line":33,"column":8},"end":{"line":33,"column":60}},"17":{"start":{"line":34,"column":8},"end":{"line":34,"column":51}},"18":{"start":{"line":43,"column":2},"end":{"line":67,"column":6}},"19":{"start":{"line":70,"column":2},"end":{"line":70,"column":32}},"20":{"start":{"line":73,"column":24},"end":{"line":107,"column":12}},"21":{"start":{"line":109,"column":2},"end":{"line":118,"column":3}},"22":{"start":{"line":110,"column":21},"end":{"line":110,"column":69}},"23":{"start":{"line":111,"column":4},"end":{"line":117,"column":7}},"24":{"start":{"line":121,"column":2},"end":{"line":121,"column":28}},"25":{"start":{"line":123,"column":2},"end":{"line":123,"column":45}},"26":{"start":{"line":124,"column":2},"end":{"line":124,"column":81}},"27":{"start":{"line":125,"column":2},"end":{"line":127,"column":3}},"28":{"start":{"line":126,"column":4},"end":{"line":126,"column":81}},"29":{"start":{"line":128,"column":2},"end":{"line":128,"column":47}},"30":{"start":{"line":131,"column":0},"end":{"line":134,"column":3}},"31":{"start":{"line":132,"column":2},"end":{"line":132,"column":47}},"32":{"start":{"line":133,"column":2},"end":{"line":133,"column":18}}},"fnMap":{"0":{"name":"bootstrap","decl":{"start":{"line":8,"column":15},"end":{"line":8,"column":24}},"loc":{"start":{"line":8,"column":24},"end":{"line":129,"column":1}}},"1":{"name":"(anonymous_2)","decl":{"start":{"line":24,"column":12},"end":{"line":24,"column":13}},"loc":{"start":{"line":24,"column":33},"end":{"line":36,"column":5}}},"2":{"name":"(anonymous_3)","decl":{"start":{"line":30,"column":77},"end":{"line":30,"column":78}},"loc":{"start":{"line":30,"column":82},"end":{"line":30,"column":96}}},"3":{"name":"(anonymous_4)","decl":{"start":{"line":131,"column":18},"end":{"line":131,"column":19}},"loc":{"start":{"line":131,"column":28},"end":{"line":134,"column":1}}}},"branchMap":{"0":{"loc":{"start":{"line":26,"column":30},"end":{"line":28,"column":12}},"type":"cond-expr","locations":[{"start":{"line":27,"column":10},"end":{"line":27,"column":58}},{"start":{"line":28,"column":10},"end":{"line":28,"column":12}}]},"1":{"loc":{"start":{"line":30,"column":6},"end":{"line":35,"column":7}},"type":"if","locations":[{"start":{"line":30,"column":6},"end":{"line":35,"column":7}},{"start":{"line":32,"column":13},"end":{"line":35,"column":7}}]},"2":{"loc":{"start":{"line":30,"column":10},"end":{"line":30,"column":97}},"type":"binary-expr","locations":[{"start":{"line":30,"column":10},"end":{"line":30,"column":17}},{"start":{"line":30,"column":21},"end":{"line":30,"column":52}},{"start":{"line":30,"column":56},"end":{"line":30,"column":97}}]},"3":{"loc":{"start":{"line":109,"column":2},"end":{"line":118,"column":3}},"type":"if","locations":[{"start":{"line":109,"column":2},"end":{"line":118,"column":3}},{"start":{},"end":{}}]},"4":{"loc":{"start":{"line":125,"column":2},"end":{"line":127,"column":3}},"type":"if","locations":[{"start":{"line":125,"column":2},"end":{"line":127,"column":3}},{"start":{},"end":{}}]}},"s":{"0":0,"1":0,"2":0,"3":0,"4":0,"5":0,"6":0,"7":0,"8":0,"9":0,"10":0,"11":0,"12":0,"13":0,"14":0,"15":0,"16":0,"17":0,"18":0,"19":0,"20":0,"21":0,"22":0,"23":0,"24":0,"25":0,"26":0,"27":0,"28":0,"29":0,"30":0,"31":0,"32":0},"f":{"0":0,"1":0,"2":0,"3":0},"b":{"0":[0,0],"1":[0,0],"2":[0,0,0],"3":[0,0],"4":[0,0]}}
,"/home/kevin-mitnick/Faso-Care/backend/src/ai/ai.controller.ts": {"path":"/home/kevin-mitnick/Faso-Care/backend/src/ai/ai.controller.ts","statementMap":{"0":{"start":{"line":1,"column":0},"end":{"line":1,"column":61}},"1":{"start":{"line":2,"column":0},"end":{"line":2,"column":68}},"2":{"start":{"line":5,"column":7},"end":{"line":23,"column":null}},"3":{"start":{"line":6,"column":31},"end":{"line":6,"column":42}},"4":{"start":{"line":10,"column":4},"end":{"line":10,"column":47}},"5":{"start":{"line":15,"column":21},"end":{"line":15,"column":66}},"6":{"start":{"line":16,"column":4},"end":{"line":16,"column":24}},"7":{"start":{"line":21,"column":4},"end":{"line":21,"column":50}},"8":{"start":{"line":5,"column":13},"end":{"line":5,"column":25}},"9":{"start":{"line":9,"column":8},"end":{"line":11,"column":null}},"10":{"start":{"line":14,"column":8},"end":{"line":17,"column":null}},"11":{"start":{"line":20,"column":2},"end":{"line":22,"column":null}},"12":{"start":{"line":5,"column":13},"end":{"line":23,"column":null}}},"fnMap":{"0":{"name":"(anonymous_4)","decl":{"start":{"line":6,"column":2},"end":{"line":6,"column":31}},"loc":{"start":{"line":6,"column":51},"end":{"line":6,"column":55}}},"1":{"name":"(anonymous_5)","decl":{"start":{"line":9,"column":8},"end":{"line":9,"column":14}},"loc":{"start":{"line":9,"column":41},"end":{"line":11,"column":3}}},"2":{"name":"(anonymous_6)","decl":{"start":{"line":14,"column":8},"end":{"line":14,"column":12}},"loc":{"start":{"line":14,"column":43},"end":{"line":17,"column":3}}},"3":{"name":"(anonymous_7)","decl":{"start":{"line":20,"column":2},"end":{"line":20,"column":8}},"loc":{"start":{"line":20,"column":8},"end":{"line":22,"column":3}}}},"branchMap":{},"s":{"0":0,"1":0,"2":0,"3":0,"4":0,"5":0,"6":0,"7":0,"8":0,"9":0,"10":0,"11":0,"12":0},"f":{"0":0,"1":0,"2":0,"3":0},"b":{}}
,"/home/kevin-mitnick/Faso-Care/backend/src/ai/ai.module.ts": {"path":"/home/kevin-mitnick/Faso-Care/backend/src/ai/ai.module.ts","statementMap":{"0":{"start":{"line":1,"column":0},"end":{"line":1,"column":40}},"1":{"start":{"line":2,"column":0},"end":{"line":2,"column":41}},"2":{"start":{"line":3,"column":0},"end":{"line":3,"column":47}},"3":{"start":{"line":4,"column":0},"end":{"line":4,"column":62}},"4":{"start":{"line":12,"column":7},"end":{"line":12,"column":null}},"5":{"start":{"line":12,"column":13},"end":{"line":12,"column":21}},"6":{"start":{"line":12,"column":13},"end":{"line":12,"column":null}}},"fnMap":{},"branchMap":{},"s":{"0":0,"1":0,"2":0,"3":0,"4":0,"5":0,"6":0},"f":{},"b":{}}
,"/home/kevin-mitnick/Faso-Care/backend/src/ai/ai.service.ts": {"path":"/home/kevin-mitnick/Faso-Care/backend/src/ai/ai.service.ts","statementMap":{"0":{"start":{"line":1,"column":0},"end":{"line":1,"column":52}},"1":{"start":{"line":2,"column":0},"end":{"line":2,"column":64}},"2":{"start":{"line":22,"column":22},"end":{"line":193,"column":null}},"3":{"start":{"line":28,"column":22},"end":{"line":28,"column":30}},"4":{"start":{"line":23,"column":19},"end":{"line":23,"column":55}},"5":{"start":{"line":26,"column":10},"end":{"line":26,"column":41}},"6":{"start":{"line":29,"column":4},"end":{"line":29,"column":53}},"7":{"start":{"line":30,"column":4},"end":{"line":30,"column":45}},"8":{"start":{"line":31,"column":4},"end":{"line":31,"column":46}},"9":{"start":{"line":35,"column":4},"end":{"line":35,"column":76}},"10":{"start":{"line":37,"column":4},"end":{"line":39,"column":5}},"11":{"start":{"line":38,"column":6},"end":{"line":38,"column":39}},"12":{"start":{"line":41,"column":4},"end":{"line":47,"column":5}},"13":{"start":{"line":42,"column":6},"end":{"line":42,"column":44}},"14":{"start":{"line":44,"column":18},"end":{"line":44,"column":32}},"15":{"start":{"line":45,"column":6},"end":{"line":45,"column":84}},"16":{"start":{"line":46,"column":6},"end":{"line":46,"column":39}},"17":{"start":{"line":51,"column":19},"end":{"line":51,"column":48}},"18":{"start":{"line":53,"column":21},"end":{"line":62,"column":6}},"19":{"start":{"line":64,"column":4},"end":{"line":66,"column":5}},"20":{"start":{"line":65,"column":6},"end":{"line":65,"column":58}},"21":{"start":{"line":68,"column":17},"end":{"line":68,"column":38}},"22":{"start":{"line":69,"column":19},"end":{"line":69,"column":44}},"23":{"start":{"line":71,"column":4},"end":{"line":78,"column":6}},"24":{"start":{"line":82,"column":51},"end":{"line":86,"column":6}},"25":{"start":{"line":88,"column":50},"end":{"line":102,"column":6}},"26":{"start":{"line":104,"column":23},"end":{"line":104,"column":72}},"27":{"start":{"line":106,"column":4},"end":{"line":113,"column":5}},"28":{"start":{"line":107,"column":20},"end":{"line":107,"column":41}},"29":{"start":{"line":108,"column":6},"end":{"line":112,"column":7}},"30":{"start":{"line":109,"column":8},"end":{"line":111,"column":9}},"31":{"start":{"line":110,"column":10},"end":{"line":110,"column":55}},"32":{"start":{"line":115,"column":4},"end":{"line":117,"column":5}},"33":{"start":{"line":116,"column":6},"end":{"line":116,"column":52}},"34":{"start":{"line":123,"column":4},"end":{"line":139,"column":5}},"35":{"start":{"line":124,"column":6},"end":{"line":124,"column":29}},"36":{"start":{"line":125,"column":6},"end":{"line":125,"column":74}},"37":{"start":{"line":126,"column":6},"end":{"line":126,"column":81}},"38":{"start":{"line":127,"column":11},"end":{"line":139,"column":5}},"39":{"start":{"line":128,"column":6},"end":{"line":128,"column":24}},"40":{"start":{"line":129,"column":6},"end":{"line":129,"column":71}},"41":{"start":{"line":130,"column":6},"end":{"line":130,"column":110}},"42":{"start":{"line":131,"column":11},"end":{"line":139,"column":5}},"43":{"start":{"line":132,"column":6},"end":{"line":132,"column":26}},"44":{"start":{"line":133,"column":6},"end":{"line":133,"column":66}},"45":{"start":{"line":134,"column":6},"end":{"line":134,"column":104}},"46":{"start":{"line":136,"column":6},"end":{"line":136,"column":23}},"47":{"start":{"line":137,"column":6},"end":{"line":137,"column":61}},"48":{"start":{"line":138,"column":6},"end":{"line":138,"column":71}},"49":{"start":{"line":141,"column":4},"end":{"line":147,"column":6}},"50":{"start":{"line":151,"column":4},"end":{"line":166,"column":139}},"51":{"start":{"line":170,"column":4},"end":{"line":172,"column":5}},"52":{"start":{"line":171,"column":6},"end":{"line":171,"column":73}},"53":{"start":{"line":174,"column":4},"end":{"line":191,"column":5}},"54":{"start":{"line":175,"column":23},"end":{"line":183,"column":8}},"55":{"start":{"line":185,"column":19},"end":{"line":185,"column":40}},"56":{"start":{"line":186,"column":6},"end":{"line":186,"column":27}},"57":{"start":{"line":188,"column":18},"end":{"line":188,"column":32}},"58":{"start":{"line":189,"column":6},"end":{"line":189,"column":62}},"59":{"start":{"line":190,"column":6},"end":{"line":190,"column":69}},"60":{"start":{"line":22,"column":13},"end":{"line":22,"column":22}},"61":{"start":{"line":22,"column":13},"end":{"line":193,"column":null}}},"fnMap":{"0":{"name":"(anonymous_2)","decl":{"start":{"line":28,"column":2},"end":{"line":28,"column":22}},"loc":{"start":{"line":28,"column":46},"end":{"line":32,"column":3}}},"1":{"name":"(anonymous_3)","decl":{"start":{"line":34,"column":2},"end":{"line":34,"column":7}},"loc":{"start":{"line":34,"column":40},"end":{"line":48,"column":3}}},"2":{"name":"(anonymous_4)","decl":{"start":{"line":50,"column":10},"end":{"line":50,"column":15}},"loc":{"start":{"line":50,"column":47},"end":{"line":79,"column":3}}},"3":{"name":"(anonymous_5)","decl":{"start":{"line":81,"column":10},"end":{"line":81,"column":23}},"loc":{"start":{"line":81,"column":42},"end":{"line":148,"column":3}}},"4":{"name":"(anonymous_6)","decl":{"start":{"line":150,"column":10},"end":{"line":150,"column":27}},"loc":{"start":{"line":150,"column":46},"end":{"line":167,"column":3}}},"5":{"name":"(anonymous_7)","decl":{"start":{"line":169,"column":2},"end":{"line":169,"column":7}},"loc":{"start":{"line":169,"column":39},"end":{"line":192,"column":3}}}},"branchMap":{"0":{"loc":{"start":{"line":37,"column":4},"end":{"line":39,"column":5}},"type":"if","locations":[{"start":{"line":37,"column":4},"end":{"line":39,"column":5}},{"start":{},"end":{}}]},"1":{"loc":{"start":{"line":37,"column":8},"end":{"line":37,"column":50}},"type":"binary-expr","locations":[{"start":{"line":37,"column":8},"end":{"line":37,"column":26}},{"start":{"line":37,"column":30},"end":{"line":37,"column":50}}]},"2":{"loc":{"start":{"line":64,"column":4},"end":{"line":66,"column":5}},"type":"if","locations":[{"start":{"line":64,"column":4},"end":{"line":66,"column":5}},{"start":{},"end":{}}]},"3":{"loc":{"start":{"line":72,"column":16},"end":{"line":72,"column":43}},"type":"binary-expr","locations":[{"start":{"line":72,"column":16},"end":{"line":72,"column":31}},{"start":{"line":72,"column":35},"end":{"line":72,"column":43}}]},"4":{"loc":{"start":{"line":73,"column":22},"end":{"line":73,"column":73}},"type":"binary-expr","locations":[{"start":{"line":73,"column":22},"end":{"line":73,"column":43}},{"start":{"line":73,"column":47},"end":{"line":73,"column":73}}]},"5":{"loc":{"start":{"line":74,"column":17},"end":{"line":74,"column":61}},"type":"binary-expr","locations":[{"start":{"line":74,"column":17},"end":{"line":74,"column":33}},{"start":{"line":74,"column":37},"end":{"line":74,"column":61}}]},"6":{"loc":{"start":{"line":75,"column":20},"end":{"line":75,"column":44}},"type":"binary-expr","locations":[{"start":{"line":75,"column":20},"end":{"line":75,"column":39}},{"start":{"line":75,"column":43},"end":{"line":75,"column":44}}]},"7":{"loc":{"start":{"line":104,"column":23},"end":{"line":104,"column":72}},"type":"binary-expr","locations":[{"start":{"line":104,"column":23},"end":{"line":104,"column":67}},{"start":{"line":104,"column":71},"end":{"line":104,"column":72}}]},"8":{"loc":{"start":{"line":104,"column":38},"end":{"line":104,"column":66}},"type":"binary-expr","locations":[{"start":{"line":104,"column":38},"end":{"line":104,"column":52}},{"start":{"line":104,"column":56},"end":{"line":104,"column":66}}]},"9":{"loc":{"start":{"line":106,"column":26},"end":{"line":106,"column":46}},"type":"binary-expr","locations":[{"start":{"line":106,"column":26},"end":{"line":106,"column":40}},{"start":{"line":106,"column":44},"end":{"line":106,"column":46}}]},"10":{"loc":{"start":{"line":109,"column":8},"end":{"line":111,"column":9}},"type":"if","locations":[{"start":{"line":109,"column":8},"end":{"line":111,"column":9}},{"start":{},"end":{}}]},"11":{"loc":{"start":{"line":115,"column":4},"end":{"line":117,"column":5}},"type":"if","locations":[{"start":{"line":115,"column":4},"end":{"line":117,"column":5}},{"start":{},"end":{}}]},"12":{"loc":{"start":{"line":115,"column":8},"end":{"line":115,"column":54}},"type":"binary-expr","locations":[{"start":{"line":115,"column":8},"end":{"line":115,"column":17}},{"start":{"line":115,"column":22},"end":{"line":115,"column":35}},{"start":{"line":115,"column":39},"end":{"line":115,"column":53}}]},"13":{"loc":{"start":{"line":123,"column":4},"end":{"line":139,"column":5}},"type":"if","locations":[{"start":{"line":123,"column":4},"end":{"line":139,"column":5}},{"start":{"line":127,"column":11},"end":{"line":139,"column":5}}]},"14":{"loc":{"start":{"line":127,"column":11},"end":{"line":139,"column":5}},"type":"if","locations":[{"start":{"line":127,"column":11},"end":{"line":139,"column":5}},{"start":{"line":131,"column":11},"end":{"line":139,"column":5}}]},"15":{"loc":{"start":{"line":131,"column":11},"end":{"line":139,"column":5}},"type":"if","locations":[{"start":{"line":131,"column":11},"end":{"line":139,"column":5}},{"start":{"line":135,"column":11},"end":{"line":139,"column":5}}]},"16":{"loc":{"start":{"line":153,"column":19},"end":{"line":153,"column":65}},"type":"cond-expr","locations":[{"start":{"line":153,"column":31},"end":{"line":153,"column":49}},{"start":{"line":153,"column":52},"end":{"line":153,"column":65}}]},"17":{"loc":{"start":{"line":153,"column":70},"end":{"line":153,"column":106}},"type":"binary-expr","locations":[{"start":{"line":153,"column":70},"end":{"line":153,"column":82}},{"start":{"line":153,"column":86},"end":{"line":153,"column":106}}]},"18":{"loc":{"start":{"line":154,"column":23},"end":{"line":154,"column":56}},"type":"binary-expr","locations":[{"start":{"line":154,"column":23},"end":{"line":154,"column":37}},{"start":{"line":154,"column":41},"end":{"line":154,"column":56}}]},"19":{"loc":{"start":{"line":155,"column":12},"end":{"line":155,"column":43}},"type":"binary-expr","locations":[{"start":{"line":155,"column":12},"end":{"line":155,"column":26}},{"start":{"line":155,"column":30},"end":{"line":155,"column":43}}]},"20":{"loc":{"start":{"line":170,"column":4},"end":{"line":172,"column":5}},"type":"if","locations":[{"start":{"line":170,"column":4},"end":{"line":172,"column":5}},{"start":{},"end":{}}]},"21":{"loc":{"start":{"line":170,"column":8},"end":{"line":170,"column":50}},"type":"binary-expr","locations":[{"start":{"line":170,"column":8},"end":{"line":170,"column":26}},{"start":{"line":170,"column":30},"end":{"line":170,"column":50}}]}},"s":{"0":0,"1":0,"2":0,"3":0,"4":0,"5":0,"6":0,"7":0,"8":0,"9":0,"10":0,"11":0,"12":0,"13":0,"14":0,"15":0,"16":0,"17":0,"18":0,"19":0,"20":0,"21":0,"22":0,"23":0,"24":0,"25":0,"26":0,"27":0,"28":0,"29":0,"30":0,"31":0,"32":0,"33":0,"34":0,"35":0,"36":0,"37":0,"38":0,"39":0,"40":0,"41":0,"42":0,"43":0,"44":0,"45":0,"46":0,"47":0,"48":0,"49":0,"50":0,"51":0,"52":0,"53":0,"54":0,"55":0,"56":0,"57":0,"58":0,"59":0,"60":0,"61":0},"f":{"0":0,"1":0,"2":0,"3":0,"4":0,"5":0},"b":{"0":[0,0],"1":[0,0],"2":[0,0],"3":[0,0],"4":[0,0],"5":[0,0],"6":[0,0],"7":[0,0],"8":[0,0],"9":[0,0],"10":[0,0],"11":[0,0],"12":[0,0,0],"13":[0,0],"14":[0,0],"15":[0,0],"16":[0,0],"17":[0,0],"18":[0,0],"19":[0,0],"20":[0,0],"21":[0,0]}}
,"/home/kevin-mitnick/Faso-Care/backend/src/auth/auth.controller.ts": {"path":"/home/kevin-mitnick/Faso-Care/backend/src/auth/auth.controller.ts","statementMap":{"0":{"start":{"line":1,"column":0},"end":{"line":1,"column":null}},"1":{"start":{"line":11,"column":0},"end":{"line":11,"column":44}},"2":{"start":{"line":12,"column":0},"end":{"line":12,"column":44}},"3":{"start":{"line":13,"column":0},"end":{"line":13,"column":42}},"4":{"start":{"line":14,"column":0},"end":{"line":14,"column":48}},"5":{"start":{"line":15,"column":0},"end":{"line":15,"column":47}},"6":{"start":{"line":16,"column":0},"end":{"line":16,"column":51}},"7":{"start":{"line":17,"column":0},"end":{"line":17,"column":51}},"8":{"start":{"line":20,"column":27},"end":{"line":227,"column":null}},"9":{"start":{"line":24,"column":12},"end":{"line":24,"column":25}},"10":{"start":{"line":25,"column":12},"end":{"line":25,"column":24}},"11":{"start":{"line":26,"column":12},"end":{"line":26,"column":24}},"12":{"start":{"line":21,"column":19},"end":{"line":21,"column":null}},"13":{"start":{"line":30,"column":4},"end":{"line":30,"column":69}},"14":{"start":{"line":36,"column":17},"end":{"line":38,"column":null}},"15":{"start":{"line":40,"column":4},"end":{"line":42,"column":5}},"16":{"start":{"line":41,"column":6},"end":{"line":41,"column":null}},"17":{"start":{"line":43,"column":4},"end":{"line":43,"column":null}},"18":{"start":{"line":54,"column":4},"end":{"line":75,"column":5}},"19":{"start":{"line":55,"column":21},"end":{"line":57,"column":null}},"20":{"start":{"line":61,"column":6},"end":{"line":61,"column":null}},"21":{"start":{"line":63,"column":6},"end":{"line":63,"column":null}},"22":{"start":{"line":65,"column":6},"end":{"line":70,"column":null}},"23":{"start":{"line":72,"column":22},"end":{"line":72,"column":46}},"24":{"start":{"line":73,"column":6},"end":{"line":73,"column":null}},"25":{"start":{"line":74,"column":6},"end":{"line":74,"column":null}},"26":{"start":{"line":88,"column":4},"end":{"line":117,"column":5}},"27":{"start":{"line":89,"column":23},"end":{"line":92,"column":null}},"28":{"start":{"line":95,"column":6},"end":{"line":97,"column":7}},"29":{"start":{"line":96,"column":8},"end":{"line":96,"column":null}},"30":{"start":{"line":99,"column":6},"end":{"line":99,"column":null}},"31":{"start":{"line":102,"column":19},"end":{"line":103,"column":null}},"32":{"start":{"line":105,"column":21},"end":{"line":105,"column":55}},"33":{"start":{"line":107,"column":6},"end":{"line":112,"column":null}},"34":{"start":{"line":114,"column":22},"end":{"line":114,"column":46}},"35":{"start":{"line":115,"column":6},"end":{"line":115,"column":null}},"36":{"start":{"line":116,"column":6},"end":{"line":116,"column":null}},"37":{"start":{"line":128,"column":4},"end":{"line":149,"column":5}},"38":{"start":{"line":129,"column":21},"end":{"line":131,"column":null}},"39":{"start":{"line":135,"column":6},"end":{"line":135,"column":null}},"40":{"start":{"line":137,"column":6},"end":{"line":137,"column":null}},"41":{"start":{"line":139,"column":6},"end":{"line":144,"column":null}},"42":{"start":{"line":146,"column":22},"end":{"line":146,"column":46}},"43":{"start":{"line":147,"column":6},"end":{"line":147,"column":null}},"44":{"start":{"line":148,"column":6},"end":{"line":148,"column":null}},"45":{"start":{"line":162,"column":4},"end":{"line":191,"column":5}},"46":{"start":{"line":163,"column":23},"end":{"line":166,"column":null}},"47":{"start":{"line":169,"column":6},"end":{"line":171,"column":7}},"48":{"start":{"line":170,"column":8},"end":{"line":170,"column":null}},"49":{"start":{"line":173,"column":6},"end":{"line":173,"column":null}},"50":{"start":{"line":176,"column":19},"end":{"line":177,"column":null}},"51":{"start":{"line":179,"column":21},"end":{"line":179,"column":55}},"52":{"start":{"line":181,"column":6},"end":{"line":186,"column":null}},"53":{"start":{"line":188,"column":22},"end":{"line":188,"column":46}},"54":{"start":{"line":189,"column":6},"end":{"line":189,"column":null}},"55":{"start":{"line":190,"column":6},"end":{"line":190,"column":null}},"56":{"start":{"line":196,"column":4},"end":{"line":196,"column":null}},"57":{"start":{"line":201,"column":4},"end":{"line":201,"column":null}},"58":{"start":{"line":207,"column":4},"end":{"line":207,"column":null}},"59":{"start":{"line":213,"column":4},"end":{"line":213,"column":null}},"60":{"start":{"line":218,"column":4},"end":{"line":218,"column":null}},"61":{"start":{"line":225,"column":4},"end":{"line":225,"column":null}},"62":{"start":{"line":20,"column":13},"end":{"line":20,"column":27}},"63":{"start":{"line":35,"column":8},"end":{"line":44,"column":null}},"64":{"start":{"line":53,"column":8},"end":{"line":76,"column":null}},"65":{"start":{"line":85,"column":8},"end":{"line":118,"column":null}},"66":{"start":{"line":127,"column":8},"end":{"line":150,"column":null}},"67":{"start":{"line":159,"column":8},"end":{"line":192,"column":null}},"68":{"start":{"line":195,"column":8},"end":{"line":197,"column":null}},"69":{"start":{"line":200,"column":8},"end":{"line":202,"column":null}},"70":{"start":{"line":206,"column":8},"end":{"line":208,"column":null}},"71":{"start":{"line":212,"column":8},"end":{"line":214,"column":null}},"72":{"start":{"line":217,"column":8},"end":{"line":219,"column":null}},"73":{"start":{"line":222,"column":8},"end":{"line":226,"column":null}},"74":{"start":{"line":20,"column":13},"end":{"line":227,"column":null}}},"fnMap":{"0":{"name":"(anonymous_4)","decl":{"start":{"line":23,"column":2},"end":{"line":23,"column":null}},"loc":{"start":{"line":26,"column":34},"end":{"line":27,"column":6}}},"1":{"name":"(anonymous_5)","decl":{"start":{"line":29,"column":10},"end":{"line":29,"column":22}},"loc":{"start":{"line":29,"column":37},"end":{"line":31,"column":3}}},"2":{"name":"(anonymous_6)","decl":{"start":{"line":35,"column":8},"end":{"line":35,"column":13}},"loc":{"start":{"line":35,"column":40},"end":{"line":44,"column":3}}},"3":{"name":"(anonymous_7)","decl":{"start":{"line":53,"column":8},"end":{"line":53,"column":18}},"loc":{"start":{"line":53,"column":56},"end":{"line":76,"column":3}}},"4":{"name":"(anonymous_8)","decl":{"start":{"line":85,"column":8},"end":{"line":85,"column":17}},"loc":{"start":{"line":86,"column":55},"end":{"line":118,"column":3}}},"5":{"name":"(anonymous_9)","decl":{"start":{"line":127,"column":8},"end":{"line":127,"column":23}},"loc":{"start":{"line":127,"column":61},"end":{"line":150,"column":3}}},"6":{"name":"(anonymous_10)","decl":{"start":{"line":159,"column":8},"end":{"line":159,"column":20}},"loc":{"start":{"line":160,"column":55},"end":{"line":192,"column":3}}},"7":{"name":"(anonymous_11)","decl":{"start":{"line":195,"column":8},"end":{"line":195,"column":17}},"loc":{"start":{"line":195,"column":63},"end":{"line":197,"column":3}}},"8":{"name":"(anonymous_12)","decl":{"start":{"line":200,"column":8},"end":{"line":200,"column":16}},"loc":{"start":{"line":200,"column":49},"end":{"line":202,"column":3}}},"9":{"name":"(anonymous_13)","decl":{"start":{"line":206,"column":8},"end":{"line":206,"column":15}},"loc":{"start":{"line":206,"column":54},"end":{"line":208,"column":3}}},"10":{"name":"(anonymous_14)","decl":{"start":{"line":212,"column":8},"end":{"line":212,"column":14}},"loc":{"start":{"line":212,"column":34},"end":{"line":214,"column":3}}},"11":{"name":"(anonymous_15)","decl":{"start":{"line":217,"column":8},"end":{"line":217,"column":22}},"loc":{"start":{"line":217,"column":54},"end":{"line":219,"column":3}}},"12":{"name":"(anonymous_16)","decl":{"start":{"line":222,"column":8},"end":{"line":222,"column":21}},"loc":{"start":{"line":223,"column":65},"end":{"line":226,"column":3}}}},"branchMap":{"0":{"loc":{"start":{"line":30,"column":11},"end":{"line":30,"column":68}},"type":"cond-expr","locations":[{"start":{"line":30,"column":36},"end":{"line":30,"column":49}},{"start":{"line":30,"column":52},"end":{"line":30,"column":68}}]},"1":{"loc":{"start":{"line":40,"column":4},"end":{"line":42,"column":5}},"type":"if","locations":[{"start":{"line":40,"column":4},"end":{"line":42,"column":5}},{"start":{},"end":{}}]},"2":{"loc":{"start":{"line":95,"column":6},"end":{"line":97,"column":7}},"type":"if","locations":[{"start":{"line":95,"column":6},"end":{"line":97,"column":7}},{"start":{},"end":{}}]},"3":{"loc":{"start":{"line":169,"column":6},"end":{"line":171,"column":7}},"type":"if","locations":[{"start":{"line":169,"column":6},"end":{"line":171,"column":7}},{"start":{},"end":{}}]}},"s":{"0":0,"1":0,"2":0,"3":0,"4":0,"5":0,"6":0,"7":0,"8":0,"9":0,"10":0,"11":0,"12":0,"13":0,"14":0,"15":0,"16":0,"17":0,"18":0,"19":0,"20":0,"21":0,"22":0,"23":0,"24":0,"25":0,"26":0,"27":0,"28":0,"29":0,"30":0,"31":0,"32":0,"33":0,"34":0,"35":0,"36":0,"37":0,"38":0,"39":0,"40":0,"41":0,"42":0,"43":0,"44":0,"45":0,"46":0,"47":0,"48":0,"49":0,"50":0,"51":0,"52":0,"53":0,"54":0,"55":0,"56":0,"57":0,"58":0,"59":0,"60":0,"61":0,"62":0,"63":0,"64":0,"65":0,"66":0,"67":0,"68":0,"69":0,"70":0,"71":0,"72":0,"73":0,"74":0},"f":{"0":0,"1":0,"2":0,"3":0,"4":0,"5":0,"6":0,"7":0,"8":0,"9":0,"10":0,"11":0,"12":0},"b":{"0":[0,0],"1":[0,0],"2":[0,0],"3":[0,0]}}
,"/home/kevin-mitnick/Faso-Care/backend/src/auth/auth.module.ts": {"path":"/home/kevin-mitnick/Faso-Care/backend/src/auth/auth.module.ts","statementMap":{"0":{"start":{"line":1,"column":0},"end":{"line":1,"column":40}},"1":{"start":{"line":2,"column":0},"end":{"line":2,"column":45}},"2":{"start":{"line":3,"column":0},"end":{"line":3,"column":52}},"3":{"start":{"line":4,"column":0},"end":{"line":4,"column":50}},"4":{"start":{"line":5,"column":0},"end":{"line":5,"column":40}},"5":{"start":{"line":6,"column":0},"end":{"line":6,"column":51}},"6":{"start":{"line":7,"column":0},"end":{"line":7,"column":45}},"7":{"start":{"line":9,"column":0},"end":{"line":9,"column":58}},"8":{"start":{"line":10,"column":0},"end":{"line":10,"column":62}},"9":{"start":{"line":11,"column":0},"end":{"line":11,"column":64}},"10":{"start":{"line":34,"column":7},"end":{"line":34,"column":null}},"11":{"start":{"line":34,"column":13},"end":{"line":34,"column":23}},"12":{"start":{"line":34,"column":13},"end":{"line":34,"column":null}},"13":{"start":{"line":21,"column":49},"end":{"line":26,"column":8}}},"fnMap":{"0":{"name":"(anonymous_1)","decl":{"start":{"line":21,"column":18},"end":{"line":21,"column":19}},"loc":{"start":{"line":21,"column":49},"end":{"line":26,"column":8}}}},"branchMap":{},"s":{"0":0,"1":0,"2":0,"3":0,"4":0,"5":0,"6":0,"7":0,"8":0,"9":0,"10":0,"11":0,"12":0,"13":0},"f":{"0":0},"b":{}}
,"/home/kevin-mitnick/Faso-Care/backend/src/auth/auth.service.ts": {"path":"/home/kevin-mitnick/Faso-Care/backend/src/auth/auth.service.ts","statementMap":{"0":{"start":{"line":1,"column":0},"end":{"line":1,"column":106}},"1":{"start":{"line":2,"column":0},"end":{"line":2,"column":54}},"2":{"start":{"line":3,"column":0},"end":{"line":3,"column":41}},"3":{"start":{"line":4,"column":0},"end":{"line":4,"column":33}},"4":{"start":{"line":5,"column":0},"end":{"line":5,"column":60}},"5":{"start":{"line":6,"column":0},"end":{"line":6,"column":64}},"6":{"start":{"line":7,"column":0},"end":{"line":7,"column":57}},"7":{"start":{"line":10,"column":7},"end":{"line":245,"column":null}},"8":{"start":{"line":12,"column":12},"end":{"line":12,"column":26}},"9":{"start":{"line":13,"column":12},"end":{"line":13,"column":24}},"10":{"start":{"line":14,"column":12},"end":{"line":14,"column":28}},"11":{"start":{"line":15,"column":12},"end":{"line":15,"column":20}},"12":{"start":{"line":19,"column":25},"end":{"line":19,"column":82}},"13":{"start":{"line":20,"column":4},"end":{"line":22,"column":5}},"14":{"start":{"line":21,"column":6},"end":{"line":21,"column":68}},"15":{"start":{"line":24,"column":26},"end":{"line":24,"column":62}},"16":{"start":{"line":25,"column":25},"end":{"line":25,"column":68}},"17":{"start":{"line":27,"column":20},"end":{"line":37,"column":6}},"18":{"start":{"line":39,"column":4},"end":{"line":39,"column":31}},"19":{"start":{"line":43,"column":17},"end":{"line":43,"column":80}},"20":{"start":{"line":44,"column":4},"end":{"line":47,"column":5}},"21":{"start":{"line":45,"column":42},"end":{"line":45,"column":46}},"22":{"start":{"line":46,"column":6},"end":{"line":46,"column":20}},"23":{"start":{"line":48,"column":4},"end":{"line":48,"column":16}},"24":{"start":{"line":52,"column":4},"end":{"line":72,"column":5}},"25":{"start":{"line":53,"column":18},"end":{"line":53,"column":72}},"26":{"start":{"line":54,"column":21},"end":{"line":54,"column":31}},"27":{"start":{"line":55,"column":6},"end":{"line":55,"column":49}},"28":{"start":{"line":57,"column":6},"end":{"line":60,"column":9}},"29":{"start":{"line":62,"column":6},"end":{"line":65,"column":8}},"30":{"start":{"line":67,"column":6},"end":{"line":71,"column":8}},"31":{"start":{"line":74,"column":4},"end":{"line":74,"column":44}},"32":{"start":{"line":78,"column":20},"end":{"line":83,"column":6}},"33":{"start":{"line":84,"column":19},"end":{"line":84,"column":48}},"34":{"start":{"line":85,"column":4},"end":{"line":85,"column":65}},"35":{"start":{"line":88,"column":91},"end":{"line":88,"column":95}},"36":{"start":{"line":89,"column":4},"end":{"line":92,"column":6}},"37":{"start":{"line":96,"column":17},"end":{"line":96,"column":75}},"38":{"start":{"line":97,"column":4},"end":{"line":99,"column":5}},"39":{"start":{"line":98,"column":6},"end":{"line":98,"column":59}},"40":{"start":{"line":101,"column":4},"end":{"line":103,"column":5}},"41":{"start":{"line":102,"column":6},"end":{"line":102,"column":57}},"42":{"start":{"line":106,"column":4},"end":{"line":109,"column":7}},"43":{"start":{"line":111,"column":4},"end":{"line":111,"column":44}},"44":{"start":{"line":115,"column":17},"end":{"line":115,"column":75}},"45":{"start":{"line":116,"column":4},"end":{"line":118,"column":5}},"46":{"start":{"line":117,"column":6},"end":{"line":117,"column":54}},"47":{"start":{"line":120,"column":32},"end":{"line":120,"column":89}},"48":{"start":{"line":121,"column":4},"end":{"line":123,"column":5}},"49":{"start":{"line":122,"column":6},"end":{"line":122,"column":56}},"50":{"start":{"line":125,"column":19},"end":{"line":130,"column":6}},"51":{"start":{"line":131,"column":4},"end":{"line":131,"column":65}},"52":{"start":{"line":132,"column":4},"end":{"line":132,"column":18}},"53":{"start":{"line":137,"column":4},"end":{"line":143,"column":5}},"54":{"start":{"line":138,"column":6},"end":{"line":140,"column":9}},"55":{"start":{"line":142,"column":6},"end":{"line":142,"column":64}},"56":{"start":{"line":145,"column":4},"end":{"line":147,"column":5}},"57":{"start":{"line":146,"column":6},"end":{"line":146,"column":64}},"58":{"start":{"line":149,"column":4},"end":{"line":149,"column":56}},"59":{"start":{"line":153,"column":4},"end":{"line":153,"column":71}},"60":{"start":{"line":157,"column":21},"end":{"line":166,"column":6}},"61":{"start":{"line":168,"column":4},"end":{"line":171,"column":6}},"62":{"start":{"line":175,"column":17},"end":{"line":175,"column":52}},"63":{"start":{"line":176,"column":4},"end":{"line":176,"column":71}},"64":{"start":{"line":180,"column":17},"end":{"line":180,"column":80}},"65":{"start":{"line":181,"column":4},"end":{"line":181,"column":78}},"66":{"start":{"line":181,"column":15},"end":{"line":181,"column":78}},"67":{"start":{"line":183,"column":16},"end":{"line":183,"column":70}},"68":{"start":{"line":184,"column":19},"end":{"line":184,"column":29}},"69":{"start":{"line":185,"column":4},"end":{"line":185,"column":48}},"70":{"start":{"line":187,"column":4},"end":{"line":190,"column":7}},"71":{"start":{"line":192,"column":4},"end":{"line":195,"column":6}},"72":{"start":{"line":197,"column":4},"end":{"line":197,"column":38}},"73":{"start":{"line":201,"column":17},"end":{"line":201,"column":80}},"74":{"start":{"line":202,"column":4},"end":{"line":204,"column":5}},"75":{"start":{"line":203,"column":6},"end":{"line":203,"column":78}},"76":{"start":{"line":206,"column":4},"end":{"line":208,"column":5}},"77":{"start":{"line":207,"column":6},"end":{"line":207,"column":53}},"78":{"start":{"line":210,"column":25},"end":{"line":210,"column":55}},"79":{"start":{"line":211,"column":4},"end":{"line":215,"column":7}},"80":{"start":{"line":217,"column":4},"end":{"line":217,"column":51}},"81":{"start":{"line":225,"column":15},"end":{"line":225,"column":60}},"82":{"start":{"line":227,"column":4},"end":{"line":241,"column":5}},"83":{"start":{"line":229,"column":29},"end":{"line":229,"column":66}},"84":{"start":{"line":230,"column":27},"end":{"line":230,"column":64}},"85":{"start":{"line":232,"column":6},"end":{"line":240,"column":9}},"86":{"start":{"line":243,"column":4},"end":{"line":243,"column":16}},"87":{"start":{"line":10,"column":13},"end":{"line":10,"column":24}},"88":{"start":{"line":10,"column":13},"end":{"line":245,"column":null}}},"fnMap":{"0":{"name":"(anonymous_11)","decl":{"start":{"line":11,"column":2},"end":{"line":11,"column":null}},"loc":{"start":{"line":15,"column":36},"end":{"line":16,"column":6}}},"1":{"name":"(anonymous_12)","decl":{"start":{"line":18,"column":2},"end":{"line":18,"column":7}},"loc":{"start":{"line":18,"column":33},"end":{"line":40,"column":3}}},"2":{"name":"(anonymous_13)","decl":{"start":{"line":42,"column":2},"end":{"line":42,"column":7}},"loc":{"start":{"line":42,"column":48},"end":{"line":49,"column":3}}},"3":{"name":"(anonymous_14)","decl":{"start":{"line":51,"column":2},"end":{"line":51,"column":7}},"loc":{"start":{"line":51,"column":23},"end":{"line":75,"column":3}}},"4":{"name":"(anonymous_15)","decl":{"start":{"line":77,"column":10},"end":{"line":77,"column":15}},"loc":{"start":{"line":77,"column":47},"end":{"line":93,"column":3}}},"5":{"name":"(anonymous_16)","decl":{"start":{"line":95,"column":2},"end":{"line":95,"column":7}},"loc":{"start":{"line":95,"column":45},"end":{"line":112,"column":3}}},"6":{"name":"(anonymous_17)","decl":{"start":{"line":114,"column":2},"end":{"line":114,"column":7}},"loc":{"start":{"line":114,"column":57},"end":{"line":133,"column":3}}},"7":{"name":"(anonymous_18)","decl":{"start":{"line":135,"column":2},"end":{"line":135,"column":7}},"loc":{"start":{"line":135,"column":48},"end":{"line":150,"column":3}}},"8":{"name":"(anonymous_19)","decl":{"start":{"line":152,"column":2},"end":{"line":152,"column":7}},"loc":{"start":{"line":152,"column":29},"end":{"line":154,"column":3}}},"9":{"name":"(anonymous_20)","decl":{"start":{"line":156,"column":10},"end":{"line":156,"column":15}},"loc":{"start":{"line":156,"column":38},"end":{"line":172,"column":3}}},"10":{"name":"(anonymous_21)","decl":{"start":{"line":174,"column":10},"end":{"line":174,"column":15}},"loc":{"start":{"line":174,"column":71},"end":{"line":177,"column":3}}},"11":{"name":"(anonymous_22)","decl":{"start":{"line":179,"column":2},"end":{"line":179,"column":7}},"loc":{"start":{"line":179,"column":36},"end":{"line":198,"column":3}}},"12":{"name":"(anonymous_23)","decl":{"start":{"line":200,"column":2},"end":{"line":200,"column":7}},"loc":{"start":{"line":200,"column":65},"end":{"line":218,"column":3}}},"13":{"name":"(anonymous_24)","decl":{"start":{"line":224,"column":2},"end":{"line":224,"column":7}},"loc":{"start":{"line":224,"column":45},"end":{"line":244,"column":3}}}},"branchMap":{"0":{"loc":{"start":{"line":20,"column":4},"end":{"line":22,"column":5}},"type":"if","locations":[{"start":{"line":20,"column":4},"end":{"line":22,"column":5}},{"start":{},"end":{}}]},"1":{"loc":{"start":{"line":24,"column":26},"end":{"line":24,"column":62}},"type":"binary-expr","locations":[{"start":{"line":24,"column":26},"end":{"line":24,"column":42}},{"start":{"line":24,"column":46},"end":{"line":24,"column":62}}]},"2":{"loc":{"start":{"line":30,"column":12},"end":{"line":30,"column":36}},"type":"binary-expr","locations":[{"start":{"line":30,"column":12},"end":{"line":30,"column":28}},{"start":{"line":30,"column":32},"end":{"line":30,"column":36}}]},"3":{"loc":{"start":{"line":31,"column":14},"end":{"line":31,"column":40}},"type":"binary-expr","locations":[{"start":{"line":31,"column":14},"end":{"line":31,"column":32}},{"start":{"line":31,"column":36},"end":{"line":31,"column":40}}]},"4":{"loc":{"start":{"line":33,"column":21},"end":{"line":33,"column":54}},"type":"binary-expr","locations":[{"start":{"line":33,"column":21},"end":{"line":33,"column":46}},{"start":{"line":33,"column":50},"end":{"line":33,"column":54}}]},"5":{"loc":{"start":{"line":34,"column":18},"end":{"line":36,"column":15}},"type":"cond-expr","locations":[{"start":{"line":35,"column":10},"end":{"line":35,"column":44}},{"start":{"line":36,"column":10},"end":{"line":36,"column":15}}]},"6":{"loc":{"start":{"line":34,"column":18},"end":{"line":34,"column":89}},"type":"binary-expr","locations":[{"start":{"line":34,"column":18},"end":{"line":34,"column":52}},{"start":{"line":34,"column":56},"end":{"line":34,"column":89}}]},"7":{"loc":{"start":{"line":44,"column":4},"end":{"line":47,"column":5}},"type":"if","locations":[{"start":{"line":44,"column":4},"end":{"line":47,"column":5}},{"start":{},"end":{}}]},"8":{"loc":{"start":{"line":44,"column":8},"end":{"line":44,"column":63}},"type":"binary-expr","locations":[{"start":{"line":44,"column":8},"end":{"line":44,"column":12}},{"start":{"line":44,"column":17},"end":{"line":44,"column":62}}]},"9":{"loc":{"start":{"line":52,"column":4},"end":{"line":72,"column":5}},"type":"if","locations":[{"start":{"line":52,"column":4},"end":{"line":72,"column":5}},{"start":{},"end":{}}]},"10":{"loc":{"start":{"line":97,"column":4},"end":{"line":99,"column":5}},"type":"if","locations":[{"start":{"line":97,"column":4},"end":{"line":99,"column":5}},{"start":{},"end":{}}]},"11":{"loc":{"start":{"line":97,"column":8},"end":{"line":97,"column":38}},"type":"binary-expr","locations":[{"start":{"line":97,"column":8},"end":{"line":97,"column":13}},{"start":{"line":97,"column":17},"end":{"line":97,"column":38}}]},"12":{"loc":{"start":{"line":101,"column":4},"end":{"line":103,"column":5}},"type":"if","locations":[{"start":{"line":101,"column":4},"end":{"line":103,"column":5}},{"start":{},"end":{}}]},"13":{"loc":{"start":{"line":116,"column":4},"end":{"line":118,"column":5}},"type":"if","locations":[{"start":{"line":116,"column":4},"end":{"line":118,"column":5}},{"start":{},"end":{}}]},"14":{"loc":{"start":{"line":116,"column":8},"end":{"line":116,"column":39}},"type":"binary-expr","locations":[{"start":{"line":116,"column":8},"end":{"line":116,"column":13}},{"start":{"line":116,"column":17},"end":{"line":116,"column":39}}]},"15":{"loc":{"start":{"line":121,"column":4},"end":{"line":123,"column":5}},"type":"if","locations":[{"start":{"line":121,"column":4},"end":{"line":123,"column":5}},{"start":{},"end":{}}]},"16":{"loc":{"start":{"line":145,"column":4},"end":{"line":147,"column":5}},"type":"if","locations":[{"start":{"line":145,"column":4},"end":{"line":147,"column":5}},{"start":{},"end":{}}]},"17":{"loc":{"start":{"line":181,"column":4},"end":{"line":181,"column":78}},"type":"if","locations":[{"start":{"line":181,"column":4},"end":{"line":181,"column":78}},{"start":{},"end":{}}]},"18":{"loc":{"start":{"line":202,"column":4},"end":{"line":204,"column":5}},"type":"if","locations":[{"start":{"line":202,"column":4},"end":{"line":204,"column":5}},{"start":{},"end":{}}]},"19":{"loc":{"start":{"line":202,"column":8},"end":{"line":202,"column":46}},"type":"binary-expr","locations":[{"start":{"line":202,"column":8},"end":{"line":202,"column":13}},{"start":{"line":202,"column":17},"end":{"line":202,"column":46}}]},"20":{"loc":{"start":{"line":206,"column":4},"end":{"line":208,"column":5}},"type":"if","locations":[{"start":{"line":206,"column":4},"end":{"line":208,"column":5}},{"start":{},"end":{}}]},"21":{"loc":{"start":{"line":227,"column":4},"end":{"line":241,"column":5}},"type":"if","locations":[{"start":{"line":227,"column":4},"end":{"line":241,"column":5}},{"start":{},"end":{}}]}},"s":{"0":1,"1":1,"2":1,"3":1,"4":1,"5":1,"6":1,"7":1,"8":18,"9":18,"10":18,"11":18,"12":4,"13":4,"14":1,"15":3,"16":3,"17":3,"18":3,"19":1,"20":1,"21":0,"22":0,"23":1,"24":5,"25":1,"26":1,"27":1,"28":1,"29":1,"30":1,"31":4,"32":5,"33":5,"34":5,"35":5,"36":5,"37":3,"38":3,"39":1,"40":2,"41":1,"42":1,"43":1,"44":2,"45":2,"46":2,"47":0,"48":0,"49":0,"50":0,"51":0,"52":0,"53":0,"54":0,"55":0,"56":0,"57":0,"58":0,"59":1,"60":5,"61":5,"62":5,"63":5,"64":2,"65":2,"66":1,"67":1,"68":1,"69":1,"70":1,"71":1,"72":1,"73":3,"74":3,"75":1,"76":2,"77":1,"78":1,"79":1,"80":1,"81":0,"82":0,"83":0,"84":0,"85":0,"86":0,"87":1,"88":1},"f":{"0":18,"1":4,"2":1,"3":5,"4":5,"5":3,"6":2,"7":0,"8":1,"9":5,"10":5,"11":2,"12":3,"13":0},"b":{"0":[1,3],"1":[3,0],"2":[3,0],"3":[3,0],"4":[3,3],"5":[2,1],"6":[3,1],"7":[0,1],"8":[1,0],"9":[1,4],"10":[1,2],"11":[3,3],"12":[1,1],"13":[2,0],"14":[2,1],"15":[0,0],"16":[0,0],"17":[1,1],"18":[1,2],"19":[3,3],"20":[1,1],"21":[0,0]}}
,"/home/kevin-mitnick/Faso-Care/backend/src/auth/jwt-auth.guard.ts": {"path":"/home/kevin-mitnick/Faso-Care/backend/src/auth/jwt-auth.guard.ts","statementMap":{"0":{"start":{"line":1,"column":0},"end":{"line":1,"column":44}},"1":{"start":{"line":2,"column":0},"end":{"line":2,"column":45}},"2":{"start":{"line":5,"column":7},"end":{"line":5,"column":null}},"3":{"start":{"line":5,"column":13},"end":{"line":5,"column":25}},"4":{"start":{"line":5,"column":13},"end":{"line":5,"column":null}}},"fnMap":{},"branchMap":{},"s":{"0":2,"1":2,"2":2,"3":2,"4":2},"f":{},"b":{}}
,"/home/kevin-mitnick/Faso-Care/backend/src/auth/jwt.strategy.ts": {"path":"/home/kevin-mitnick/Faso-Care/backend/src/auth/jwt.strategy.ts","statementMap":{"0":{"start":{"line":1,"column":0},"end":{"line":1,"column":52}},"1":{"start":{"line":2,"column":0},"end":{"line":2,"column":52}},"2":{"start":{"line":3,"column":0},"end":{"line":3,"column":44}},"3":{"start":{"line":4,"column":0},"end":{"line":4,"column":64}},"4":{"start":{"line":7,"column":7},"end":{"line":25,"column":null}},"5":{"start":{"line":9,"column":4},"end":{"line":13,"column":7}},"6":{"start":{"line":8,"column":31},"end":{"line":8,"column":39}},"7":{"start":{"line":17,"column":4},"end":{"line":23,"column":6}},"8":{"start":{"line":7,"column":13},"end":{"line":7,"column":24}},"9":{"start":{"line":7,"column":13},"end":{"line":25,"column":null}}},"fnMap":{"0":{"name":"(anonymous_2)","decl":{"start":{"line":8,"column":2},"end":{"line":8,"column":31}},"loc":{"start":{"line":8,"column":55},"end":{"line":14,"column":3}}},"1":{"name":"(anonymous_3)","decl":{"start":{"line":16,"column":2},"end":{"line":16,"column":7}},"loc":{"start":{"line":16,"column":29},"end":{"line":24,"column":3}}}},"branchMap":{},"s":{"0":0,"1":0,"2":0,"3":0,"4":0,"5":0,"6":0,"7":0,"8":0,"9":0},"f":{"0":0,"1":0},"b":{}}
,"/home/kevin-mitnick/Faso-Care/backend/src/auth/roles.decorator.ts": {"path":"/home/kevin-mitnick/Faso-Care/backend/src/auth/roles.decorator.ts","statementMap":{"0":{"start":{"line":1,"column":0},"end":{"line":1,"column":45}},"1":{"start":{"line":4,"column":13},"end":{"line":4,"column":33}},"2":{"start":{"line":5,"column":21},"end":{"line":5,"column":76}},"3":{"start":{"line":5,"column":47},"end":{"line":5,"column":76}},"4":{"start":{"line":5,"column":13},"end":{"line":5,"column":21}}},"fnMap":{"0":{"name":"(anonymous_0)","decl":{"start":{"line":5,"column":21},"end":{"line":5,"column":22}},"loc":{"start":{"line":5,"column":47},"end":{"line":5,"column":76}}}},"branchMap":{},"s":{"0":2,"1":2,"2":2,"3":28,"4":2},"f":{"0":28},"b":{}}
,"/home/kevin-mitnick/Faso-Care/backend/src/auth/roles.guard.ts": {"path":"/home/kevin-mitnick/Faso-Care/backend/src/auth/roles.guard.ts","statementMap":{"0":{"start":{"line":1,"column":0},"end":{"line":1,"column":75}},"1":{"start":{"line":2,"column":0},"end":{"line":2,"column":41}},"2":{"start":{"line":4,"column":0},"end":{"line":4,"column":46}},"3":{"start":{"line":7,"column":7},"end":{"line":21,"column":null}},"4":{"start":{"line":8,"column":22},"end":{"line":8,"column":33}},"5":{"start":{"line":11,"column":26},"end":{"line":14,"column":6}},"6":{"start":{"line":15,"column":4},"end":{"line":17,"column":5}},"7":{"start":{"line":16,"column":6},"end":{"line":16,"column":18}},"8":{"start":{"line":18,"column":21},"end":{"line":18,"column":56}},"9":{"start":{"line":19,"column":4},"end":{"line":19,"column":60}},"10":{"start":{"line":19,"column":40},"end":{"line":19,"column":58}},"11":{"start":{"line":7,"column":13},"end":{"line":7,"column":23}},"12":{"start":{"line":7,"column":13},"end":{"line":21,"column":null}}},"fnMap":{"0":{"name":"(anonymous_2)","decl":{"start":{"line":8,"column":2},"end":{"line":8,"column":22}},"loc":{"start":{"line":8,"column":42},"end":{"line":8,"column":46}}},"1":{"name":"(anonymous_3)","decl":{"start":{"line":10,"column":2},"end":{"line":10,"column":13}},"loc":{"start":{"line":10,"column":39},"end":{"line":20,"column":3}}},"2":{"name":"(anonymous_4)","decl":{"start":{"line":19,"column":30},"end":{"line":19,"column":31}},"loc":{"start":{"line":19,"column":40},"end":{"line":19,"column":58}}}},"branchMap":{"0":{"loc":{"start":{"line":15,"column":4},"end":{"line":17,"column":5}},"type":"if","locations":[{"start":{"line":15,"column":4},"end":{"line":17,"column":5}},{"start":{},"end":{}}]}},"s":{"0":2,"1":2,"2":2,"3":2,"4":17,"5":0,"6":0,"7":0,"8":0,"9":0,"10":0,"11":2,"12":2},"f":{"0":17,"1":0,"2":0},"b":{"0":[0,0]}}
,"/home/kevin-mitnick/Faso-Care/backend/src/auth/dto/login.dto.ts": {"path":"/home/kevin-mitnick/Faso-Care/backend/src/auth/dto/login.dto.ts","statementMap":{"0":{"start":{"line":1,"column":0},"end":{"line":1,"column":66}},"1":{"start":{"line":3,"column":0},"end":{"line":3,"column":13}},"2":{"start":{"line":6,"column":2},"end":{"line":6,"column":null}},"3":{"start":{"line":10,"column":2},"end":{"line":10,"column":null}}},"fnMap":{},"branchMap":{},"s":{"0":0,"1":0,"2":0,"3":0},"f":{},"b":{}}
,"/home/kevin-mitnick/Faso-Care/backend/src/auth/dto/register.dto.ts": {"path":"/home/kevin-mitnick/Faso-Care/backend/src/auth/dto/register.dto.ts","statementMap":{"0":{"start":{"line":1,"column":0},"end":{"line":1,"column":86}},"1":{"start":{"line":2,"column":0},"end":{"line":2,"column":60}},"2":{"start":{"line":4,"column":0},"end":{"line":4,"column":13}},"3":{"start":{"line":7,"column":2},"end":{"line":7,"column":null}},"4":{"start":{"line":11,"column":2},"end":{"line":11,"column":null}},"5":{"start":{"line":15,"column":2},"end":{"line":15,"column":null}},"6":{"start":{"line":19,"column":2},"end":{"line":19,"column":null}},"7":{"start":{"line":23,"column":2},"end":{"line":23,"column":null}},"8":{"start":{"line":27,"column":2},"end":{"line":27,"column":null}}},"fnMap":{},"branchMap":{},"s":{"0":0,"1":0,"2":0,"3":0,"4":0,"5":0,"6":0,"7":0,"8":0},"f":{},"b":{}}
,"/home/kevin-mitnick/Faso-Care/backend/src/common/encryption.service.ts": {"path":"/home/kevin-mitnick/Faso-Care/backend/src/common/encryption.service.ts","statementMap":{"0":{"start":{"line":1,"column":0},"end":{"line":1,"column":44}},"1":{"start":{"line":2,"column":0},"end":{"line":2,"column":33}},"2":{"start":{"line":5,"column":7},"end":{"line":23,"column":null}},"3":{"start":{"line":6,"column":19},"end":{"line":6,"column":45}},"4":{"start":{"line":7,"column":19},"end":{"line":7,"column":114}},"5":{"start":{"line":10,"column":15},"end":{"line":10,"column":37}},"6":{"start":{"line":11,"column":19},"end":{"line":11,"column":70}},"7":{"start":{"line":12,"column":20},"end":{"line":12,"column":39}},"8":{"start":{"line":13,"column":4},"end":{"line":13,"column":59}},"9":{"start":{"line":14,"column":4},"end":{"line":14,"column":80}},"10":{"start":{"line":18,"column":21},"end":{"line":18,"column":94}},"11":{"start":{"line":19,"column":20},"end":{"line":19,"column":70}},"12":{"start":{"line":20,"column":4},"end":{"line":20,"column":61}},"13":{"start":{"line":21,"column":4},"end":{"line":21,"column":32}},"14":{"start":{"line":5,"column":13},"end":{"line":5,"column":30}},"15":{"start":{"line":5,"column":13},"end":{"line":23,"column":null}}},"fnMap":{"0":{"name":"(anonymous_10)","decl":{"start":{"line":5,"column":7},"end":{"line":5,"column":13}},"loc":{"start":{"line":5,"column":7},"end":{"line":23,"column":1}}},"1":{"name":"(anonymous_11)","decl":{"start":{"line":9,"column":2},"end":{"line":9,"column":9}},"loc":{"start":{"line":9,"column":22},"end":{"line":15,"column":3}}},"2":{"name":"(anonymous_12)","decl":{"start":{"line":17,"column":2},"end":{"line":17,"column":9}},"loc":{"start":{"line":17,"column":43},"end":{"line":22,"column":3}}}},"branchMap":{"0":{"loc":{"start":{"line":7,"column":43},"end":{"line":7,"column":100}},"type":"binary-expr","locations":[{"start":{"line":7,"column":43},"end":{"line":7,"column":69}},{"start":{"line":7,"column":73},"end":{"line":7,"column":100}}]}},"s":{"0":0,"1":0,"2":0,"3":0,"4":0,"5":0,"6":0,"7":0,"8":0,"9":0,"10":0,"11":0,"12":0,"13":0,"14":0,"15":0},"f":{"0":0,"1":0,"2":0},"b":{"0":[0,0]}}
,"/home/kevin-mitnick/Faso-Care/backend/src/common/security.service.ts": {"path":"/home/kevin-mitnick/Faso-Care/backend/src/common/security.service.ts","statementMap":{"0":{"start":{"line":1,"column":0},"end":{"line":1,"column":44}},"1":{"start":{"line":2,"column":0},"end":{"line":2,"column":33}},"2":{"start":{"line":5,"column":7},"end":{"line":25,"column":null}},"3":{"start":{"line":6,"column":19},"end":{"line":6,"column":45}},"4":{"start":{"line":7,"column":19},"end":{"line":7,"column":109}},"5":{"start":{"line":8,"column":19},"end":{"line":8,"column":47}},"6":{"start":{"line":11,"column":19},"end":{"line":11,"column":75}},"7":{"start":{"line":12,"column":20},"end":{"line":12,"column":54}},"8":{"start":{"line":13,"column":4},"end":{"line":13,"column":37}},"9":{"start":{"line":14,"column":4},"end":{"line":14,"column":53}},"10":{"start":{"line":18,"column":34},"end":{"line":18,"column":49}},"11":{"start":{"line":19,"column":15},"end":{"line":19,"column":40}},"12":{"start":{"line":20,"column":21},"end":{"line":20,"column":74}},"13":{"start":{"line":21,"column":20},"end":{"line":21,"column":64}},"14":{"start":{"line":22,"column":4},"end":{"line":22,"column":40}},"15":{"start":{"line":23,"column":4},"end":{"line":23,"column":21}},"16":{"start":{"line":5,"column":13},"end":{"line":5,"column":28}},"17":{"start":{"line":5,"column":13},"end":{"line":25,"column":null}}},"fnMap":{"0":{"name":"(anonymous_10)","decl":{"start":{"line":5,"column":7},"end":{"line":5,"column":13}},"loc":{"start":{"line":5,"column":7},"end":{"line":25,"column":1}}},"1":{"name":"(anonymous_11)","decl":{"start":{"line":10,"column":2},"end":{"line":10,"column":9}},"loc":{"start":{"line":10,"column":22},"end":{"line":15,"column":3}}},"2":{"name":"(anonymous_12)","decl":{"start":{"line":17,"column":2},"end":{"line":17,"column":9}},"loc":{"start":{"line":17,"column":22},"end":{"line":24,"column":3}}}},"branchMap":{"0":{"loc":{"start":{"line":7,"column":43},"end":{"line":7,"column":95}},"type":"binary-expr","locations":[{"start":{"line":7,"column":43},"end":{"line":7,"column":69}},{"start":{"line":7,"column":73},"end":{"line":7,"column":95}}]}},"s":{"0":0,"1":0,"2":0,"3":0,"4":0,"5":0,"6":0,"7":0,"8":0,"9":0,"10":0,"11":0,"12":0,"13":0,"14":0,"15":0,"16":0,"17":0},"f":{"0":0,"1":0,"2":0},"b":{"0":[0,0]}}
,"/home/kevin-mitnick/Faso-Care/backend/src/common/sms.service.ts": {"path":"/home/kevin-mitnick/Faso-Care/backend/src/common/sms.service.ts","statementMap":{"0":{"start":{"line":1,"column":0},"end":{"line":1,"column":44}},"1":{"start":{"line":4,"column":7},"end":{"line":10,"column":null}},"2":{"start":{"line":6,"column":4},"end":{"line":6,"column":52}},"3":{"start":{"line":8,"column":4},"end":{"line":8,"column":33}},"4":{"start":{"line":4,"column":13},"end":{"line":4,"column":23}},"5":{"start":{"line":4,"column":13},"end":{"line":10,"column":null}}},"fnMap":{"0":{"name":"(anonymous_1)","decl":{"start":{"line":5,"column":2},"end":{"line":5,"column":7}},"loc":{"start":{"line":5,"column":43},"end":{"line":9,"column":3}}}},"branchMap":{},"s":{"0":0,"1":0,"2":0,"3":0,"4":0,"5":0},"f":{"0":0},"b":{}}
,"/home/kevin-mitnick/Faso-Care/backend/src/common/audit/audit.interceptor.ts": {"path":"/home/kevin-mitnick/Faso-Care/backend/src/common/audit/audit.interceptor.ts","statementMap":{"0":{"start":{"line":1,"column":0},"end":{"line":1,"column":100}},"1":{"start":{"line":3,"column":0},"end":{"line":3,"column":37}},"2":{"start":{"line":4,"column":0},"end":{"line":4,"column":37}},"3":{"start":{"line":5,"column":0},"end":{"line":5,"column":51}},"4":{"start":{"line":6,"column":0},"end":{"line":6,"column":55}},"5":{"start":{"line":9,"column":29},"end":{"line":74,"column":null}},"6":{"start":{"line":14,"column":12},"end":{"line":14,"column":32}},"7":{"start":{"line":10,"column":19},"end":{"line":10,"column":62}},"8":{"start":{"line":18,"column":20},"end":{"line":18,"column":55}},"9":{"start":{"line":19,"column":19},"end":{"line":19,"column":33}},"10":{"start":{"line":22,"column":4},"end":{"line":24,"column":5}},"11":{"start":{"line":23,"column":6},"end":{"line":23,"column":27}},"12":{"start":{"line":26,"column":36},"end":{"line":26,"column":43}},"13":{"start":{"line":27,"column":22},"end":{"line":27,"column":47}},"14":{"start":{"line":29,"column":4},"end":{"line":47,"column":6}},"15":{"start":{"line":31,"column":8},"end":{"line":45,"column":9}},"16":{"start":{"line":32,"column":27},"end":{"line":32,"column":41}},"17":{"start":{"line":33,"column":10},"end":{"line":33,"column":53}},"18":{"start":{"line":34,"column":10},"end":{"line":34,"column":35}},"19":{"start":{"line":35,"column":10},"end":{"line":35,"column":34}},"20":{"start":{"line":36,"column":10},"end":{"line":36,"column":53}},"21":{"start":{"line":37,"column":10},"end":{"line":37,"column":56}},"22":{"start":{"line":38,"column":10},"end":{"line":38,"column":34}},"23":{"start":{"line":39,"column":10},"end":{"line":39,"column":41}},"24":{"start":{"line":41,"column":10},"end":{"line":41,"column":55}},"25":{"start":{"line":42,"column":10},"end":{"line":42,"column":141}},"26":{"start":{"line":44,"column":10},"end":{"line":44,"column":63}},"27":{"start":{"line":51,"column":4},"end":{"line":51,"column":33}},"28":{"start":{"line":51,"column":18},"end":{"line":51,"column":33}},"29":{"start":{"line":52,"column":22},"end":{"line":52,"column":36}},"30":{"start":{"line":53,"column":28},"end":{"line":64,"column":6}},"31":{"start":{"line":66,"column":4},"end":{"line":70,"column":7}},"32":{"start":{"line":67,"column":6},"end":{"line":69,"column":7}},"33":{"start":{"line":68,"column":8},"end":{"line":68,"column":33}},"34":{"start":{"line":72,"column":4},"end":{"line":72,"column":21}},"35":{"start":{"line":9,"column":13},"end":{"line":9,"column":29}},"36":{"start":{"line":9,"column":13},"end":{"line":74,"column":null}}},"fnMap":{"0":{"name":"(anonymous_4)","decl":{"start":{"line":12,"column":2},"end":{"line":12,"column":null}},"loc":{"start":{"line":14,"column":52},"end":{"line":15,"column":6}}},"1":{"name":"(anonymous_5)","decl":{"start":{"line":17,"column":2},"end":{"line":17,"column":11}},"loc":{"start":{"line":17,"column":56},"end":{"line":48,"column":3}}},"2":{"name":"(anonymous_6)","decl":{"start":{"line":30,"column":10},"end":{"line":30,"column":15}},"loc":{"start":{"line":30,"column":25},"end":{"line":46,"column":7}}},"3":{"name":"(anonymous_7)","decl":{"start":{"line":50,"column":10},"end":{"line":50,"column":25}},"loc":{"start":{"line":50,"column":38},"end":{"line":73,"column":3}}},"4":{"name":"(anonymous_8)","decl":{"start":{"line":66,"column":28},"end":{"line":66,"column":33}},"loc":{"start":{"line":66,"column":36},"end":{"line":70,"column":5}}}},"branchMap":{"0":{"loc":{"start":{"line":22,"column":4},"end":{"line":24,"column":5}},"type":"if","locations":[{"start":{"line":22,"column":4},"end":{"line":24,"column":5}},{"start":{},"end":{}}]},"1":{"loc":{"start":{"line":33,"column":28},"end":{"line":33,"column":52}},"type":"binary-expr","locations":[{"start":{"line":33,"column":28},"end":{"line":33,"column":40}},{"start":{"line":33,"column":44},"end":{"line":33,"column":52}}]},"2":{"loc":{"start":{"line":36,"column":32},"end":{"line":36,"column":52}},"type":"binary-expr","locations":[{"start":{"line":36,"column":32},"end":{"line":36,"column":40}},{"start":{"line":36,"column":44},"end":{"line":36,"column":52}}]},"3":{"loc":{"start":{"line":42,"column":61},"end":{"line":42,"column":100}},"type":"binary-expr","locations":[{"start":{"line":42,"column":61},"end":{"line":42,"column":73}},{"start":{"line":42,"column":77},"end":{"line":42,"column":85}},{"start":{"line":42,"column":89},"end":{"line":42,"column":100}}]},"4":{"loc":{"start":{"line":51,"column":4},"end":{"line":51,"column":33}},"type":"if","locations":[{"start":{"line":51,"column":4},"end":{"line":51,"column":33}},{"start":{},"end":{}}]},"5":{"loc":{"start":{"line":67,"column":6},"end":{"line":69,"column":7}},"type":"if","locations":[{"start":{"line":67,"column":6},"end":{"line":69,"column":7}},{"start":{},"end":{}}]}},"s":{"0":0,"1":0,"2":0,"3":0,"4":0,"5":0,"6":0,"7":0,"8":0,"9":0,"10":0,"11":0,"12":0,"13":0,"14":0,"15":0,"16":0,"17":0,"18":0,"19":0,"20":0,"21":0,"22":0,"23":0,"24":0,"25":0,"26":0,"27":0,"28":0,"29":0,"30":0,"31":0,"32":0,"33":0,"34":0,"35":0,"36":0},"f":{"0":0,"1":0,"2":0,"3":0,"4":0},"b":{"0":[0,0],"1":[0,0],"2":[0,0],"3":[0,0,0],"4":[0,0],"5":[0,0]}}
,"/home/kevin-mitnick/Faso-Care/backend/src/common/audit/audit.module.ts": {"path":"/home/kevin-mitnick/Faso-Care/backend/src/common/audit/audit.module.ts","statementMap":{"0":{"start":{"line":1,"column":0},"end":{"line":1,"column":40}},"1":{"start":{"line":2,"column":0},"end":{"line":2,"column":48}},"2":{"start":{"line":3,"column":0},"end":{"line":3,"column":55}},"3":{"start":{"line":4,"column":0},"end":{"line":4,"column":55}},"4":{"start":{"line":11,"column":7},"end":{"line":11,"column":null}},"5":{"start":{"line":11,"column":13},"end":{"line":11,"column":24}},"6":{"start":{"line":11,"column":13},"end":{"line":11,"column":null}}},"fnMap":{},"branchMap":{},"s":{"0":0,"1":0,"2":0,"3":0,"4":0,"5":0,"6":0},"f":{},"b":{}}
,"/home/kevin-mitnick/Faso-Care/backend/src/common/audit/entities/audit-log.entity.ts": {"path":"/home/kevin-mitnick/Faso-Care/backend/src/common/audit/entities/audit-log.entity.ts","statementMap":{"0":{"start":{"line":1,"column":0},"end":{"line":1,"column":94}},"1":{"start":{"line":2,"column":0},"end":{"line":2,"column":59}},"2":{"start":{"line":5,"column":7},"end":{"line":35,"column":null}},"3":{"start":{"line":5,"column":13},"end":{"line":5,"column":21}},"4":{"start":{"line":7,"column":2},"end":{"line":7,"column":null}},"5":{"start":{"line":10,"column":2},"end":{"line":10,"column":null}},"6":{"start":{"line":9,"column":19},"end":{"line":9,"column":23}},"7":{"start":{"line":13,"column":2},"end":{"line":13,"column":null}},"8":{"start":{"line":16,"column":2},"end":{"line":16,"column":null}},"9":{"start":{"line":19,"column":2},"end":{"line":19,"column":null}},"10":{"start":{"line":22,"column":2},"end":{"line":22,"column":null}},"11":{"start":{"line":25,"column":2},"end":{"line":25,"column":null}},"12":{"start":{"line":28,"column":2},"end":{"line":28,"column":null}},"13":{"start":{"line":31,"column":2},"end":{"line":31,"column":null}},"14":{"start":{"line":34,"column":2},"end":{"line":34,"column":null}},"15":{"start":{"line":5,"column":13},"end":{"line":35,"column":null}}},"fnMap":{"0":{"name":"(anonymous_2)","decl":{"start":{"line":9,"column":13},"end":{"line":9,"column":16}},"loc":{"start":{"line":9,"column":19},"end":{"line":9,"column":23}}}},"branchMap":{},"s":{"0":0,"1":0,"2":0,"3":0,"4":0,"5":0,"6":0,"7":0,"8":0,"9":0,"10":0,"11":0,"12":0,"13":0,"14":0,"15":0},"f":{"0":0},"b":{}}
,"/home/kevin-mitnick/Faso-Care/backend/src/common/encryption/encryption.module.ts": {"path":"/home/kevin-mitnick/Faso-Care/backend/src/common/encryption/encryption.module.ts","statementMap":{"0":{"start":{"line":1,"column":0},"end":{"line":1,"column":40}},"1":{"start":{"line":2,"column":0},"end":{"line":2,"column":57}},"2":{"start":{"line":8,"column":7},"end":{"line":8,"column":null}},"3":{"start":{"line":8,"column":13},"end":{"line":8,"column":29}},"4":{"start":{"line":8,"column":13},"end":{"line":8,"column":null}}},"fnMap":{},"branchMap":{},"s":{"0":0,"1":0,"2":0,"3":0,"4":0},"f":{},"b":{}}
,"/home/kevin-mitnick/Faso-Care/backend/src/common/encryption/encryption.service.ts": {"path":"/home/kevin-mitnick/Faso-Care/backend/src/common/encryption/encryption.service.ts","statementMap":{"0":{"start":{"line":1,"column":0},"end":{"line":1,"column":52}},"1":{"start":{"line":2,"column":0},"end":{"line":2,"column":47}},"2":{"start":{"line":3,"column":0},"end":{"line":3,"column":38}},"3":{"start":{"line":10,"column":30},"end":{"line":67,"column":null}},"4":{"start":{"line":14,"column":22},"end":{"line":14,"column":37}},"5":{"start":{"line":11,"column":19},"end":{"line":11,"column":63}},"6":{"start":{"line":15,"column":4},"end":{"line":15,"column":76}},"7":{"start":{"line":16,"column":4},"end":{"line":22,"column":5}},"8":{"start":{"line":17,"column":6},"end":{"line":17,"column":93}},"9":{"start":{"line":19,"column":6},"end":{"line":21,"column":7}},"10":{"start":{"line":20,"column":8},"end":{"line":20,"column":63}},"11":{"start":{"line":29,"column":4},"end":{"line":29,"column":29}},"12":{"start":{"line":29,"column":16},"end":{"line":29,"column":29}},"13":{"start":{"line":30,"column":4},"end":{"line":35,"column":5}},"14":{"start":{"line":31,"column":6},"end":{"line":31,"column":68}},"15":{"start":{"line":33,"column":6},"end":{"line":33,"column":54}},"16":{"start":{"line":34,"column":6},"end":{"line":34,"column":43}},"17":{"start":{"line":42,"column":4},"end":{"line":42,"column":47}},"18":{"start":{"line":42,"column":25},"end":{"line":42,"column":47}},"19":{"start":{"line":43,"column":4},"end":{"line":49,"column":5}},"20":{"start":{"line":44,"column":20},"end":{"line":44,"column":72}},"21":{"start":{"line":45,"column":6},"end":{"line":45,"column":47}},"22":{"start":{"line":47,"column":6},"end":{"line":47,"column":56}},"23":{"start":{"line":48,"column":6},"end":{"line":48,"column":67}},"24":{"start":{"line":57,"column":4},"end":{"line":57,"column":49}},"25":{"start":{"line":57,"column":36},"end":{"line":57,"column":49}},"26":{"start":{"line":58,"column":4},"end":{"line":58,"column":59}},"27":{"start":{"line":65,"column":4},"end":{"line":65,"column":62}},"28":{"start":{"line":10,"column":13},"end":{"line":10,"column":30}},"29":{"start":{"line":10,"column":13},"end":{"line":67,"column":null}}},"fnMap":{"0":{"name":"(anonymous_11)","decl":{"start":{"line":14,"column":2},"end":{"line":14,"column":22}},"loc":{"start":{"line":14,"column":50},"end":{"line":23,"column":3}}},"1":{"name":"(anonymous_12)","decl":{"start":{"line":28,"column":2},"end":{"line":28,"column":9}},"loc":{"start":{"line":28,"column":23},"end":{"line":36,"column":3}}},"2":{"name":"(anonymous_13)","decl":{"start":{"line":41,"column":2},"end":{"line":41,"column":9}},"loc":{"start":{"line":41,"column":32},"end":{"line":50,"column":3}}},"3":{"name":"(anonymous_14)","decl":{"start":{"line":56,"column":2},"end":{"line":56,"column":11}},"loc":{"start":{"line":56,"column":25},"end":{"line":59,"column":3}}},"4":{"name":"(anonymous_15)","decl":{"start":{"line":64,"column":2},"end":{"line":64,"column":15}},"loc":{"start":{"line":64,"column":29},"end":{"line":66,"column":3}}}},"branchMap":{"0":{"loc":{"start":{"line":15,"column":21},"end":{"line":15,"column":75}},"type":"binary-expr","locations":[{"start":{"line":15,"column":21},"end":{"line":15,"column":69}},{"start":{"line":15,"column":73},"end":{"line":15,"column":75}}]},"1":{"loc":{"start":{"line":16,"column":4},"end":{"line":22,"column":5}},"type":"if","locations":[{"start":{"line":16,"column":4},"end":{"line":22,"column":5}},{"start":{},"end":{}}]},"2":{"loc":{"start":{"line":19,"column":6},"end":{"line":21,"column":7}},"type":"if","locations":[{"start":{"line":19,"column":6},"end":{"line":21,"column":7}},{"start":{},"end":{}}]},"3":{"loc":{"start":{"line":29,"column":4},"end":{"line":29,"column":29}},"type":"if","locations":[{"start":{"line":29,"column":4},"end":{"line":29,"column":29}},{"start":{},"end":{}}]},"4":{"loc":{"start":{"line":42,"column":4},"end":{"line":42,"column":47}},"type":"if","locations":[{"start":{"line":42,"column":4},"end":{"line":42,"column":47}},{"start":{},"end":{}}]},"5":{"loc":{"start":{"line":57,"column":4},"end":{"line":57,"column":49}},"type":"if","locations":[{"start":{"line":57,"column":4},"end":{"line":57,"column":49}},{"start":{},"end":{}}]},"6":{"loc":{"start":{"line":57,"column":8},"end":{"line":57,"column":34}},"type":"binary-expr","locations":[{"start":{"line":57,"column":8},"end":{"line":57,"column":14}},{"start":{"line":57,"column":18},"end":{"line":57,"column":34}}]}},"s":{"0":0,"1":0,"2":0,"3":0,"4":0,"5":0,"6":0,"7":0,"8":0,"9":0,"10":0,"11":0,"12":0,"13":0,"14":0,"15":0,"16":0,"17":0,"18":0,"19":0,"20":0,"21":0,"22":0,"23":0,"24":0,"25":0,"26":0,"27":0,"28":0,"29":0},"f":{"0":0,"1":0,"2":0,"3":0,"4":0},"b":{"0":[0,0],"1":[0,0],"2":[0,0],"3":[0,0],"4":[0,0],"5":[0,0],"6":[0,0]}}
,"/home/kevin-mitnick/Faso-Care/backend/src/common/encryption/encryption.transformer.ts": {"path":"/home/kevin-mitnick/Faso-Care/backend/src/common/encryption/encryption.transformer.ts","statementMap":{"0":{"start":{"line":2,"column":0},"end":{"line":2,"column":38}},"1":{"start":{"line":11,"column":16},"end":{"line":11,"column":42}},"2":{"start":{"line":12,"column":4},"end":{"line":14,"column":5}},"3":{"start":{"line":13,"column":6},"end":{"line":13,"column":52}},"4":{"start":{"line":15,"column":4},"end":{"line":15,"column":15}},"5":{"start":{"line":20,"column":4},"end":{"line":20,"column":58}},"6":{"start":{"line":20,"column":45},"end":{"line":20,"column":58}},"7":{"start":{"line":21,"column":4},"end":{"line":25,"column":5}},"8":{"start":{"line":22,"column":6},"end":{"line":22,"column":89}},"9":{"start":{"line":24,"column":6},"end":{"line":24,"column":19}},"10":{"start":{"line":30,"column":4},"end":{"line":30,"column":58}},"11":{"start":{"line":30,"column":45},"end":{"line":30,"column":58}},"12":{"start":{"line":31,"column":4},"end":{"line":37,"column":5}},"13":{"start":{"line":32,"column":20},"end":{"line":32,"column":84}},"14":{"start":{"line":33,"column":24},"end":{"line":33,"column":57}},"15":{"start":{"line":34,"column":6},"end":{"line":34,"column":32}},"16":{"start":{"line":36,"column":6},"end":{"line":36,"column":19}},"17":{"start":{"line":9,"column":0},"end":{"line":9,"column":13}}},"fnMap":{"0":{"name":"(anonymous_9)","decl":{"start":{"line":10,"column":10},"end":{"line":10,"column":16}},"loc":{"start":{"line":10,"column":34},"end":{"line":16,"column":3}}},"1":{"name":"(anonymous_10)","decl":{"start":{"line":19,"column":2},"end":{"line":19,"column":4}},"loc":{"start":{"line":19,"column":24},"end":{"line":26,"column":3}}},"2":{"name":"(anonymous_11)","decl":{"start":{"line":29,"column":2},"end":{"line":29,"column":6}},"loc":{"start":{"line":29,"column":26},"end":{"line":38,"column":3}}}},"branchMap":{"0":{"loc":{"start":{"line":12,"column":4},"end":{"line":14,"column":5}},"type":"if","locations":[{"start":{"line":12,"column":4},"end":{"line":14,"column":5}},{"start":{},"end":{}}]},"1":{"loc":{"start":{"line":20,"column":4},"end":{"line":20,"column":58}},"type":"if","locations":[{"start":{"line":20,"column":4},"end":{"line":20,"column":58}},{"start":{},"end":{}}]},"2":{"loc":{"start":{"line":20,"column":8},"end":{"line":20,"column":43}},"type":"binary-expr","locations":[{"start":{"line":20,"column":8},"end":{"line":20,"column":14}},{"start":{"line":20,"column":18},"end":{"line":20,"column":43}}]},"3":{"loc":{"start":{"line":30,"column":4},"end":{"line":30,"column":58}},"type":"if","locations":[{"start":{"line":30,"column":4},"end":{"line":30,"column":58}},{"start":{},"end":{}}]},"4":{"loc":{"start":{"line":30,"column":8},"end":{"line":30,"column":43}},"type":"binary-expr","locations":[{"start":{"line":30,"column":8},"end":{"line":30,"column":14}},{"start":{"line":30,"column":18},"end":{"line":30,"column":43}}]},"5":{"loc":{"start":{"line":34,"column":13},"end":{"line":34,"column":31}},"type":"binary-expr","locations":[{"start":{"line":34,"column":13},"end":{"line":34,"column":22}},{"start":{"line":34,"column":26},"end":{"line":34,"column":31}}]}},"s":{"0":9,"1":0,"2":0,"3":0,"4":0,"5":0,"6":0,"7":0,"8":0,"9":0,"10":0,"11":0,"12":0,"13":0,"14":0,"15":0,"16":0,"17":9},"f":{"0":0,"1":0,"2":0},"b":{"0":[0,0],"1":[0,0],"2":[0,0],"3":[0,0],"4":[0,0],"5":[0,0]}}
[...]
":141,"column":87}},"62":{"start":{"line":142,"column":8},"end":{"line":151,"column":9}},"63":{"start":{"line":143,"column":10},"end":{"line":150,"column":null}},"64":{"start":{"line":152,"column":8},"end":{"line":152,"column":null}},"65":{"start":{"line":154,"column":8},"end":{"line":154,"column":null}},"66":{"start":{"line":158,"column":4},"end":{"line":173,"column":5}},"67":{"start":{"line":159,"column":6},"end":{"line":172,"column":7}},"68":{"start":{"line":160,"column":30},"end":{"line":160,"column":81}},"69":{"start":{"line":161,"column":8},"end":{"line":163,"column":9}},"70":{"start":{"line":162,"column":10},"end":{"line":162,"column":null}},"71":{"start":{"line":164,"column":21},"end":{"line":164,"column":37}},"72":{"start":{"line":165,"column":8},"end":{"line":169,"column":null}},"73":{"start":{"line":171,"column":8},"end":{"line":171,"column":null}},"74":{"start":{"line":175,"column":4},"end":{"line":179,"column":5}},"75":{"start":{"line":176,"column":6},"end":{"line":178,"column":null}},"76":{"start":{"line":181,"column":4},"end":{"line":184,"column":5}},"77":{"start":{"line":182,"column":6},"end":{"line":182,"column":null}},"78":{"start":{"line":183,"column":6},"end":{"line":183,"column":null}},"79":{"start":{"line":186,"column":4},"end":{"line":186,"column":null}},"80":{"start":{"line":190,"column":4},"end":{"line":199,"column":5}},"81":{"start":{"line":191,"column":6},"end":{"line":191,"column":null}},"82":{"start":{"line":192,"column":6},"end":{"line":198,"column":null}},"83":{"start":{"line":201,"column":4},"end":{"line":204,"column":5}},"84":{"start":{"line":202,"column":6},"end":{"line":202,"column":null}},"85":{"start":{"line":203,"column":6},"end":{"line":203,"column":null}},"86":{"start":{"line":206,"column":28},"end":{"line":211,"column":null}},"87":{"start":{"line":213,"column":21},"end":{"line":213,"column":42}},"88":{"start":{"line":214,"column":4},"end":{"line":214,"column":null}},"89":{"start":{"line":214,"column":19},"end":{"line":214,"column":null}},"90":{"start":{"line":216,"column":4},"end":{"line":223,"column":5}},"91":{"start":{"line":217,"column":6},"end":{"line":222,"column":null}},"92":{"start":{"line":225,"column":26},"end":{"line":225,"column":45}},"93":{"start":{"line":226,"column":23},"end":{"line":226,"column":115}},"94":{"start":{"line":228,"column":4},"end":{"line":234,"column":5}},"95":{"start":{"line":229,"column":6},"end":{"line":233,"column":null}},"96":{"start":{"line":236,"column":24},"end":{"line":236,"column":71}},"97":{"start":{"line":237,"column":25},"end":{"line":237,"column":70}},"98":{"start":{"line":239,"column":4},"end":{"line":245,"column":null}},"99":{"start":{"line":249,"column":4},"end":{"line":257,"column":5}},"100":{"start":{"line":250,"column":6},"end":{"line":250,"column":null}},"101":{"start":{"line":251,"column":6},"end":{"line":256,"column":null}},"102":{"start":{"line":259,"column":4},"end":{"line":262,"column":5}},"103":{"start":{"line":260,"column":6},"end":{"line":260,"column":null}},"104":{"start":{"line":261,"column":6},"end":{"line":261,"column":null}},"105":{"start":{"line":264,"column":4},"end":{"line":269,"column":5}},"106":{"start":{"line":265,"column":6},"end":{"line":268,"column":null}},"107":{"start":{"line":271,"column":4},"end":{"line":271,"column":null}},"108":{"start":{"line":275,"column":4},"end":{"line":283,"column":5}},"109":{"start":{"line":276,"column":6},"end":{"line":276,"column":null}},"110":{"start":{"line":277,"column":6},"end":{"line":282,"column":null}},"111":{"start":{"line":285,"column":4},"end":{"line":288,"column":5}},"112":{"start":{"line":286,"column":6},"end":{"line":286,"column":null}},"113":{"start":{"line":287,"column":6},"end":{"line":287,"column":null}},"114":{"start":{"line":290,"column":4},"end":{"line":290,"column":null}},"115":{"start":{"line":22,"column":13},"end":{"line":22,"column":24}},"116":{"start":{"line":22,"column":13},"end":{"line":292,"column":null}}},"fnMap":{"0":{"name":"(anonymous_5)","decl":{"start":{"line":23,"column":2},"end":{"line":23,"column":null}},"loc":{"start":{"line":31,"column":33},"end":{"line":32,"column":6}}},"1":{"name":"(anonymous_6)","decl":{"start":{"line":34,"column":2},"end":{"line":34,"column":7}},"loc":{"start":{"line":34,"column":72},"end":{"line":115,"column":3}}},"2":{"name":"(anonymous_7)","decl":{"start":{"line":117,"column":10},"end":{"line":117,"column":21}},"loc":{"start":{"line":117,"column":32},"end":{"line":126,"column":3}}},"3":{"name":"(anonymous_8)","decl":{"start":{"line":128,"column":10},"end":{"line":128,"column":15}},"loc":{"start":{"line":128,"column":83},"end":{"line":187,"column":3}}},"4":{"name":"(anonymous_9)","decl":{"start":{"line":189,"column":10},"end":{"line":189,"column":15}},"loc":{"start":{"line":189,"column":88},"end":{"line":246,"column":3}}},"5":{"name":"(anonymous_10)","decl":{"start":{"line":248,"column":10},"end":{"line":248,"column":28}},"loc":{"start":{"line":248,"column":79},"end":{"line":272,"column":3}}},"6":{"name":"(anonymous_11)","decl":{"start":{"line":274,"column":10},"end":{"line":274,"column":26}},"loc":{"start":{"line":274,"column":77},"end":{"line":291,"column":3}}}},"branchMap":{"0":{"loc":{"start":{"line":39,"column":4},"end":{"line":50,"column":5}},"type":"if","locations":[{"start":{"line":39,"column":4},"end":{"line":50,"column":5}},{"start":{"line":48,"column":11},"end":{"line":50,"column":5}}]},"1":{"loc":{"start":{"line":57,"column":4},"end":{"line":60,"column":5}},"type":"if","locations":[{"start":{"line":57,"column":4},"end":{"line":60,"column":5}},{"start":{},"end":{}}]},"2":{"loc":{"start":{"line":64,"column":19},"end":{"line":64,"column":55}},"type":"cond-expr","locations":[{"start":{"line":64,"column":34},"end":{"line":64,"column":36}},{"start":{"line":64,"column":39},"end":{"line":64,"column":55}}]},"3":{"loc":{"start":{"line":67,"column":4},"end":{"line":71,"column":5}},"type":"if","locations":[{"start":{"line":67,"column":4},"end":{"line":71,"column":5}},{"start":{},"end":{}}]},"4":{"loc":{"start":{"line":77,"column":4},"end":{"line":99,"column":5}},"type":"switch","locations":[{"start":{"line":78,"column":6},"end":{"line":80,"column":14}},{"start":{"line":81,"column":6},"end":{"line":83,"column":14}},{"start":{"line":84,"column":6},"end":{"line":86,"column":14}},{"start":{"line":87,"column":6},"end":{"line":89,"column":14}},{"start":{"line":90,"column":6},"end":{"line":93,"column":139}},{"start":{"line":94,"column":6},"end":{"line":96,"column":125}},{"start":{"line":97,"column":6},"end":{"line":98,"column":100}}]},"5":{"loc":{"start":{"line":102,"column":4},"end":{"line":112,"column":5}},"type":"if","locations":[{"start":{"line":102,"column":4},"end":{"line":112,"column":5}},{"start":{"line":109,"column":11},"end":{"line":112,"column":5}}]},"6":{"loc":{"start":{"line":106,"column":6},"end":{"line":108,"column":7}},"type":"if","locations":[{"start":{"line":106,"column":6},"end":{"line":108,"column":7}},{"start":{},"end":{}}]},"7":{"loc":{"start":{"line":129,"column":4},"end":{"line":137,"column":5}},"type":"if","locations":[{"start":{"line":129,"column":4},"end":{"line":137,"column":5}},{"start":{},"end":{}}]},"8":{"loc":{"start":{"line":139,"column":4},"end":{"line":156,"column":5}},"type":"if","locations":[{"start":{"line":139,"column":4},"end":{"line":156,"column":5}},{"start":{},"end":{}}]},"9":{"loc":{"start":{"line":142,"column":8},"end":{"line":151,"column":9}},"type":"if","locations":[{"start":{"line":142,"column":8},"end":{"line":151,"column":9}},{"start":{},"end":{}}]},"10":{"loc":{"start":{"line":150,"column":12},"end":{"line":150,"column":118}},"type":"cond-expr","locations":[{"start":{"line":150,"column":39},"end":{"line":150,"column":101}},{"start":{"line":150,"column":104},"end":{"line":150,"column":118}}]},"11":{"loc":{"start":{"line":158,"column":4},"end":{"line":173,"column":5}},"type":"if","locations":[{"start":{"line":158,"column":4},"end":{"line":173,"column":5}},{"start":{},"end":{}}]},"12":{"loc":{"start":{"line":161,"column":8},"end":{"line":163,"column":9}},"type":"if","locations":[{"start":{"line":161,"column":8},"end":{"line":163,"column":9}},{"start":{},"end":{}}]},"13":{"loc":{"start":{"line":168,"column":15},"end":{"line":168,"column":41}},"type":"binary-expr","locations":[{"start":{"line":168,"column":15},"end":{"line":168,"column":32}},{"start":{"line":168,"column":36},"end":{"line":168,"column":41}}]},"14":{"loc":{"start":{"line":169,"column":14},"end":{"line":169,"column":37}},"type":"binary-expr","locations":[{"start":{"line":169,"column":14},"end":{"line":169,"column":28}},{"start":{"line":169,"column":32},"end":{"line":169,"column":37}}]},"15":{"loc":{"start":{"line":175,"column":4},"end":{"line":179,"column":5}},"type":"if","locations":[{"start":{"line":175,"column":4},"end":{"line":179,"column":5}},{"start":{},"end":{}}]},"16":{"loc":{"start":{"line":181,"column":4},"end":{"line":184,"column":5}},"type":"if","locations":[{"start":{"line":181,"column":4},"end":{"line":184,"column":5}},{"start":{},"end":{}}]},"17":{"loc":{"start":{"line":190,"column":4},"end":{"line":199,"column":5}},"type":"if","locations":[{"start":{"line":190,"column":4},"end":{"line":199,"column":5}},{"start":{},"end":{}}]},"18":{"loc":{"start":{"line":201,"column":4},"end":{"line":204,"column":5}},"type":"if","locations":[{"start":{"line":201,"column":4},"end":{"line":204,"column":5}},{"start":{},"end":{}}]},"19":{"loc":{"start":{"line":214,"column":4},"end":{"line":214,"column":null}},"type":"if","locations":[{"start":{"line":214,"column":4},"end":{"line":214,"column":null}},{"start":{},"end":{}}]},"20":{"loc":{"start":{"line":216,"column":4},"end":{"line":223,"column":5}},"type":"if","locations":[{"start":{"line":216,"column":4},"end":{"line":223,"column":5}},{"start":{},"end":{}}]},"21":{"loc":{"start":{"line":226,"column":23},"end":{"line":226,"column":115}},"type":"binary-expr","locations":[{"start":{"line":226,"column":23},"end":{"line":226,"column":98}},{"start":{"line":226,"column":102},"end":{"line":226,"column":115}}]},"22":{"loc":{"start":{"line":228,"column":4},"end":{"line":234,"column":5}},"type":"if","locations":[{"start":{"line":228,"column":4},"end":{"line":234,"column":5}},{"start":{},"end":{}}]},"23":{"loc":{"start":{"line":237,"column":25},"end":{"line":237,"column":70}},"type":"binary-expr","locations":[{"start":{"line":237,"column":25},"end":{"line":237,"column":57}},{"start":{"line":237,"column":61},"end":{"line":237,"column":70}}]},"24":{"loc":{"start":{"line":249,"column":4},"end":{"line":257,"column":5}},"type":"if","locations":[{"start":{"line":249,"column":4},"end":{"line":257,"column":5}},{"start":{},"end":{}}]},"25":{"loc":{"start":{"line":259,"column":4},"end":{"line":262,"column":5}},"type":"if","locations":[{"start":{"line":259,"column":4},"end":{"line":262,"column":5}},{"start":{},"end":{}}]},"26":{"loc":{"start":{"line":264,"column":4},"end":{"line":269,"column":5}},"type":"if","locations":[{"start":{"line":264,"column":4},"end":{"line":269,"column":5}},{"start":{},"end":{}}]},"27":{"loc":{"start":{"line":275,"column":4},"end":{"line":283,"column":5}},"type":"if","locations":[{"start":{"line":275,"column":4},"end":{"line":283,"column":5}},{"start":{},"end":{}}]},"28":{"loc":{"start":{"line":285,"column":4},"end":{"line":288,"column":5}},"type":"if","locations":[{"start":{"line":285,"column":4},"end":{"line":288,"column":5}},{"start":{},"end":{}}]}},"s":{"0":1,"1":1,"2":1,"3":1,"4":1,"5":1,"6":1,"7":1,"8":1,"9":1,"10":8,"11":8,"12":8,"13":8,"14":8,"15":8,"16":8,"17":8,"18":8,"19":8,"20":0,"21":8,"22":8,"23":8,"24":1,"25":1,"26":7,"27":7,"28":7,"29":1,"30":1,"31":1,"32":6,"33":6,"34":6,"35":3,"36":3,"37":1,"38":1,"39":0,"40":0,"41":1,"42":1,"43":0,"44":0,"45":0,"46":0,"47":0,"48":1,"49":6,"50":3,"51":3,"52":1,"53":3,"54":6,"55":2,"56":3,"57":1,"58":1,"59":2,"60":1,"61":1,"62":1,"63":1,"64":0,"65":0,"66":1,"67":1,"68":1,"69":1,"70":0,"71":1,"72":1,"73":0,"74":0,"75":0,"76":0,"77":0,"78":0,"79":0,"80":1,"81":0,"82":0,"83":1,"84":0,"85":0,"86":1,"87":1,"88":1,"89":0,"90":1,"91":0,"92":1,"93":1,"94":1,"95":0,"96":1,"97":1,"98":1,"99":0,"100":0,"101":0,"102":0,"103":0,"104":0,"105":0,"106":0,"107":0,"108":1,"109":1,"110":1,"111":0,"112":0,"113":0,"114":0,"115":1,"116":1},"f":{"0":8,"1":8,"2":2,"3":3,"4":1,"5":0,"6":1},"b":{"0":[8,0],"1":[1,7],"2":[1,6],"3":[1,6],"4":[3,1,0,1,0,0,1],"5":[3,3],"6":[1,2],"7":[1,2],"8":[1,1],"9":[1,0],"10":[1,0],"11":[1,0],"12":[0,1],"13":[1,0],"14":[1,0],"15":[0,0],"16":[0,0],"17":[0,1],"18":[0,1],"19":[0,1],"20":[0,1],"21":[1,0],"22":[0,1],"23":[1,0],"24":[0,0],"25":[0,0],"26":[0,0],"27":[1,0],"28":[0,0]}}
,"/home/kevin-mitnick/Faso-Care/backend/src/vaccination/vaccination.controller.ts": {"path":"/home/kevin-mitnick/Faso-Care/backend/src/vaccination/vaccination.controller.ts","statementMap":{"0":{"start":{"line":1,"column":0},"end":{"line":1,"column":108}},"1":{"start":{"line":2,"column":0},"end":{"line":2,"column":59}},"2":{"start":{"line":3,"column":0},"end":{"line":3,"column":54}},"3":{"start":{"line":4,"column":0},"end":{"line":4,"column":49}},"4":{"start":{"line":5,"column":0},"end":{"line":5,"column":48}},"5":{"start":{"line":6,"column":0},"end":{"line":6,"column":57}},"6":{"start":{"line":7,"column":0},"end":{"line":7,"column":54}},"7":{"start":{"line":11,"column":7},"end":{"line":37,"column":null}},"8":{"start":{"line":13,"column":21},"end":{"line":13,"column":41}},"9":{"start":{"line":14,"column":21},"end":{"line":14,"column":35}},"10":{"start":{"line":20,"column":4},"end":{"line":22,"column":5}},"11":{"start":{"line":21,"column":6},"end":{"line":21,"column":74}},"12":{"start":{"line":23,"column":4},"end":{"line":28,"column":5}},"13":{"start":{"line":24,"column":27},"end":{"line":24,"column":87}},"14":{"start":{"line":25,"column":6},"end":{"line":27,"column":7}},"15":{"start":{"line":26,"column":8},"end":{"line":26,"column":88}},"16":{"start":{"line":29,"column":4},"end":{"line":29,"column":53}},"17":{"start":{"line":35,"column":4},"end":{"line":35,"column":48}},"18":{"start":{"line":11,"column":13},"end":{"line":11,"column":34}},"19":{"start":{"line":19,"column":8},"end":{"line":30,"column":null}},"20":{"start":{"line":34,"column":8},"end":{"line":36,"column":null}},"21":{"start":{"line":11,"column":13},"end":{"line":37,"column":null}}},"fnMap":{"0":{"name":"(anonymous_4)","decl":{"start":{"line":12,"column":2},"end":{"line":12,"column":null}},"loc":{"start":{"line":14,"column":47},"end":{"line":15,"column":6}}},"1":{"name":"(anonymous_5)","decl":{"start":{"line":19,"column":8},"end":{"line":19,"column":18}},"loc":{"start":{"line":19,"column":63},"end":{"line":30,"column":3}}},"2":{"name":"(anonymous_6)","decl":{"start":{"line":34,"column":8},"end":{"line":34,"column":17}},"loc":{"start":{"line":34,"column":35},"end":{"line":36,"column":3}}}},"branchMap":{"0":{"loc":{"start":{"line":20,"column":4},"end":{"line":22,"column":5}},"type":"if","locations":[{"start":{"line":20,"column":4},"end":{"line":22,"column":5}},{"start":{},"end":{}}]},"1":{"loc":{"start":{"line":20,"column":8},"end":{"line":20,"column":68}},"type":"binary-expr","locations":[{"start":{"line":20,"column":8},"end":{"line":20,"column":42}},{"start":{"line":20,"column":46},"end":{"line":20,"column":68}}]},"2":{"loc":{"start":{"line":23,"column":4},"end":{"line":28,"column":5}},"type":"if","locations":[{"start":{"line":23,"column":4},"end":{"line":28,"column":5}},{"start":{},"end":{}}]},"3":{"loc":{"start":{"line":25,"column":6},"end":{"line":27,"column":7}},"type":"if","locations":[{"start":{"line":25,"column":6},"end":{"line":27,"column":7}},{"start":{},"end":{}}]}},"s":{"0":0,"1":0,"2":0,"3":0,"4":0,"5":0,"6":0,"7":0,"8":0,"9":0,"10":0,"11":0,"12":0,"13":0,"14":0,"15":0,"16":0,"17":0,"18":0,"19":0,"20":0,"21":0},"f":{"0":0,"1":0,"2":0},"b":{"0":[0,0],"1":[0,0],"2":[0,0],"3":[0,0]}}
,"/home/kevin-mitnick/Faso-Care/backend/src/vaccination/vaccination.module.ts": {"path":"/home/kevin-mitnick/Faso-Care/backend/src/vaccination/vaccination.module.ts","statementMap":{"0":{"start":{"line":1,"column":0},"end":{"line":1,"column":40}},"1":{"start":{"line":2,"column":0},"end":{"line":2,"column":48}},"2":{"start":{"line":3,"column":0},"end":{"line":3,"column":59}},"3":{"start":{"line":4,"column":0},"end":{"line":4,"column":65}},"4":{"start":{"line":5,"column":0},"end":{"line":5,"column":73}},"5":{"start":{"line":6,"column":0},"end":{"line":6,"column":52}},"6":{"start":{"line":14,"column":7},"end":{"line":14,"column":null}},"7":{"start":{"line":14,"column":13},"end":{"line":14,"column":30}},"8":{"start":{"line":14,"column":13},"end":{"line":14,"column":null}}},"fnMap":{},"branchMap":{},"s":{"0":0,"1":0,"2":0,"3":0,"4":0,"5":0,"6":0,"7":0,"8":0},"f":{},"b":{}}
,"/home/kevin-mitnick/Faso-Care/backend/src/vaccination/vaccination.service.ts": {"path":"/home/kevin-mitnick/Faso-Care/backend/src/vaccination/vaccination.service.ts","statementMap":{"0":{"start":{"line":1,"column":0},"end":{"line":1,"column":44}},"1":{"start":{"line":2,"column":0},"end":{"line":2,"column":51}},"2":{"start":{"line":3,"column":0},"end":{"line":3,"column":37}},"3":{"start":{"line":4,"column":0},"end":{"line":4,"column":73}},"4":{"start":{"line":7,"column":7},"end":{"line":31,"column":null}},"5":{"start":{"line":10,"column":12},"end":{"line":10,"column":35}},"6":{"start":{"line":14,"column":4},"end":{"line":17,"column":7}},"7":{"start":{"line":21,"column":4},"end":{"line":24,"column":7}},"8":{"start":{"line":28,"column":22},"end":{"line":28,"column":63}},"9":{"start":{"line":29,"column":4},"end":{"line":29,"column":54}},"10":{"start":{"line":7,"column":13},"end":{"line":7,"column":31}},"11":{"start":{"line":7,"column":13},"end":{"line":31,"column":null}}},"fnMap":{"0":{"name":"(anonymous_4)","decl":{"start":{"line":8,"column":2},"end":{"line":8,"column":null}},"loc":{"start":{"line":10,"column":64},"end":{"line":11,"column":6}}},"1":{"name":"(anonymous_5)","decl":{"start":{"line":13,"column":2},"end":{"line":13,"column":7}},"loc":{"start":{"line":13,"column":39},"end":{"line":18,"column":3}}},"2":{"name":"(anonymous_6)","decl":{"start":{"line":20,"column":2},"end":{"line":20,"column":7}},"loc":{"start":{"line":20,"column":46},"end":{"line":25,"column":3}}},"3":{"name":"(anonymous_7)","decl":{"start":{"line":27,"column":2},"end":{"line":27,"column":7}},"loc":{"start":{"line":27,"column":49},"end":{"line":30,"column":3}}}},"branchMap":{},"s":{"0":2,"1":2,"2":2,"3":2,"4":2,"5":3,"6":1,"7":0,"8":1,"9":1,"10":2,"11":2},"f":{"0":3,"1":1,"2":0,"3":1},"b":{}}
,"/home/kevin-mitnick/Faso-Care/backend/src/vaccination/entities/vaccination-record.entity.ts": {"path":"/home/kevin-mitnick/Faso-Care/backend/src/vaccination/entities/vaccination-record.entity.ts","statementMap":{"0":{"start":{"line":1,"column":0},"end":{"line":1,"column":94}},"1":{"start":{"line":2,"column":0},"end":{"line":2,"column":56}},"2":{"start":{"line":3,"column":0},"end":{"line":3,"column":87}},"3":{"start":{"line":6,"column":7},"end":{"line":30,"column":null}},"4":{"start":{"line":6,"column":13},"end":{"line":6,"column":30}},"5":{"start":{"line":8,"column":2},"end":{"line":8,"column":null}},"6":{"start":{"line":11,"column":2},"end":{"line":11,"column":null}},"7":{"start":{"line":10,"column":19},"end":{"line":10,"column":23}},"8":{"start":{"line":14,"column":2},"end":{"line":14,"column":null}},"9":{"start":{"line":17,"column":2},"end":{"line":17,"column":null}},"10":{"start":{"line":20,"column":2},"end":{"line":20,"column":null}},"11":{"start":{"line":26,"column":2},"end":{"line":26,"column":null}},"12":{"start":{"line":29,"column":2},"end":{"line":29,"column":null}},"13":{"start":{"line":6,"column":13},"end":{"line":30,"column":null}}},"fnMap":{"0":{"name":"(anonymous_2)","decl":{"start":{"line":10,"column":13},"end":{"line":10,"column":16}},"loc":{"start":{"line":10,"column":19},"end":{"line":10,"column":23}}}},"branchMap":{},"s":{"0":3,"1":3,"2":3,"3":3,"4":3,"5":3,"6":3,"7":0,"8":3,"9":3,"10":3,"11":3,"12":3,"13":3},"f":{"0":0},"b":{}}
}
