TN:
SF:src/app.controller.ts
FN:6,(anonymous_2)
FN:9,(anonymous_3)
FN:14,(anonymous_4)
FNF:3
FNH:0
FNDA:0,(anonymous_2)
FNDA:0,(anonymous_3)
FNDA:0,(anonymous_4)
DA:1,0
DA:2,0
DA:5,0
DA:6,0
DA:9,0
DA:10,0
DA:14,0
DA:15,0
LF:8
LH:0
BRF:0
BRH:0
end_of_record
TN:
SF:src/app.module.ts
FN:40,(anonymous_1)
FN:48,(anonymous_2)
FN:76,(anonymous_3)
FNF:3
FNH:0
FNDA:0,(anonymous_1)
FNDA:0,(anonymous_2)
FNDA:0,(anonymous_3)
DA:1,0
DA:2,0
DA:3,0
DA:4,0
DA:5,0
DA:6,0
DA:7,0
DA:8,0
DA:9,0
DA:10,0
DA:11,0
DA:12,0
DA:13,0
DA:14,0
DA:15,0
DA:16,0
DA:17,0
DA:18,0
DA:19,0
DA:20,0
DA:21,0
DA:22,0
DA:23,0
DA:24,0
DA:25,0
DA:26,0
DA:27,0
DA:40,0
DA:48,0
DA:76,0
DA:99,0
LF:31
LH:0
BRDA:55,0,0,0
BRDA:55,0,1,0
BRDA:55,1,0,0
BRDA:55,1,1,0
BRDA:59,2,0,0
BRDA:59,2,1,0
BRDA:59,2,2,0
BRF:7
BRH:0
end_of_record
TN:
SF:src/app.service.ts
FN:5,(anonymous_1)
FNF:1
FNH:0
FNDA:0,(anonymous_1)
DA:1,0
DA:4,0
DA:6,0
LF:3
LH:0
BRF:0
BRH:0
end_of_record
TN:
SF:src/data-source.ts
FNF:0
FNH:0
DA:1,0
DA:2,0
DA:5,0
DA:7,0
LF:4
LH:0
BRDA:9,0,0,0
BRDA:9,0,1,0
BRDA:10,1,0,0
BRDA:10,1,1,0
BRDA:11,2,0,0
BRDA:11,2,1,0
BRDA:12,3,0,0
BRDA:12,3,1,0
BRDA:13,4,0,0
BRDA:13,4,1,0
BRDA:14,5,0,0
BRDA:14,5,1,0
BRF:12
BRH:0
end_of_record
TN:
SF:src/main.ts
FN:8,bootstrap
FN:24,(anonymous_2)
FN:30,(anonymous_3)
FN:131,(anonymous_4)
FNF:4
FNH:0
FNDA:0,bootstrap
FNDA:0,(anonymous_2)
FNDA:0,(anonymous_3)
FNDA:0,(anonymous_4)
DA:1,0
DA:2,0
DA:3,0
DA:4,0
DA:5,0
DA:6,0
DA:9,0
DA:10,0
DA:12,0
DA:15,0
DA:23,0
DA:25,0
DA:26,0
DA:30,0
DA:31,0
DA:33,0
DA:34,0
DA:43,0
DA:70,0
DA:73,0
DA:109,0
DA:110,0
DA:111,0
DA:121,0
DA:123,0
DA:124,0
DA:125,0
DA:126,0
DA:128,0
DA:131,0
DA:132,0
DA:133,0
LF:32
LH:0
BRDA:26,0,0,0
BRDA:26,0,1,0
BRDA:30,1,0,0
BRDA:30,1,1,0
BRDA:30,2,0,0
BRDA:30,2,1,0
BRDA:30,2,2,0
BRDA:109,3,0,0
BRDA:109,3,1,0
BRDA:125,4,0,0
BRDA:125,4,1,0
BRF:11
BRH:0
end_of_record
TN:
SF:src/ai/ai.controller.ts
FN:6,(anonymous_4)
FN:9,(anonymous_5)
FN:14,(anonymous_6)
FN:20,(anonymous_7)
FNF:4
FNH:0
FNDA:0,(anonymous_4)
FNDA:0,(anonymous_5)
FNDA:0,(anonymous_6)
FNDA:0,(anonymous_7)
DA:1,0
DA:2,0
DA:5,0
DA:6,0
DA:9,0
DA:10,0
DA:14,0
DA:15,0
DA:16,0
DA:20,0
DA:21,0
LF:11
LH:0
BRF:0
BRH:0
end_of_record
TN:
SF:src/ai/ai.module.ts
FNF:0
FNH:0
DA:1,0
DA:2,0
DA:3,0
DA:4,0
DA:12,0
LF:5
LH:0
BRF:0
BRH:0
end_of_record
TN:
SF:src/ai/ai.service.ts
FN:28,(anonymous_2)
FN:34,(anonymous_3)
FN:50,(anonymous_4)
FN:81,(anonymous_5)
FN:150,(anonymous_6)
FN:169,(anonymous_7)
FNF:6
FNH:0
FNDA:0,(anonymous_2)
FNDA:0,(anonymous_3)
FNDA:0,(anonymous_4)
FNDA:0,(anonymous_5)
FNDA:0,(anonymous_6)
FNDA:0,(anonymous_7)
DA:1,0
DA:2,0
DA:22,0
DA:23,0
DA:26,0
DA:28,0
DA:29,0
DA:30,0
DA:31,0
DA:35,0
DA:37,0
DA:38,0
DA:41,0
DA:42,0
DA:44,0
DA:45,0
DA:46,0
DA:51,0
DA:53,0
DA:64,0
DA:65,0
DA:68,0
DA:69,0
DA:71,0
DA:82,0
DA:88,0
DA:104,0
DA:106,0
DA:107,0
DA:108,0
DA:109,0
DA:110,0
DA:115,0
DA:116,0
DA:123,0
DA:124,0
DA:125,0
DA:126,0
DA:127,0
DA:128,0
DA:129,0
DA:130,0
DA:131,0
DA:132,0
DA:133,0
DA:134,0
DA:136,0
DA:137,0
DA:138,0
DA:141,0
DA:151,0
DA:170,0
DA:171,0
DA:174,0
DA:175,0
DA:185,0
DA:186,0
DA:188,0
DA:189,0
DA:190,0
LF:60
LH:0
BRDA:37,0,0,0
BRDA:37,0,1,0
BRDA:37,1,0,0
BRDA:37,1,1,0
BRDA:64,2,0,0
BRDA:64,2,1,0
BRDA:72,3,0,0
BRDA:72,3,1,0
BRDA:73,4,0,0
BRDA:73,4,1,0
BRDA:74,5,0,0
BRDA:74,5,1,0
BRDA:75,6,0,0
BRDA:75,6,1,0
BRDA:104,7,0,0
BRDA:104,7,1,0
BRDA:104,8,0,0
BRDA:104,8,1,0
BRDA:106,9,0,0
BRDA:106,9,1,0
BRDA:109,10,0,0
BRDA:109,10,1,0
BRDA:115,11,0,0
BRDA:115,11,1,0
BRDA:115,12,0,0
BRDA:115,12,1,0
BRDA:115,12,2,0
BRDA:123,13,0,0
BRDA:123,13,1,0
BRDA:127,14,0,0
BRDA:127,14,1,0
BRDA:131,15,0,0
BRDA:131,15,1,0
BRDA:153,16,0,0
BRDA:153,16,1,0
BRDA:153,17,0,0
BRDA:153,17,1,0
BRDA:154,18,0,0
BRDA:154,18,1,0
BRDA:155,19,0,0
BRDA:155,19,1,0
BRDA:170,20,0,0
BRDA:170,20,1,0
BRDA:170,21,0,0
BRDA:170,21,1,0
BRF:45
BRH:0
end_of_record
TN:
SF:src/auth/auth.controller.ts
FN:23,(anonymous_4)
FN:29,(anonymous_5)
FN:35,(anonymous_6)
FN:53,(anonymous_7)
FN:85,(anonymous_8)
FN:127,(anonymous_9)
FN:159,(anonymous_10)
FN:195,(anonymous_11)
FN:200,(anonymous_12)
FN:206,(anonymous_13)
FN:212,(anonymous_14)
FN:217,(anonymous_15)
FN:222,(anonymous_16)
FNF:13
FNH:0
FNDA:0,(anonymous_4)
FNDA:0,(anonymous_5)
FNDA:0,(anonymous_6)
FNDA:0,(anonymous_7)
FNDA:0,(anonymous_8)
FNDA:0,(anonymous_9)
FNDA:0,(anonymous_10)
FNDA:0,(anonymous_11)
FNDA:0,(anonymous_12)
FNDA:0,(anonymous_13)
FNDA:0,(anonymous_14)
FNDA:0,(anonymous_15)
FNDA:0,(anonymous_16)
DA:1,0
DA:11,0
DA:12,0
DA:13,0
DA:14,0
DA:15,0
DA:16,0
DA:17,0
DA:20,0
DA:21,0
DA:24,0
DA:25,0
DA:26,0
DA:30,0
DA:35,0
DA:36,0
DA:40,0
DA:41,0
DA:43,0
DA:53,0
DA:54,0
DA:55,0
DA:61,0
DA:63,0
DA:65,0
DA:72,0
DA:73,0
DA:74,0
DA:85,0
DA:88,0
DA:89,0
DA:95,0
DA:96,0
DA:99,0
DA:102,0
DA:105,0
DA:107,0
DA:114,0
DA:115,0
DA:116,0
DA:127,0
DA:128,0
DA:129,0
DA:135,0
DA:137,0
DA:139,0
DA:146,0
DA:147,0
DA:148,0
DA:159,0
DA:162,0
DA:163,0
DA:169,0
DA:170,0
DA:173,0
DA:176,0
DA:179,0
DA:181,0
DA:188,0
DA:189,0
DA:190,0
DA:195,0
DA:196,0
DA:200,0
DA:201,0
DA:206,0
DA:207,0
DA:212,0
DA:213,0
DA:217,0
DA:218,0
DA:222,0
DA:225,0
LF:73
LH:0
BRDA:30,0,0,0
BRDA:30,0,1,0
BRDA:40,1,0,0
BRDA:40,1,1,0
BRDA:95,2,0,0
BRDA:95,2,1,0
BRDA:169,3,0,0
BRDA:169,3,1,0
BRF:8
BRH:0
end_of_record
TN:
SF:src/auth/auth.module.ts
FN:21,(anonymous_1)
FNF:1
FNH:0
FNDA:0,(anonymous_1)
DA:1,0
DA:2,0
DA:3,0
DA:4,0
DA:5,0
DA:6,0
DA:7,0
DA:9,0
DA:10,0
DA:11,0
DA:21,0
DA:34,0
LF:12
LH:0
BRF:0
BRH:0
end_of_record
TN:
SF:src/auth/auth.service.ts
FN:11,(anonymous_11)
FN:18,(anonymous_12)
FN:42,(anonymous_13)
FN:51,(anonymous_14)
FN:77,(anonymous_15)
FN:95,(anonymous_16)
FN:114,(anonymous_17)
FN:135,(anonymous_18)
FN:152,(anonymous_19)
FN:156,(anonymous_20)
FN:174,(anonymous_21)
FN:179,(anonymous_22)
FN:200,(anonymous_23)
FN:224,(anonymous_24)
FNF:14
FNH:12
FNDA:18,(anonymous_11)
FNDA:4,(anonymous_12)
FNDA:1,(anonymous_13)
FNDA:5,(anonymous_14)
FNDA:5,(anonymous_15)
FNDA:3,(anonymous_16)
FNDA:2,(anonymous_17)
FNDA:0,(anonymous_18)
FNDA:1,(anonymous_19)
FNDA:5,(anonymous_20)
FNDA:5,(anonymous_21)
FNDA:2,(anonymous_22)
FNDA:3,(anonymous_23)
FNDA:0,(anonymous_24)
DA:1,1
DA:2,1
DA:3,1
DA:4,1
DA:5,1
DA:6,1
DA:7,1
DA:10,1
DA:12,18
DA:13,18
DA:14,18
DA:15,18
DA:19,4
DA:20,4
DA:21,1
DA:24,3
DA:25,3
DA:27,3
DA:39,3
DA:43,1
DA:44,1
DA:45,0
DA:46,0
DA:48,1
DA:52,5
DA:53,1
DA:54,1
DA:55,1
DA:57,1
DA:62,1
DA:67,1
DA:74,4
DA:78,5
DA:84,5
DA:85,5
DA:88,5
DA:89,5
DA:96,3
DA:97,3
DA:98,1
DA:101,2
DA:102,1
DA:106,1
DA:111,1
DA:115,2
DA:116,2
DA:117,2
DA:120,0
DA:121,0
DA:122,0
DA:125,0
DA:131,0
DA:132,0
DA:137,0
DA:138,0
DA:142,0
DA:145,0
DA:146,0
DA:149,0
DA:153,1
DA:157,5
DA:168,5
DA:175,5
DA:176,5
DA:180,2
DA:181,2
DA:183,1
DA:184,1
DA:185,1
DA:187,1
DA:192,1
DA:197,1
DA:201,3
DA:202,3
DA:203,1
DA:206,2
DA:207,1
DA:210,1
DA:211,1
DA:217,1
DA:225,0
DA:227,0
DA:229,0
DA:230,0
DA:232,0
DA:243,0
LF:86
LH:66
BRDA:20,0,0,1
BRDA:20,0,1,3
BRDA:24,1,0,3
BRDA:24,1,1,0
BRDA:30,2,0,3
BRDA:30,2,1,0
BRDA:31,3,0,3
BRDA:31,3,1,0
BRDA:33,4,0,3
BRDA:33,4,1,3
BRDA:34,5,0,2
BRDA:34,5,1,1
BRDA:34,6,0,3
BRDA:34,6,1,1
BRDA:44,7,0,0
BRDA:44,7,1,1
BRDA:44,8,0,1
BRDA:44,8,1,0
BRDA:52,9,0,1
BRDA:52,9,1,4
BRDA:97,10,0,1
BRDA:97,10,1,2
BRDA:97,11,0,3
BRDA:97,11,1,3
BRDA:101,12,0,1
BRDA:101,12,1,1
BRDA:116,13,0,2
BRDA:116,13,1,0
BRDA:116,14,0,2
BRDA:116,14,1,1
BRDA:121,15,0,0
BRDA:121,15,1,0
BRDA:145,16,0,0
BRDA:145,16,1,0
BRDA:181,17,0,1
BRDA:181,17,1,1
BRDA:202,18,0,1
BRDA:202,18,1,2
BRDA:202,19,0,3
BRDA:202,19,1,3
BRDA:206,20,0,1
BRDA:206,20,1,1
BRDA:227,21,0,0
BRDA:227,21,1,0
BRF:44
BRH:32
end_of_record
TN:
SF:src/auth/jwt-auth.guard.ts
FNF:0
FNH:0
DA:1,2
DA:2,2
DA:5,2
LF:3
LH:3
BRF:0
BRH:0
end_of_record
TN:
SF:src/auth/jwt.strategy.ts
FN:8,(anonymous_2)
FN:16,(anonymous_3)
FNF:2
FNH:0
FNDA:0,(anonymous_2)
FNDA:0,(anonymous_3)
DA:1,0
DA:2,0
DA:3,0
DA:4,0
DA:7,0
DA:8,0
DA:9,0
DA:17,0
LF:8
LH:0
BRF:0
BRH:0
end_of_record
TN:
SF:src/auth/roles.decorator.ts
FN:5,(anonymous_0)
FNF:1
FNH:1
FNDA:28,(anonymous_0)
DA:1,2
DA:4,2
DA:5,28
LF:3
LH:3
BRF:0
BRH:0
end_of_record
TN:
SF:src/auth/roles.guard.ts
FN:8,(anonymous_2)
FN:10,(anonymous_3)
FN:19,(anonymous_4)
FNF:3
FNH:1
FNDA:17,(anonymous_2)
FNDA:0,(anonymous_3)
FNDA:0,(anonymous_4)
DA:1,2
DA:2,2
DA:4,2
DA:7,2
DA:8,17
DA:11,0
DA:15,0
DA:16,0
DA:18,0
DA:19,0
LF:10
LH:5
BRDA:15,0,0,0
BRDA:15,0,1,0
BRF:2
BRH:0
end_of_record
TN:
SF:src/auth/dto/login.dto.ts
FNF:0
FNH:0
DA:1,0
DA:3,0
DA:6,0
DA:10,0
LF:4
LH:0
BRF:0
BRH:0
end_of_record
TN:
SF:src/auth/dto/register.dto.ts
FNF:0
FNH:0
DA:1,0
DA:2,0
DA:4,0
DA:7,0
DA:11,0
DA:15,0
DA:19,0
DA:23,0
DA:27,0
LF:9
LH:0
BRF:0
BRH:0
end_of_record
TN:
SF:src/common/encryption.service.ts
FN:5,(anonymous_10)
FN:9,(anonymous_11)
FN:17,(anonymous_12)
FNF:3
FNH:0
FNDA:0,(anonymous_10)
FNDA:0,(anonymous_11)
FNDA:0,(anonymous_12)
DA:1,0
DA:2,0
DA:5,0
DA:6,0
DA:7,0
DA:10,0
DA:11,0
DA:12,0
DA:13,0
DA:14,0
DA:18,0
DA:19,0
DA:20,0
DA:21,0
LF:14
LH:0
BRDA:7,0,0,0
BRDA:7,0,1,0
BRF:2
BRH:0
end_of_record
TN:
SF:src/common/security.service.ts
FN:5,(anonymous_10)
FN:10,(anonymous_11)
FN:17,(anonymous_12)
FNF:3
FNH:0
FNDA:0,(anonymous_10)
FNDA:0,(anonymous_11)
FNDA:0,(anonymous_12)
DA:1,0
DA:2,0
DA:5,0
DA:6,0
DA:7,0
DA:8,0
DA:11,0
DA:12,0
DA:13,0
DA:14,0
DA:18,0
DA:19,0
DA:20,0
DA:21,0
DA:22,0
DA:23,0
LF:16
LH:0
BRDA:7,0,0,0
BRDA:7,0,1,0
BRF:2
BRH:0
end_of_record
TN:
SF:src/common/sms.service.ts
FN:5,(anonymous_1)
FNF:1
FNH:0
FNDA:0,(anonymous_1)
DA:1,0
DA:4,0
DA:6,0
DA:8,0
LF:4
LH:0
BRF:0
BRH:0
end_of_record
TN:
SF:src/common/audit/audit.interceptor.ts
FN:12,(anonymous_4)
FN:17,(anonymous_5)
FN:30,(anonymous_6)
FN:50,(anonymous_7)
FN:66,(anonymous_8)
FNF:5
FNH:0
FNDA:0,(anonymous_4)
FNDA:0,(anonymous_5)
FNDA:0,(anonymous_6)
FNDA:0,(anonymous_7)
FNDA:0,(anonymous_8)
DA:1,0
DA:3,0
DA:4,0
DA:5,0
DA:6,0
DA:9,0
DA:10,0
DA:14,0
DA:18,0
DA:19,0
DA:22,0
DA:23,0
DA:26,0
DA:27,0
DA:29,0
DA:31,0
DA:32,0
DA:33,0
DA:34,0
DA:35,0
DA:36,0
DA:37,0
DA:38,0
DA:39,0
DA:41,0
DA:42,0
DA:44,0
DA:51,0
DA:52,0
DA:53,0
DA:66,0
DA:67,0
DA:68,0
DA:72,0
LF:34
LH:0
BRDA:22,0,0,0
BRDA:22,0,1,0
BRDA:33,1,0,0
BRDA:33,1,1,0
BRDA:36,2,0,0
BRDA:36,2,1,0
BRDA:42,3,0,0
BRDA:42,3,1,0
BRDA:42,3,2,0
BRDA:51,4,0,0
BRDA:51,4,1,0
BRDA:67,5,0,0
BRDA:67,5,1,0
BRF:13
BRH:0
end_of_record
TN:
SF:src/common/audit/audit.module.ts
FNF:0
FNH:0
DA:1,0
DA:2,0
DA:3,0
DA:4,0
DA:11,0
LF:5
LH:0
BRF:0
BRH:0
end_of_record
TN:
SF:src/common/audit/entities/audit-log.entity.ts
FN:9,(anonymous_2)
FNF:1
FNH:0
FNDA:0,(anonymous_2)
DA:1,0
DA:2,0
DA:5,0
DA:7,0
DA:9,0
DA:10,0
DA:13,0
DA:16,0
DA:19,0
DA:22,0
DA:25,0
DA:28,0
DA:31,0
DA:34,0
LF:14
LH:0
BRF:0
BRH:0
end_of_record
TN:
SF:src/common/encryption/encryption.module.ts
FNF:0
FNH:0
DA:1,0
DA:2,0
DA:8,0
LF:3
LH:0
BRF:0
BRH:0
end_of_record
TN:
SF:src/common/encryption/encryption.service.ts
FN:14,(anonymous_11)
FN:28,(anonymous_12)
FN:41,(anonymous_13)
FN:56,(anonymous_14)
FN:64,(anonymous_15)
FNF:5
FNH:0
FNDA:0,(anonymous_11)
FNDA:0,(anonymous_12)
FNDA:0,(anonymous_13)
FNDA:0,(anonymous_14)
FNDA:0,(anonymous_15)
DA:1,0
DA:2,0
DA:3,0
DA:10,0
DA:11,0
DA:14,0
DA:15,0
DA:16,0
DA:17,0
DA:19,0
DA:20,0
DA:29,0
DA:30,0
DA:31,0
DA:33,0
DA:34,0
DA:42,0
DA:43,0
DA:44,0
DA:45,0
DA:47,0
DA:48,0
DA:57,0
DA:58,0
DA:65,0
LF:25
LH:0
BRDA:15,0,0,0
BRDA:15,0,1,0
BRDA:16,1,0,0
BRDA:16,1,1,0
BRDA:19,2,0,0
BRDA:19,2,1,0
BRDA:29,3,0,0
BRDA:29,3,1,0
BRDA:42,4,0,0
BRDA:42,4,1,0
BRDA:57,5,0,0
BRDA:57,5,1,0
BRDA:57,6,0,0
BRDA:57,6,1,0
BRF:14
BRH:0
end_of_record
TN:
SF:src/common/encryption/encryption.transformer.ts
FN:10,(anonymous_9)
FN:19,(anonymous_10)
FN:29,(anonymous_11)
FNF:3
FNH:0
FNDA:0,(anonymous_9)
FNDA:0,(anonymous_10)
FNDA:0,(anonymous_11)
DA:2,9
DA:9,9
DA:11,0
DA:12,0
DA:13,0
DA:15,0
DA:20,0
DA:21,0
DA:22,0
DA:24,0
DA:30,0
DA:31,0
DA:32,0
DA:33,0
DA:34,0
DA:36,0
LF:16
LH:2
BRDA:12,0,0,0
BRDA:12,0,1,0
BRDA:20,1,0,0
BRDA:20,1,1,0
BRDA:20,2,0,0
BRDA:20,2,1,0
BRDA:30,3,0,0
BRDA:30,3,1,0
BRDA:30,4,0,0
BRDA:30,4,1,0
BRDA:34,5,0,0
BRDA:34,5,1,0
BRF:12
BRH:0
end_of_record
TN:
SF:src/common/guards/payload-size.guard.ts
FN:11,(anonymous_2)
FN:15,(anonymous_3)
FNF:2
FNH:0
FNDA:0,(anonymous_2)
FNDA:0,(anonymous_3)
DA:1,0
DA:8,0
DA:12,0
DA:18,0
DA:19,0
DA:21,0
DA:22,0
DA:24,0
LF:8
LH:0
BRDA:11,0,0,0
BRDA:19,1,0,0
BRDA:19,1,1,0
BRDA:21,2,0,0
BRDA:21,2,1,0
BRF:5
BRH:0
end_of_record
TN:
SF:src/common/interceptors/audit.interceptor.ts
FN:9,(anonymous_1)
FN:12,(anonymous_2)
FN:21,(anonymous_3)
FN:24,(anonymous_4)
FN:26,(anonymous_5)
FNF:5
FNH:0
FNDA:0,(anonymous_1)
FNDA:0,(anonymous_2)
FNDA:0,(anonymous_3)
FNDA:0,(anonymous_4)
FNDA:0,(anonymous_5)
DA:1,0
DA:2,0
DA:3,0
DA:9,0
DA:10,0
DA:13,0
DA:14,0
DA:15,0
DA:16,0
DA:18,0
DA:20,0
DA:22,0
DA:25,0
DA:26,0
LF:14
LH:0
BRDA:15,0,0,0
BRDA:15,0,1,0
BRF:2
BRH:0
end_of_record
TN:
SF:src/common/pipes/security-validation.pipe.ts
FN:11,(anonymous_0)
FN:13,(anonymous_1)
FNF:2
FNH:0
FNDA:0,(anonymous_0)
FNDA:0,(anonymous_1)
DA:1,0
DA:6,0
DA:13,0
DA:17,0
LF:4
LH:0
BRF:0
BRH:0
end_of_record
TN:
SF:src/config/app-config.module.ts
FNF:0
FNH:0
DA:1,0
DA:2,0
DA:3,0
DA:15,0
LF:4
LH:0
BRF:0
BRH:0
end_of_record
TN:
SF:src/config/app-config.service.ts
FN:6,(anonymous_2)
FN:8,(anonymous_3)
FN:12,(anonymous_4)
FN:16,(anonymous_5)
FN:20,(anonymous_6)
FN:24,(anonymous_7)
FN:29,(anonymous_8)
FN:33,(anonymous_9)
FN:39,(anonymous_10)
FN:45,(anonymous_11)
FN:51,(anonymous_12)
FN:59,(anonymous_13)
FN:65,(anonymous_14)
FN:70,(anonymous_15)
FN:78,(anonymous_16)
FN:86,(anonymous_17)
FN:90,(anonymous_18)
FN:95,(anonymous_19)
FN:99,(anonymous_20)
FN:104,(anonymous_21)
FN:108,(anonymous_22)
FN:112,(anonymous_23)
FN:117,(anonymous_24)
FN:120,(anonymous_25)
FN:126,(anonymous_26)
FN:130,(anonymous_27)
FN:134,(anonymous_28)
FN:143,(anonymous_29)
FN:147,(anonymous_30)
FN:151,(anonymous_31)
FN:159,(anonymous_32)
FN:163,(anonymous_33)
FN:167,(anonymous_34)
FNF:33
FNH:0
FNDA:0,(anonymous_2)
FNDA:0,(anonymous_3)
FNDA:0,(anonymous_4)
FNDA:0,(anonymous_5)
FNDA:0,(anonymous_6)
FNDA:0,(anonymous_7)
FNDA:0,(anonymous_8)
FNDA:0,(anonymous_9)
FNDA:0,(anonymous_10)
FNDA:0,(anonymous_11)
FNDA:0,(anonymous_12)
FNDA:0,(anonymous_13)
FNDA:0,(anonymous_14)
FNDA:0,(anonymous_15)
FNDA:0,(anonymous_16)
FNDA:0,(anonymous_17)
FNDA:0,(anonymous_18)
FNDA:0,(anonymous_19)
FNDA:0,(anonymous_20)
FNDA:0,(anonymous_21)
FNDA:0,(anonymous_22)
FNDA:0,(anonymous_23)
FNDA:0,(anonymous_24)
FNDA:0,(anonymous_25)
FNDA:0,(anonymous_26)
FNDA:0,(anonymous_27)
FNDA:0,(anonymous_28)
FNDA:0,(anonymous_29)
FNDA:0,(anonymous_30)
FNDA:0,(anonymous_31)
FNDA:0,(anonymous_32)
FNDA:0,(anonymous_33)
FNDA:0,(anonymous_34)
DA:1,2
DA:2,2
DA:5,2
DA:6,0
DA:9,0
DA:13,0
DA:17,0
DA:21,0
DA:25,0
DA:30,0
DA:34,0
DA:35,0
DA:36,0
DA:40,0
DA:41,0
DA:42,0
DA:46,0
DA:47,0
DA:48,0
DA:52,0
DA:53,0
DA:54,0
DA:56,0
DA:60,0
DA:61,0
DA:62,0
DA:66,0
DA:71,0
DA:72,0
DA:73,0
DA:75,0
DA:79,0
DA:80,0
DA:81,0
DA:83,0
DA:87,0
DA:91,0
DA:96,0
DA:100,0
DA:105,0
DA:109,0
DA:113,0
DA:118,0
DA:119,0
DA:120,0
DA:122,0
DA:127,0
DA:131,0
DA:135,0
DA:136,0
DA:137,0
DA:139,0
DA:144,0
DA:148,0
DA:152,0
DA:153,0
DA:154,0
DA:156,0
DA:160,0
DA:164,0
DA:168,0
LF:61
LH:3
BRDA:9,0,0,0
BRDA:9,0,1,0
BRDA:21,1,0,0
BRDA:21,1,1,0
BRDA:25,2,0,0
BRDA:25,2,1,0
BRDA:30,3,0,0
BRDA:30,3,1,0
BRDA:35,4,0,0
BRDA:35,4,1,0
BRDA:35,5,0,0
BRDA:35,5,1,0
BRDA:36,6,0,0
BRDA:36,6,1,0
BRDA:41,7,0,0
BRDA:41,7,1,0
BRDA:41,8,0,0
BRDA:41,8,1,0
BRDA:42,9,0,0
BRDA:42,9,1,0
BRDA:47,10,0,0
BRDA:47,10,1,0
BRDA:47,11,0,0
BRDA:47,11,1,0
BRDA:48,12,0,0
BRDA:48,12,1,0
BRDA:53,13,0,0
BRDA:53,13,1,0
BRDA:53,14,0,0
BRDA:53,14,1,0
BRDA:56,15,0,0
BRDA:56,15,1,0
BRDA:61,16,0,0
BRDA:61,16,1,0
BRDA:61,17,0,0
BRDA:61,17,1,0
BRDA:62,18,0,0
BRDA:62,18,1,0
BRDA:72,19,0,0
BRDA:72,19,1,0
BRDA:72,20,0,0
BRDA:72,20,1,0
BRDA:80,21,0,0
BRDA:80,21,1,0
BRDA:80,22,0,0
BRDA:80,22,1,0
BRDA:87,23,0,0
BRDA:87,23,1,0
BRDA:91,24,0,0
BRDA:91,24,1,0
BRDA:96,25,0,0
BRDA:96,25,1,0
BRDA:100,26,0,0
BRDA:100,26,1,0
BRDA:105,27,0,0
BRDA:105,27,1,0
BRDA:109,28,0,0
BRDA:109,28,1,0
BRDA:113,29,0,0
BRDA:113,29,1,0
BRDA:119,30,0,0
BRDA:119,30,1,0
BRDA:136,31,0,0
BRDA:136,31,1,0
BRDA:144,32,0,0
BRDA:144,32,1,0
BRDA:148,33,0,0
BRDA:148,33,1,0
BRDA:153,34,0,0
BRDA:153,34,1,0
BRDA:160,35,0,0
BRDA:160,35,1,0
BRDA:164,36,0,0
BRDA:164,36,1,0
BRF:74
BRH:0
end_of_record
TN:
SF:src/config/env.validation.ts
FN:4,(anonymous_2)
FN:10,(anonymous_3)
FN:71,validate
FN:97,(anonymous_5)
FNF:4
FNH:0
FNDA:0,(anonymous_2)
FNDA:0,(anonymous_3)
FNDA:0,validate
FNDA:0,(anonymous_5)
DA:1,0
DA:2,0
DA:4,0
DA:5,0
DA:6,0
DA:7,0
DA:10,0
DA:12,0
DA:15,0
DA:18,0
DA:21,0
DA:25,0
DA:28,0
DA:31,0
DA:34,0
DA:37,0
DA:40,0
DA:43,0
DA:46,0
DA:49,0
DA:53,0
DA:56,0
DA:59,0
DA:63,0
DA:67,0
DA:71,0
DA:73,0
DA:75,0
DA:76,0
DA:77,0
DA:79,0
DA:80,0
DA:83,0
DA:84,0
DA:87,0
DA:91,0
DA:95,0
DA:96,0
DA:97,0
DA:99,0
DA:102,0
LF:41
LH:0
BRDA:4,0,0,0
BRDA:4,0,1,0
BRDA:73,1,0,0
BRDA:73,1,1,0
BRDA:75,2,0,0
BRDA:75,2,1,0
BRDA:76,3,0,0
BRDA:76,3,1,0
BRDA:76,4,0,0
BRDA:76,4,1,0
BRDA:79,5,0,0
BRDA:79,5,1,0
BRDA:79,6,0,0
BRDA:79,6,1,0
BRDA:83,7,0,0
BRDA:83,7,1,0
BRDA:83,8,0,0
BRDA:83,8,1,0
BRDA:95,9,0,0
BRDA:95,9,1,0
BRDA:97,10,0,0
BRDA:97,10,1,0
BRF:22
BRH:0
end_of_record
TN:
SF:src/config/logger.ts
FN:9,(anonymous_0)
FN:11,(anonymous_1)
FN:12,(anonymous_2)
FN:13,(anonymous_3)
FN:14,(anonymous_4)
FNF:5
FNH:0
FNDA:0,(anonymous_0)
FNDA:0,(anonymous_1)
FNDA:0,(anonymous_2)
FNDA:0,(anonymous_3)
FNDA:0,(anonymous_4)
DA:1,0
DA:6,0
DA:8,0
DA:10,0
DA:11,0
DA:12,0
DA:13,0
DA:14,0
DA:17,0
LF:9
LH:0
BRF:0
BRH:0
end_of_record
TN:
SF:src/consent/consent.controller.ts
FN:11,(anonymous_4)
FN:15,(anonymous_5)
FN:25,(anonymous_6)
FN:31,(anonymous_7)
FN:37,(anonymous_8)
FNF:5
FNH:0
FNDA:0,(anonymous_4)
FNDA:0,(anonymous_5)
FNDA:0,(anonymous_6)
FNDA:0,(anonymous_7)
FNDA:0,(anonymous_8)
DA:1,0
DA:2,0
DA:3,0
DA:4,0
DA:10,0
DA:11,0
DA:15,0
DA:16,0
DA:20,0
DA:25,0
DA:26,0
DA:31,0
DA:32,0
DA:37,0
DA:38,0
LF:15
LH:0
BRF:0
BRH:0
end_of_record
TN:
SF:src/consent/consent.module.ts
FNF:0
FNH:0
DA:1,0
DA:2,0
DA:3,0
DA:4,0
DA:5,0
DA:6,0
DA:17,0
LF:7
LH:0
BRF:0
BRH:0
end_of_record
TN:
SF:src/consent/consent.service.ts
FN:9,(anonymous_4)
FN:15,(anonymous_5)
FN:36,(anonymous_6)
FN:51,(anonymous_7)
FN:57,(anonymous_8)
FNF:5
FNH:0
FNDA:0,(anonymous_4)
FNDA:0,(anonymous_5)
FNDA:0,(anonymous_6)
FNDA:0,(anonymous_7)
FNDA:0,(anonymous_8)
DA:1,0
DA:2,0
DA:3,0
DA:4,0
DA:5,0
DA:8,0
DA:11,0
DA:12,0
DA:16,0
DA:20,0
DA:21,0
DA:27,0
DA:28,0
DA:29,0
DA:30,0
DA:31,0
DA:33,0
DA:37,0
DA:41,0
DA:42,0
DA:45,0
DA:46,0
DA:48,0
DA:52,0
DA:59,0
DA:65,0
LF:26
LH:0
BRDA:20,0,0,0
BRDA:20,0,1,0
BRDA:41,1,0,0
BRDA:41,1,1,0
BRF:4
BRH:0
end_of_record
TN:
SF:src/consent/entities/consent.entity.ts
FN:9,(anonymous_2)
FNF:1
FNH:0
FNDA:0,(anonymous_2)
DA:1,0
DA:2,0
DA:5,0
DA:7,0
DA:9,0
DA:10,0
DA:13,0
DA:16,0
DA:19,0
DA:22,0
DA:25,0
DA:28,0
DA:31,0
DA:34,0
LF:14
LH:0
BRF:0
BRH:0
end_of_record
TN:
SF:src/health/health.controller.ts
FN:10,(anonymous_5)
FN:17,(anonymous_6)
FN:28,(anonymous_7)
FN:48,(anonymous_8)
FN:68,(anonymous_9)
FN:69,(anonymous_10)
FN:70,(anonymous_11)
FNF:7
FNH:0
FNDA:0,(anonymous_5)
FNDA:0,(anonymous_6)
FNDA:0,(anonymous_7)
FNDA:0,(anonymous_8)
FNDA:0,(anonymous_9)
FNDA:0,(anonymous_10)
FNDA:0,(anonymous_11)
DA:1,0
DA:2,0
DA:3,0
DA:4,0
DA:5,0
DA:9,0
DA:11,0
DA:12,0
DA:17,0
DA:18,0
DA:28,0
DA:29,0
DA:30,0
DA:31,0
DA:37,0
DA:48,0
DA:49,0
DA:50,0
DA:51,0
DA:57,0
DA:68,0
DA:69,0
DA:70,0
DA:72,0
DA:73,0
DA:79,0
LF:26
LH:0
BRDA:22,0,0,0
BRDA:22,0,1,0
BRDA:72,1,0,0
BRDA:72,1,1,0
BRDA:72,2,0,0
BRDA:72,2,1,0
BRDA:81,3,0,0
BRDA:81,3,1,0
BRDA:82,4,0,0
BRDA:82,4,1,0
BRF:10
BRH:0
end_of_record
TN:
SF:src/health/health.module.ts
FN:14,(anonymous_2)
FNF:1
FNH:0
FNDA:0,(anonymous_2)
DA:1,0
DA:2,0
DA:3,0
DA:4,0
DA:5,0
DA:6,0
DA:15,0
DA:24,0
LF:8
LH:0
BRF:0
BRH:0
end_of_record
TN:
SF:src/laboratory/laboratory.controller.ts
FN:14,(anonymous_4)
FN:19,(anonymous_5)
FN:26,(anonymous_6)
FN:33,(anonymous_7)
FN:40,(anonymous_8)
FN:47,(anonymous_9)
FNF:6
FNH:0
FNDA:0,(anonymous_4)
FNDA:0,(anonymous_5)
FNDA:0,(anonymous_6)
FNDA:0,(anonymous_7)
FNDA:0,(anonymous_8)
FNDA:0,(anonymous_9)
DA:1,0
DA:2,0
DA:3,0
DA:4,0
DA:5,0
DA:6,0
DA:7,0
DA:13,0
DA:14,0
DA:19,0
DA:20,0
DA:26,0
DA:27,0
DA:33,0
DA:34,0
DA:40,0
DA:41,0
DA:47,0
DA:48,0
LF:19
LH:0
BRF:0
BRH:0
end_of_record
TN:
SF:src/laboratory/laboratory.module.ts
FNF:0
FNH:0
DA:1,0
DA:2,0
DA:3,0
DA:4,0
DA:5,0
DA:13,0
LF:6
LH:0
BRF:0
BRH:0
end_of_record
TN:
SF:src/laboratory/laboratory.service.ts
FN:8,(anonymous_4)
FN:13,(anonymous_5)
FN:18,(anonymous_6)
FN:24,(anonymous_7)
FN:31,(anonymous_8)
FN:38,(anonymous_9)
FN:53,(anonymous_10)
FN:64,(anonymous_11)
FNF:8
FNH:0
FNDA:0,(anonymous_4)
FNDA:0,(anonymous_5)
FNDA:0,(anonymous_6)
FNDA:0,(anonymous_7)
FNDA:0,(anonymous_8)
FNDA:0,(anonymous_9)
FNDA:0,(anonymous_10)
FNDA:0,(anonymous_11)
DA:1,0
DA:2,0
DA:3,0
DA:4,0
DA:7,0
DA:10,0
DA:14,0
DA:15,0
DA:19,0
DA:25,0
DA:32,0
DA:33,0
DA:35,0
DA:39,0
DA:40,0
DA:41,0
DA:44,0
DA:45,0
DA:46,0
DA:47,0
DA:48,0
DA:50,0
DA:54,0
DA:58,0
DA:59,0
DA:61,0
DA:65,0
DA:66,0
DA:67,0
DA:69,0
LF:30
LH:0
BRDA:32,0,0,0
BRDA:32,0,1,0
BRDA:32,1,0,0
BRDA:32,1,1,0
BRDA:40,2,0,0
BRDA:40,2,1,0
BRDA:58,3,0,0
BRDA:58,3,1,0
BRDA:66,4,0,0
BRDA:66,4,1,0
BRDA:66,5,0,0
BRDA:66,5,1,0
BRF:12
BRH:0
end_of_record
TN:
SF:src/laboratory/entities/lab-test.entity.ts
FN:5,(anonymous_2)
FN:18,(anonymous_3)
FN:21,(anonymous_4)
FN:24,(anonymous_5)
FNF:4
FNH:0
FNDA:0,(anonymous_2)
FNDA:0,(anonymous_3)
FNDA:0,(anonymous_4)
FNDA:0,(anonymous_5)
DA:1,0
DA:2,0
DA:3,0
DA:5,0
DA:6,0
DA:7,0
DA:8,0
DA:9,0
DA:10,0
DA:14,0
DA:16,0
DA:18,0
DA:19,0
DA:21,0
DA:22,0
DA:24,0
DA:25,0
DA:28,0
DA:31,0
DA:38,0
DA:45,0
DA:52,0
DA:55,0
DA:58,0
DA:61,0
LF:25
LH:0
BRDA:5,0,0,0
BRDA:5,0,1,0
BRF:2
BRH:0
end_of_record
TN:
SF:src/medical/medical.controller.ts
FN:12,(anonymous_4)
FN:20,(anonymous_5)
FN:48,(anonymous_6)
FN:67,(anonymous_7)
FN:89,(anonymous_8)
FN:109,(anonymous_9)
FN:118,(anonymous_10)
FN:124,(anonymous_11)
FN:130,(anonymous_12)
FN:136,(anonymous_13)
FN:142,(anonymous_14)
FN:149,(anonymous_15)
FN:155,(anonymous_16)
FN:163,(anonymous_17)
FN:169,(anonymous_18)
FN:176,(anonymous_19)
FN:182,(anonymous_20)
FN:189,(anonymous_21)
FN:209,(anonymous_22)
FN:228,(anonymous_23)
FN:248,(anonymous_24)
FN:269,(anonymous_25)
FNF:22
FNH:4
FNDA:8,(anonymous_4)
FNDA:3,(anonymous_5)
FNDA:0,(anonymous_6)
FNDA:2,(anonymous_7)
FNDA:0,(anonymous_8)
FNDA:0,(anonymous_9)
FNDA:0,(anonymous_10)
FNDA:0,(anonymous_11)
FNDA:0,(anonymous_12)
FNDA:0,(anonymous_13)
FNDA:0,(anonymous_14)
FNDA:0,(anonymous_15)
FNDA:0,(anonymous_16)
FNDA:0,(anonymous_17)
FNDA:0,(anonymous_18)
FNDA:0,(anonymous_19)
FNDA:0,(anonymous_20)
FNDA:0,(anonymous_21)
FNDA:0,(anonymous_22)
FNDA:0,(anonymous_23)
FNDA:0,(anonymous_24)
FNDA:2,(anonymous_25)
DA:1,1
DA:2,1
DA:3,1
DA:4,1
DA:5,1
DA:6,1
DA:7,1
DA:11,1
DA:13,8
DA:14,8
DA:20,1
DA:26,3
DA:28,3
DA:29,1
DA:30,2
DA:31,1
DA:33,1
DA:36,3
DA:48,1
DA:49,0
DA:50,0
DA:51,0
DA:57,0
DA:67,1
DA:68,2
DA:69,2
DA:73,1
DA:79,1
DA:89,1
DA:90,0
DA:91,0
DA:92,0
DA:98,0
DA:109,1
DA:110,0
DA:111,0
DA:113,0
DA:118,1
DA:119,0
DA:124,1
DA:125,0
DA:130,1
DA:131,0
DA:136,1
DA:137,0
DA:142,1
DA:143,0
DA:149,1
DA:150,0
DA:155,1
DA:156,0
DA:157,0
DA:163,1
DA:164,0
DA:169,1
DA:170,0
DA:176,1
DA:177,0
DA:182,1
DA:183,0
DA:189,1
DA:190,0
DA:191,0
DA:192,0
DA:199,0
DA:209,1
DA:210,0
DA:211,0
DA:212,0
DA:218,0
DA:228,1
DA:229,0
DA:230,0
DA:231,0
DA:238,0
DA:248,1
DA:249,0
DA:250,0
DA:251,0
DA:258,0
DA:269,1
DA:270,2
DA:271,2
DA:272,1
DA:278,1
LF:85
LH:46
BRDA:23,0,0,0
BRDA:28,1,0,1
BRDA:28,1,1,2
BRDA:30,2,0,1
BRDA:30,2,1,1
BRDA:60,3,0,0
BRDA:60,3,1,0
BRDA:110,4,0,0
BRDA:110,4,1,0
BRDA:156,5,0,0
BRDA:156,5,1,0
BRDA:271,6,0,2
BRDA:271,6,1,0
BRF:13
BRH:5
end_of_record
TN:
SF:src/medical/medical.module.ts
FNF:0
FNH:0
DA:1,0
DA:2,0
DA:3,0
DA:4,0
DA:5,0
DA:6,0
DA:7,0
DA:8,0
DA:9,0
DA:10,0
DA:11,0
DA:12,0
DA:20,0
LF:13
LH:0
BRF:0
BRH:0
end_of_record
TN:
SF:src/medical/medical.service.ts
FN:13,(anonymous_4)
FN:27,(anonymous_5)
FN:35,(anonymous_6)
FN:43,(anonymous_7)
FN:52,(anonymous_8)
FN:93,(anonymous_9)
FN:109,(anonymous_10)
FN:132,(anonymous_11)
FN:140,(anonymous_12)
FN:164,(anonymous_13)
FN:178,(anonymous_14)
FN:186,(anonymous_15)
FN:195,(anonymous_16)
FN:204,(anonymous_17)
FN:216,(anonymous_18)
FN:224,(anonymous_19)
FN:238,(anonymous_20)
FN:250,(anonymous_21)
FN:271,(anonymous_22)
FN:280,(anonymous_23)
FN:293,(anonymous_24)
FNF:21
FNH:5
FNDA:5,(anonymous_4)
FNDA:1,(anonymous_5)
FNDA:0,(anonymous_6)
FNDA:0,(anonymous_7)
FNDA:2,(anonymous_8)
FNDA:2,(anonymous_9)
FNDA:30,(anonymous_10)
FNDA:0,(anonymous_11)
FNDA:0,(anonymous_12)
FNDA:0,(anonymous_13)
FNDA:0,(anonymous_14)
FNDA:0,(anonymous_15)
FNDA:0,(anonymous_16)
FNDA:0,(anonymous_17)
FNDA:0,(anonymous_18)
FNDA:0,(anonymous_19)
FNDA:0,(anonymous_20)
FNDA:0,(anonymous_21)
FNDA:0,(anonymous_22)
FNDA:0,(anonymous_23)
FNDA:0,(anonymous_24)
DA:1,4
DA:2,4
DA:3,4
DA:4,4
DA:5,4
DA:6,4
DA:7,4
DA:8,4
DA:9,4
DA:12,4
DA:15,5
DA:17,5
DA:19,5
DA:21,5
DA:23,5
DA:24,5
DA:28,1
DA:36,0
DA:44,0
DA:48,0
DA:49,0
DA:53,2
DA:56,2
DA:62,2
DA:65,2
DA:68,2
DA:71,2
DA:73,1
DA:77,1
DA:82,1
DA:83,1
DA:86,1
DA:94,2
DA:96,2
DA:99,2
DA:108,2
DA:109,30
DA:111,0
DA:113,0
DA:115,0
DA:123,0
DA:125,0
DA:127,0
DA:133,0
DA:141,0
DA:142,0
DA:144,0
DA:145,0
DA:147,0
DA:148,0
DA:149,0
DA:153,0
DA:157,0
DA:158,0
DA:161,0
DA:165,0
DA:167,0
DA:168,0
DA:171,0
DA:172,0
DA:174,0
DA:179,0
DA:183,0
DA:187,0
DA:196,0
DA:201,0
DA:205,0
DA:217,0
DA:225,0
DA:229,0
DA:230,0
DA:232,0
DA:233,0
DA:235,0
DA:239,0
DA:246,0
DA:251,0
DA:262,0
DA:266,0
DA:268,0
DA:272,0
DA:281,0
DA:284,0
DA:285,0
DA:288,0
DA:289,0
DA:290,0
DA:294,0
DA:297,0
DA:298,0
DA:301,0
DA:302,0
DA:303,0
DA:304,0
LF:94
LH:33
BRDA:48,0,0,0
BRDA:48,0,1,0
BRDA:56,1,0,1
BRDA:56,1,1,1
BRDA:65,2,0,2
BRDA:65,2,1,0
BRDA:71,3,0,1
BRDA:71,3,1,1
BRDA:71,4,0,2
BRDA:71,4,1,1
BRDA:73,5,0,0
BRDA:73,5,1,1
BRDA:94,6,0,0
BRDA:94,6,1,2
BRDA:109,7,0,0
BRDA:109,7,1,12
BRDA:113,8,0,0
BRDA:113,8,1,0
BRDA:118,9,0,0
BRDA:118,9,1,0
BRDA:123,10,0,0
BRDA:123,10,1,0
BRDA:142,11,0,0
BRDA:142,11,1,0
BRDA:145,12,0,0
BRDA:145,12,1,0
BRDA:148,13,0,0
BRDA:148,13,1,0
BRDA:148,14,0,0
BRDA:148,14,1,0
BRDA:153,15,0,0
BRDA:153,15,1,0
BRDA:157,16,0,0
BRDA:157,16,1,0
BRDA:157,17,0,0
BRDA:157,17,1,0
BRDA:167,18,0,0
BRDA:167,18,1,0
BRDA:188,19,0,0
BRDA:188,19,1,0
BRDA:229,20,0,0
BRDA:229,20,1,0
BRDA:232,21,0,0
BRDA:232,21,1,0
BRDA:253,22,0,0
BRDA:253,22,1,0
BRDA:257,23,0,0
BRDA:257,23,1,0
BRDA:258,24,0,0
BRDA:258,24,1,0
BRDA:284,25,0,0
BRDA:284,25,1,0
BRDA:297,26,0,0
BRDA:297,26,1,0
BRDA:303,27,0,0
BRDA:303,27,1,0
BRF:56
BRH:10
end_of_record
TN:
SF:src/medical/qr.service.ts
FN:9,(anonymous_11)
FN:16,(anonymous_12)
FN:26,(anonymous_13)
FN:45,(anonymous_14)
FN:53,(anonymous_15)
FN:64,(anonymous_16)
FN:79,(anonymous_17)
FN:95,(anonymous_18)
FNF:8
FNH:3
FNDA:3,(anonymous_11)
FNDA:3,(anonymous_12)
FNDA:2,(anonymous_13)
FNDA:0,(anonymous_14)
FNDA:0,(anonymous_15)
FNDA:0,(anonymous_16)
FNDA:0,(anonymous_17)
FNDA:0,(anonymous_18)
DA:1,5
DA:2,5
DA:3,5
DA:6,5
DA:9,3
DA:10,3
DA:17,3
DA:18,3
DA:19,3
DA:20,3
DA:27,2
DA:28,2
DA:29,2
DA:30,2
DA:31,2
DA:33,2
DA:34,2
DA:35,2
DA:37,2
DA:46,0
DA:54,0
DA:55,0
DA:65,0
DA:66,0
DA:67,0
DA:68,0
DA:69,0
DA:71,0
DA:80,0
DA:82,0
DA:83,0
DA:84,0
DA:86,0
DA:88,0
DA:90,0
DA:91,0
DA:92,0
DA:96,0
DA:97,0
LF:39
LH:19
BRDA:10,0,0,3
BRDA:10,0,1,0
BRDA:28,1,0,0
BRDA:28,1,1,2
BRDA:31,2,0,0
BRDA:31,2,1,2
BRDA:31,3,0,2
BRDA:31,3,1,2
BRDA:67,4,0,0
BRDA:67,4,1,0
BRDA:80,5,0,0
BRDA:80,5,1,0
BRDA:86,6,0,0
BRDA:86,6,1,0
BRF:14
BRH:5
end_of_record
TN:
SF:src/medical/triage.service.ts
FN:15,(anonymous_1)
FN:42,(anonymous_2)
FN:43,(anonymous_3)
FNF:3
FNH:3
FNDA:6,(anonymous_1)
FNDA:18,(anonymous_2)
FNDA:114,(anonymous_3)
DA:1,2
DA:10,2
DA:16,6
DA:19,6
DA:26,6
DA:33,6
DA:39,6
DA:40,6
DA:42,6
DA:43,18
DA:44,114
DA:45,10
DA:46,10
DA:47,6
DA:53,6
DA:54,6
DA:55,3
DA:56,3
DA:58,6
DA:59,1
DA:62,6
DA:63,3
DA:68,3
DA:69,2
DA:76,1
LF:25
LH:25
BRDA:44,0,0,10
BRDA:44,0,1,104
BRDA:46,1,0,4
BRDA:46,1,1,6
BRDA:47,2,0,3
BRDA:47,2,1,3
BRDA:47,3,0,6
BRDA:47,3,1,6
BRDA:54,4,0,3
BRDA:54,4,1,3
BRDA:55,5,0,2
BRDA:55,5,1,1
BRDA:55,6,0,3
BRDA:55,6,1,2
BRDA:56,7,0,2
BRDA:56,7,1,1
BRDA:56,8,0,3
BRDA:56,8,1,2
BRDA:58,9,0,1
BRDA:58,9,1,5
BRDA:58,10,0,6
BRDA:58,10,1,5
BRDA:62,11,0,3
BRDA:62,11,1,3
BRDA:62,12,0,6
BRDA:62,12,1,3
BRDA:65,13,0,2
BRDA:65,13,1,1
BRDA:68,14,0,2
BRDA:68,14,1,1
BRDA:68,15,0,3
BRDA:68,15,1,1
BRDA:71,16,0,2
BRDA:71,16,1,0
BRF:34
BRH:33
end_of_record
TN:
SF:src/medical/video.service.ts
FN:6,(anonymous_2)
FN:8,(anonymous_3)
FNF:2
FNH:0
FNDA:0,(anonymous_2)
FNDA:0,(anonymous_3)
DA:1,0
DA:2,0
DA:5,0
DA:6,0
DA:9,0
DA:10,0
DA:13,0
DA:14,0
DA:16,0
DA:18,0
LF:10
LH:0
BRDA:9,0,0,0
BRDA:9,0,1,0
BRDA:10,1,0,0
BRDA:10,1,1,0
BRDA:13,2,0,0
BRDA:13,2,1,0
BRDA:13,3,0,0
BRDA:13,3,1,0
BRF:8
BRH:0
end_of_record
TN:
SF:src/medical/entities/consultation.entity.ts
FN:10,(anonymous_2)
FN:13,(anonymous_3)
FNF:2
FNH:0
FNDA:0,(anonymous_2)
FNDA:0,(anonymous_3)
DA:1,5
DA:2,5
DA:3,5
DA:6,5
DA:8,5
DA:10,0
DA:11,5
DA:13,0
DA:14,5
DA:20,5
DA:27,5
DA:30,5
DA:33,5
DA:36,5
DA:43,5
DA:46,5
DA:49,5
DA:56,5
DA:59,5
DA:62,5
DA:65,5
DA:68,5
DA:71,5
LF:23
LH:21
BRF:0
BRH:0
end_of_record
TN:
SF:src/medical/entities/emergency.entity.ts
FN:9,(anonymous_2)
FNF:1
FNH:0
FNDA:0,(anonymous_2)
DA:1,4
DA:2,4
DA:5,4
DA:7,4
DA:9,0
DA:10,4
DA:13,4
DA:16,4
DA:19,4
DA:22,4
DA:25,4
DA:28,4
DA:31,4
DA:34,4
DA:37,4
DA:40,4
DA:43,4
LF:17
LH:16
BRF:0
BRH:0
end_of_record
TN:
SF:src/medical/entities/epidemic-report.entity.ts
FN:10,(anonymous_2)
FNF:1
FNH:0
FNDA:0,(anonymous_2)
DA:1,5
DA:2,5
DA:3,5
DA:6,5
DA:8,5
DA:10,0
DA:11,5
DA:14,5
DA:17,5
DA:20,5
DA:27,5
DA:30,5
DA:33,5
LF:13
LH:12
BRF:0
BRH:0
end_of_record
TN:
SF:src/medical/entities/message.entity.ts
FN:9,(anonymous_2)
FN:12,(anonymous_3)
FNF:2
FNH:0
FNDA:0,(anonymous_2)
FNDA:0,(anonymous_3)
DA:1,4
DA:2,4
DA:5,4
DA:7,4
DA:9,0
DA:10,4
DA:12,0
DA:13,4
DA:16,4
DA:19,4
DA:22,4
LF:11
LH:9
BRF:0
BRH:0
end_of_record
TN:
SF:src/medical/entities/notification.entity.ts
FN:4,(anonymous_2)
FN:16,(anonymous_3)
FNF:2
FNH:1
FNDA:4,(anonymous_2)
FNDA:0,(anonymous_3)
DA:1,4
DA:2,4
DA:4,4
DA:5,4
DA:6,4
DA:7,4
DA:8,4
DA:12,4
DA:14,4
DA:16,0
DA:17,4
DA:20,4
DA:23,4
DA:30,4
DA:33,4
DA:36,4
DA:39,4
LF:17
LH:16
BRDA:4,0,0,4
BRDA:4,0,1,4
BRF:2
BRH:2
end_of_record
TN:
SF:src/migrations/1775754773741-InitialSchema.ts
FN:3,(anonymous_0)
FN:6,(anonymous_1)
FN:142,(anonymous_2)
FNF:3
FNH:0
FNDA:0,(anonymous_0)
FNDA:0,(anonymous_1)
FNDA:0,(anonymous_2)
DA:3,0
DA:4,0
DA:8,0
DA:13,0
DA:35,0
DA:36,0
DA:37,0
DA:40,0
DA:59,0
DA:60,0
DA:61,0
DA:64,0
DA:80,0
DA:81,0
DA:84,0
DA:101,0
DA:102,0
DA:105,0
DA:119,0
DA:120,0
DA:123,0
DA:138,0
DA:139,0
DA:143,0
DA:144,0
DA:145,0
DA:146,0
DA:147,0
DA:148,0
DA:149,0
LF:30
LH:0
BRF:0
BRH:0
end_of_record
TN:
SF:src/monitoring/audit.service.ts
FN:8,(anonymous_4)
FN:13,(anonymous_5)
FN:25,(anonymous_6)
FN:42,(anonymous_7)
FNF:4
FNH:0
FNDA:0,(anonymous_4)
FNDA:0,(anonymous_5)
FNDA:0,(anonymous_6)
FNDA:0,(anonymous_7)
DA:1,0
DA:2,0
DA:3,0
DA:4,0
DA:7,0
DA:10,0
DA:14,0
DA:21,0
DA:25,0
DA:43,0
DA:44,0
DA:45,0
DA:47,0
DA:48,0
DA:49,0
DA:50,0
LF:16
LH:0
BRDA:13,0,0,0
BRDA:13,1,0,0
BRDA:29,2,0,0
BRDA:29,2,1,0
BRDA:30,3,0,0
BRDA:30,3,1,0
BRDA:32,4,0,0
BRDA:32,4,1,0
BRDA:33,5,0,0
BRDA:33,5,1,0
BRDA:47,6,0,0
BRDA:47,6,1,0
BRDA:48,7,0,0
BRDA:48,7,1,0
BRDA:49,8,0,0
BRDA:49,8,1,0
BRF:16
BRH:0
end_of_record
TN:
SF:src/monitoring/metrics.controller.ts
FN:14,(anonymous_4)
FN:26,(anonymous_5)
FNF:2
FNH:0
FNDA:0,(anonymous_4)
FNDA:0,(anonymous_5)
DA:1,0
DA:2,0
DA:4,0
DA:5,0
DA:6,0
DA:7,0
DA:8,0
DA:9,0
DA:13,0
DA:15,0
DA:16,0
DA:26,0
DA:27,0
DA:28,0
DA:29,0
LF:15
LH:0
BRF:0
BRH:0
end_of_record
TN:
SF:src/monitoring/metrics.middleware.ts
FN:9,(anonymous_2)
FN:11,(anonymous_3)
FN:19,(anonymous_4)
FN:55,(anonymous_5)
FNF:4
FNH:0
FNDA:0,(anonymous_2)
FNDA:0,(anonymous_3)
FNDA:0,(anonymous_4)
FNDA:0,(anonymous_5)
DA:1,0
DA:3,0
DA:6,0
DA:7,0
DA:9,0
DA:12,0
DA:13,0
DA:16,0
DA:19,0
DA:20,0
DA:21,0
DA:24,0
DA:27,0
DA:28,0
DA:36,0
DA:37,0
DA:44,0
DA:45,0
DA:48,0
DA:57,0
DA:58,0
DA:59,0
DA:63,0
DA:64,0
DA:67,0
LF:25
LH:0
BRDA:24,0,0,0
BRDA:24,0,1,0
BRDA:27,1,0,0
BRDA:27,1,1,0
BRDA:36,2,0,0
BRDA:36,2,1,0
BRDA:58,3,0,0
BRDA:58,3,1,0
BRDA:58,4,0,0
BRDA:58,4,1,0
BRDA:63,5,0,0
BRDA:63,5,1,0
BRDA:64,6,0,0
BRDA:64,6,1,0
BRF:14
BRH:0
end_of_record
TN:
SF:src/monitoring/metrics.service.ts
FN:22,(anonymous_11)
FN:101,(anonymous_12)
FN:108,(anonymous_13)
FN:125,(anonymous_14)
FN:136,(anonymous_15)
FN:143,(anonymous_16)
FN:150,(anonymous_17)
FN:157,(anonymous_18)
FN:168,(anonymous_19)
FN:175,(anonymous_20)
FNF:10
FNH:0
FNDA:0,(anonymous_11)
FNDA:0,(anonymous_12)
FNDA:0,(anonymous_13)
FNDA:0,(anonymous_14)
FNDA:0,(anonymous_15)
FNDA:0,(anonymous_16)
FNDA:0,(anonymous_17)
FNDA:0,(anonymous_18)
FNDA:0,(anonymous_19)
FNDA:0,(anonymous_20)
DA:1,0
DA:2,0
DA:3,0
DA:6,0
DA:7,0
DA:22,0
DA:23,0
DA:26,0
DA:32,0
DA:40,0
DA:49,0
DA:56,0
DA:63,0
DA:71,0
DA:79,0
DA:87,0
DA:95,0
DA:102,0
DA:114,0
DA:115,0
DA:116,0
DA:130,0
DA:137,0
DA:144,0
DA:151,0
DA:162,0
DA:169,0
DA:176,0
LF:28
LH:0
BRDA:150,0,0,0
BRF:1
BRH:0
end_of_record
TN:
SF:src/monitoring/monitoring.controller.ts
FN:13,(anonymous_4)
FN:18,(anonymous_5)
FNF:2
FNH:0
FNDA:0,(anonymous_4)
FNDA:0,(anonymous_5)
DA:1,0
DA:2,0
DA:3,0
DA:4,0
DA:5,0
DA:6,0
DA:7,0
DA:12,0
DA:13,0
DA:18,0
DA:23,0
LF:11
LH:0
BRF:0
BRH:0
end_of_record
TN:
SF:src/monitoring/monitoring.module.ts
FNF:0
FNH:0
DA:1,0
DA:2,0
DA:3,0
DA:4,0
DA:5,0
DA:6,0
DA:7,0
DA:8,0
DA:10,0
DA:11,0
DA:12,0
DA:13,0
DA:14,0
DA:30,0
LF:14
LH:0
BRF:0
BRH:0
end_of_record
TN:
SF:src/monitoring/reporting.controller.ts
FN:12,(anonymous_4)
FN:16,(anonymous_5)
FN:30,(anonymous_6)
FNF:3
FNH:0
FNDA:0,(anonymous_4)
FNDA:0,(anonymous_5)
FNDA:0,(anonymous_6)
DA:1,0
DA:3,0
DA:4,0
DA:5,0
DA:6,0
DA:7,0
DA:11,0
DA:12,0
DA:16,0
DA:17,0
DA:19,0
DA:25,0
DA:30,0
DA:31,0
DA:33,0
DA:39,0
LF:16
LH:0
BRF:0
BRH:0
end_of_record
TN:
SF:src/monitoring/reporting.service.ts
FN:11,(anonymous_5)
FN:20,(anonymous_6)
FN:32,(anonymous_7)
FN:36,(anonymous_8)
FN:37,(anonymous_9)
FN:55,(anonymous_10)
FN:61,(anonymous_11)
FN:65,(anonymous_12)
FN:66,(anonymous_13)
FN:77,(anonymous_14)
FN:90,(anonymous_15)
FNF:11
FNH:0
FNDA:0,(anonymous_5)
FNDA:0,(anonymous_6)
FNDA:0,(anonymous_7)
FNDA:0,(anonymous_8)
FNDA:0,(anonymous_9)
FNDA:0,(anonymous_10)
FNDA:0,(anonymous_11)
FNDA:0,(anonymous_12)
FNDA:0,(anonymous_13)
FNDA:0,(anonymous_14)
FNDA:0,(anonymous_15)
DA:1,0
DA:2,0
DA:3,0
DA:4,0
DA:5,0
DA:6,0
DA:7,0
DA:10,0
DA:13,0
DA:15,0
DA:17,0
DA:21,0
DA:22,0
DA:24,0
DA:28,0
DA:32,0
DA:33,0
DA:34,0
DA:36,0
DA:37,0
DA:39,0
DA:41,0
DA:42,0
DA:43,0
DA:45,0
DA:46,0
DA:48,0
DA:49,0
DA:51,0
DA:56,0
DA:61,0
DA:62,0
DA:63,0
DA:65,0
DA:66,0
DA:68,0
DA:70,0
DA:71,0
DA:72,0
DA:74,0
DA:75,0
DA:77,0
DA:78,0
DA:79,0
DA:83,0
DA:84,0
DA:86,0
DA:91,0
DA:92,0
DA:93,0
DA:94,0
DA:95,0
DA:96,0
DA:97,0
DA:98,0
LF:55
LH:0
BRDA:74,0,0,0
BRDA:74,0,1,0
BRDA:79,1,0,0
BRDA:79,1,1,0
BRF:4
BRH:0
end_of_record
TN:
SF:src/notifications/notifications.controller.ts
FN:12,(anonymous_4)
FN:15,(anonymous_5)
FN:24,(anonymous_6)
FN:29,(anonymous_7)
FNF:4
FNH:0
FNDA:0,(anonymous_4)
FNDA:0,(anonymous_5)
FNDA:0,(anonymous_6)
FNDA:0,(anonymous_7)
DA:1,0
DA:2,0
DA:3,0
DA:4,0
DA:5,0
DA:6,0
DA:11,0
DA:12,0
DA:15,0
DA:20,0
DA:24,0
DA:25,0
DA:29,0
DA:30,0
LF:14
LH:0
BRDA:17,0,0,0
BRDA:18,1,0,0
BRF:2
BRH:0
end_of_record
TN:
SF:src/notifications/notifications.module.ts
FNF:0
FNH:0
DA:1,0
DA:2,0
DA:3,0
DA:4,0
DA:5,0
DA:13,0
LF:6
LH:0
BRF:0
BRH:0
end_of_record
TN:
SF:src/notifications/notifications.service.ts
FN:8,(anonymous_4)
FN:13,(anonymous_5)
FN:31,(anonymous_6)
FN:45,(anonymous_7)
FN:67,(anonymous_8)
FN:83,(anonymous_9)
FNF:6
FNH:0
FNDA:0,(anonymous_4)
FNDA:0,(anonymous_5)
FNDA:0,(anonymous_6)
FNDA:0,(anonymous_7)
FNDA:0,(anonymous_8)
FNDA:0,(anonymous_9)
DA:1,0
DA:2,0
DA:3,0
DA:4,0
DA:7,0
DA:10,0
DA:14,0
DA:15,0
DA:20,0
DA:21,0
DA:24,0
DA:25,0
DA:27,0
DA:31,0
DA:46,0
DA:50,0
DA:51,0
DA:53,0
DA:54,0
DA:57,0
DA:58,0
DA:60,0
DA:68,0
DA:76,0
DA:84,0
DA:85,0
LF:26
LH:0
BRDA:13,0,0,0
BRDA:13,1,0,0
BRDA:14,2,0,0
BRDA:14,2,1,0
BRDA:20,3,0,0
BRDA:20,3,1,0
BRDA:50,4,0,0
BRDA:50,4,1,0
BRDA:53,5,0,0
BRDA:53,5,1,0
BRF:10
BRH:0
end_of_record
TN:
SF:src/pharmacy/pharmacy.controller.ts
FN:11,(anonymous_4)
FN:15,(anonymous_5)
FN:21,(anonymous_6)
FN:27,(anonymous_7)
FN:33,(anonymous_8)
FN:39,(anonymous_9)
FN:45,(anonymous_10)
FN:51,(anonymous_11)
FNF:8
FNH:8
FNDA:9,(anonymous_4)
FNDA:1,(anonymous_5)
FNDA:1,(anonymous_6)
FNDA:1,(anonymous_7)
FNDA:1,(anonymous_8)
FNDA:1,(anonymous_9)
FNDA:1,(anonymous_10)
FNDA:2,(anonymous_11)
DA:1,1
DA:2,1
DA:3,1
DA:4,1
DA:5,1
DA:6,1
DA:10,1
DA:11,9
DA:15,1
DA:16,1
DA:21,1
DA:22,1
DA:27,1
DA:28,1
DA:33,1
DA:34,1
DA:39,1
DA:40,1
DA:45,1
DA:46,1
DA:51,1
DA:53,2
DA:56,2
LF:23
LH:23
BRDA:53,0,0,1
BRDA:53,0,1,1
BRF:2
BRH:2
end_of_record
TN:
SF:src/pharmacy/pharmacy.module.ts
FNF:0
FNH:0
DA:1,0
DA:2,0
DA:3,0
DA:4,0
DA:5,0
DA:6,0
DA:14,0
LF:7
LH:0
BRF:0
BRH:0
end_of_record
TN:
SF:src/pharmacy/pharmacy.service.ts
FN:9,(anonymous_4)
FN:16,(anonymous_5)
FN:20,(anonymous_6)
FN:24,(anonymous_7)
FN:40,(anonymous_8)
FN:53,(anonymous_9)
FN:58,(anonymous_10)
FN:68,(anonymous_11)
FNF:8
FNH:3
FNDA:3,(anonymous_4)
FNDA:1,(anonymous_5)
FNDA:0,(anonymous_6)
FNDA:0,(anonymous_7)
FNDA:1,(anonymous_8)
FNDA:0,(anonymous_9)
FNDA:0,(anonymous_10)
FNDA:0,(anonymous_11)
DA:1,2
DA:2,2
DA:3,2
DA:4,2
DA:5,2
DA:8,2
DA:11,3
DA:13,3
DA:17,1
DA:21,0
DA:25,0
DA:26,0
DA:30,0
DA:31,0
DA:33,0
DA:34,0
DA:37,0
DA:41,1
DA:45,1
DA:46,1
DA:47,0
DA:49,1
DA:50,1
DA:54,0
DA:55,0
DA:59,0
DA:69,0
DA:70,0
DA:76,0
LF:29
LH:14
BRDA:25,0,0,0
BRDA:25,0,1,0
BRDA:30,1,0,0
BRDA:30,1,1,0
BRDA:33,2,0,0
BRDA:33,2,1,0
BRDA:45,3,0,0
BRDA:45,3,1,1
BRDA:46,4,0,0
BRDA:46,4,1,1
BRDA:46,5,0,1
BRDA:46,5,1,0
BRF:12
BRH:3
end_of_record
TN:
SF:src/pharmacy/entities/medicine-stock.entity.ts
FN:9,(anonymous_2)
FNF:1
FNH:0
FNDA:0,(anonymous_2)
DA:1,3
DA:2,3
DA:5,3
DA:7,3
DA:9,0
DA:10,3
DA:13,3
DA:16,3
DA:19,3
DA:22,3
DA:25,3
LF:11
LH:10
BRF:0
BRH:0
end_of_record
TN:
SF:src/pharmacy/entities/pharmacy.entity.ts
FN:18,(anonymous_2)
FNF:1
FNH:0
FNDA:0,(anonymous_2)
DA:1,3
DA:2,3
DA:5,3
DA:7,3
DA:10,3
DA:13,3
DA:16,3
DA:18,0
DA:19,3
DA:22,3
LF:10
LH:9
BRF:0
BRH:0
end_of_record
TN:
SF:src/scripts/generate_pitch_pdf.ts
FN:5,generatePitch
FN:56,(anonymous_11)
FN:85,(anonymous_12)
FN:100,(anonymous_13)
FN:101,(anonymous_14)
FN:105,(anonymous_15)
FNF:6
FNH:0
FNDA:0,generatePitch
FNDA:0,(anonymous_11)
FNDA:0,(anonymous_12)
FNDA:0,(anonymous_13)
FNDA:0,(anonymous_14)
FNDA:0,(anonymous_15)
DA:1,0
DA:2,0
DA:3,0
DA:6,0
DA:7,0
DA:8,0
DA:10,0
DA:13,0
DA:14,0
DA:15,0
DA:16,0
DA:17,0
DA:18,0
DA:21,0
DA:22,0
DA:23,0
DA:26,0
DA:27,0
DA:28,0
DA:34,0
DA:37,0
DA:56,0
DA:57,0
DA:58,0
DA:59,0
DA:63,0
DA:64,0
DA:65,0
DA:67,0
DA:68,0
DA:70,0
DA:71,0
DA:72,0
DA:73,0
DA:74,0
DA:75,0
DA:77,0
DA:84,0
DA:85,0
DA:86,0
DA:87,0
DA:88,0
DA:89,0
DA:93,0
DA:98,0
DA:100,0
DA:101,0
DA:105,0
LF:48
LH:0
BRF:0
BRH:0
end_of_record
TN:
SF:src/scripts/test-pdf-render.d.ts
FNF:0
FNH:0
LF:0
LH:0
BRF:0
BRH:0
end_of_record
TN:
SF:src/scripts/test-pdf-render.ts
FN:9,generateTestPdf
FN:72,(anonymous_10)
FN:87,(anonymous_11)
FNF:3
FNH:0
FNDA:0,generateTestPdf
FNDA:0,(anonymous_10)
FNDA:0,(anonymous_11)
DA:1,0
DA:2,0
DA:3,0
DA:10,0
DA:11,0
DA:12,0
DA:14,0
DA:17,0
DA:39,0
DA:40,0
DA:41,0
DA:42,0
DA:43,0
DA:46,0
DA:47,0
DA:48,0
DA:51,0
DA:52,0
DA:53,0
DA:58,0
DA:61,0
DA:62,0
DA:63,0
DA:66,0
DA:69,0
DA:70,0
DA:71,0
DA:72,0
DA:73,0
DA:74,0
DA:75,0
DA:76,0
DA:81,0
DA:82,0
DA:83,0
DA:85,0
DA:87,0
DA:88,0
DA:92,0
LF:39
LH:0
BRDA:69,0,0,0
BRDA:69,0,1,0
BRDA:69,1,0,0
BRDA:69,1,1,0
BRDA:73,2,0,0
BRDA:73,2,1,0
BRDA:73,3,0,0
BRDA:73,3,1,0
BRDA:74,4,0,0
BRDA:74,4,1,0
BRF:10
BRH:0
end_of_record
TN:
SF:src/scripts/validate-env.d.ts
FNF:0
FNH:0
LF:0
LH:0
BRF:0
BRH:0
end_of_record
TN:
SF:src/scripts/validate-env.ts
FNF:0
FNH:0
DA:1,0
DA:2,0
DA:3,0
DA:4,0
DA:7,0
DA:9,0
DA:10,0
DA:12,0
DA:14,0
DA:15,0
DA:16,0
DA:17,0
DA:18,0
DA:19,0
DA:21,0
DA:22,0
DA:25,0
DA:26,0
DA:27,0
DA:28,0
DA:30,0
DA:31,0
DA:32,0
LF:23
LH:0
BRDA:14,0,0,0
BRDA:14,0,1,0
BRDA:17,1,0,0
BRDA:17,1,1,0
BRF:4
BRH:0
end_of_record
TN:
SF:src/stats/pdf-report.service.ts
FN:6,(anonymous_2)
FN:7,(anonymous_3)
FN:13,(anonymous_4)
FN:51,(anonymous_5)
FNF:4
FNH:0
FNDA:0,(anonymous_2)
FNDA:0,(anonymous_3)
FNDA:0,(anonymous_4)
FNDA:0,(anonymous_5)
DA:1,0
DA:2,0
DA:5,0
DA:7,0
DA:8,0
DA:9,0
DA:10,0
DA:12,0
DA:13,0
DA:14,0
DA:15,0
DA:19,0
DA:20,0
DA:21,0
DA:22,0
DA:23,0
DA:26,0
DA:27,0
DA:30,0
DA:31,0
DA:32,0
DA:37,0
DA:40,0
DA:41,0
DA:42,0
DA:45,0
DA:48,0
DA:49,0
DA:50,0
DA:51,0
DA:52,0
DA:53,0
DA:58,0
DA:59,0
DA:61,0
DA:63,0
LF:36
LH:0
BRDA:48,0,0,0
BRDA:48,0,1,0
BRDA:48,1,0,0
BRDA:48,1,1,0
BRDA:52,2,0,0
BRDA:52,2,1,0
BRDA:52,3,0,0
BRDA:52,3,1,0
BRF:8
BRH:0
end_of_record
TN:
SF:src/stats/stats.controller.ts
FN:14,(anonymous_4)
FN:20,(anonymous_5)
FN:25,(anonymous_6)
FN:30,(anonymous_7)
FN:35,(anonymous_8)
FN:40,(anonymous_9)
FN:45,(anonymous_10)
FN:50,(anonymous_11)
FN:56,(anonymous_12)
FN:65,(anonymous_13)
FNF:10
FNH:0
FNDA:0,(anonymous_4)
FNDA:0,(anonymous_5)
FNDA:0,(anonymous_6)
FNDA:0,(anonymous_7)
FNDA:0,(anonymous_8)
FNDA:0,(anonymous_9)
FNDA:0,(anonymous_10)
FNDA:0,(anonymous_11)
FNDA:0,(anonymous_12)
FNDA:0,(anonymous_13)
DA:1,0
DA:3,0
DA:4,0
DA:5,0
DA:6,0
DA:7,0
DA:8,0
DA:13,0
DA:15,0
DA:16,0
DA:20,0
DA:21,0
DA:25,0
DA:26,0
DA:30,0
DA:31,0
DA:35,0
DA:36,0
DA:40,0
DA:41,0
DA:45,0
DA:46,0
DA:50,0
DA:51,0
DA:56,0
DA:57,0
DA:58,0
DA:59,0
DA:60,0
DA:65,0
DA:66,0
DA:67,0
DA:68,0
DA:73,0
DA:74,0
DA:75,0
DA:76,0
LF:37
LH:0
BRF:0
BRH:0
end_of_record
TN:
SF:src/stats/stats.module.ts
FNF:0
FNH:0
DA:1,0
DA:2,0
DA:3,0
DA:4,0
DA:5,0
DA:6,0
DA:7,0
DA:8,0
DA:9,0
DA:10,0
DA:18,0
LF:11
LH:0
BRF:0
BRH:0
end_of_record
TN:
SF:src/stats/stats.service.ts
FN:19,(anonymous_4)
FN:32,(anonymous_5)
FN:54,(anonymous_6)
FN:63,(anonymous_7)
FN:91,(anonymous_8)
FN:104,(anonymous_9)
FN:116,(anonymous_10)
FN:175,(anonymous_11)
FN:191,(anonymous_12)
FN:220,(anonymous_13)
FN:245,(anonymous_14)
FN:284,(anonymous_15)
FN:314,(anonymous_16)
FNF:13
FNH:8
FNDA:5,(anonymous_4)
FNDA:1,(anonymous_5)
FNDA:1,(anonymous_6)
FNDA:3,(anonymous_7)
FNDA:1,(anonymous_8)
FNDA:1,(anonymous_9)
FNDA:0,(anonymous_10)
FNDA:0,(anonymous_11)
FNDA:1,(anonymous_12)
FNDA:1,(anonymous_13)
FNDA:0,(anonymous_14)
FNDA:0,(anonymous_15)
FNDA:0,(anonymous_16)
DA:1,1
DA:2,1
DA:3,1
DA:4,1
DA:5,1
DA:6,1
DA:7,1
DA:8,1
DA:18,1
DA:21,5
DA:23,5
DA:25,5
DA:27,5
DA:29,5
DA:33,1
DA:41,1
DA:55,1
DA:56,1
DA:64,3
DA:68,3
DA:69,1
DA:76,2
DA:81,2
DA:82,2
DA:84,2
DA:92,1
DA:93,1
DA:97,1
DA:105,1
DA:109,1
DA:117,0
DA:118,0
DA:119,0
DA:120,0
DA:121,0
DA:130,0
DA:164,0
DA:176,0
DA:177,0
DA:180,0
DA:181,0
DA:184,0
DA:185,0
DA:186,0
DA:188,0
DA:193,1
DA:198,1
DA:199,1
DA:200,1
DA:201,1
DA:202,1
DA:203,1
DA:205,1
DA:213,1
DA:221,1
DA:227,1
DA:228,1
DA:229,1
DA:230,1
DA:231,1
DA:232,1
DA:233,1
DA:234,1
DA:237,1
DA:246,0
DA:249,0
DA:255,0
DA:256,0
DA:257,0
DA:258,0
DA:259,0
DA:260,0
DA:261,0
DA:263,0
DA:267,0
DA:284,0
DA:285,0
DA:286,0
DA:287,0
DA:300,0
DA:301,0
DA:305,0
DA:306,0
DA:308,0
DA:314,0
LF:85
LH:49
BRDA:68,0,0,1
BRDA:68,0,1,2
BRDA:81,1,0,2
BRDA:81,1,1,0
BRDA:167,2,0,0
BRDA:167,2,1,0
BRDA:168,3,0,0
BRDA:168,3,1,0
BRDA:176,4,0,0
BRDA:176,4,1,0
BRDA:176,5,0,0
BRDA:176,5,1,0
BRDA:180,6,0,0
BRDA:180,6,1,0
BRDA:186,7,0,0
BRDA:186,7,1,0
BRDA:198,8,0,1
BRDA:198,8,1,0
BRDA:199,9,0,1
BRDA:199,9,1,0
BRDA:200,10,0,1
BRDA:200,10,1,0
BRDA:201,11,0,1
BRDA:201,11,1,0
BRDA:202,12,0,1
BRDA:202,12,1,0
BRDA:203,13,0,1
BRDA:203,13,1,0
BRDA:229,14,0,1
BRDA:229,14,1,0
BRDA:230,15,0,1
BRDA:230,15,1,0
BRDA:231,16,0,1
BRDA:231,16,1,0
BRDA:232,17,0,1
BRDA:232,17,1,0
BRDA:233,18,0,1
BRDA:233,18,1,0
BRDA:257,19,0,0
BRDA:257,19,1,0
BRDA:258,20,0,0
BRDA:258,20,1,0
BRDA:259,21,0,0
BRDA:259,21,1,0
BRDA:260,22,0,0
BRDA:260,22,1,0
BRDA:260,23,0,0
BRDA:260,23,1,0
BRDA:285,24,0,0
BRDA:285,24,1,0
BRDA:295,25,0,0
BRDA:295,25,1,0
BRDA:295,26,0,0
BRDA:295,26,1,0
BRDA:305,27,0,0
BRDA:305,27,1,0
BRDA:306,28,0,0
BRDA:306,28,1,0
BRDA:314,29,0,0
BRDA:314,29,1,0
BRF:60
BRH:14
end_of_record
TN:
SF:src/telecom/otp.service.ts
FN:22,(anonymous_1)
FN:35,(anonymous_2)
FN:44,(anonymous_3)
FN:93,(anonymous_4)
FN:153,(anonymous_5)
FN:171,(anonymous_6)
FN:192,(anonymous_7)
FN:202,(anonymous_8)
FNF:8
FNH:7
FNDA:5,(anonymous_1)
FNDA:5,(anonymous_2)
FNDA:3,(anonymous_3)
FNDA:9,(anonymous_4)
FNDA:0,(anonymous_5)
FNDA:1,(anonymous_6)
FNDA:4,(anonymous_7)
FNDA:14,(anonymous_8)
DA:1,1
DA:22,1
DA:23,5
DA:24,5
DA:25,5
DA:26,5
DA:27,5
DA:40,5
DA:43,5
DA:45,3
DA:49,5
DA:50,1
DA:56,4
DA:57,4
DA:58,4
DA:60,4
DA:71,4
DA:73,4
DA:80,4
DA:98,9
DA:103,9
DA:104,8
DA:109,8
DA:110,8
DA:114,9
DA:115,1
DA:119,8
DA:120,1
DA:121,1
DA:125,7
DA:126,1
DA:127,1
DA:133,6
DA:134,5
DA:135,5
DA:141,1
DA:143,1
DA:147,1
DA:157,0
DA:159,0
DA:160,0
DA:161,0
DA:165,0
DA:172,1
DA:173,1
DA:175,1
DA:176,1
DA:177,1
DA:178,1
DA:182,1
DA:183,1
DA:186,1
DA:193,4
DA:203,14
DA:205,14
DA:206,13
DA:207,1
DA:208,0
DA:209,1
DA:211,1
DA:214,14
LF:61
LH:55
BRDA:37,0,0,5
BRDA:45,1,0,3
BRDA:45,1,1,3
BRDA:49,2,0,1
BRDA:49,2,1,4
BRDA:96,3,0,9
BRDA:104,4,0,8
BRDA:104,4,1,0
BRDA:105,5,0,8
BRDA:105,5,1,8
BRDA:105,5,2,8
BRDA:114,6,0,1
BRDA:114,6,1,8
BRDA:119,7,0,1
BRDA:119,7,1,7
BRDA:125,8,0,1
BRDA:125,8,1,6
BRDA:133,9,0,5
BRDA:133,9,1,1
BRDA:155,10,0,0
BRDA:160,11,0,0
BRDA:160,11,1,0
BRDA:160,12,0,0
BRDA:160,12,1,0
BRDA:176,13,0,1
BRDA:176,13,1,0
BRDA:182,14,0,1
BRDA:182,14,1,0
BRDA:205,15,0,13
BRDA:205,15,1,1
BRDA:207,16,0,0
BRDA:207,16,1,1
BRDA:209,17,0,1
BRDA:209,17,1,0
BRF:34
BRH:24
end_of_record
TN:
SF:src/telecom/sms.service.ts
FN:13,(anonymous_2)
FN:15,(anonymous_3)
FN:32,(anonymous_4)
FN:37,(anonymous_5)
FN:50,(anonymous_6)
FN:58,(anonymous_7)
FNF:6
FNH:0
FNDA:0,(anonymous_2)
FNDA:0,(anonymous_3)
FNDA:0,(anonymous_4)
FNDA:0,(anonymous_5)
FNDA:0,(anonymous_6)
FNDA:0,(anonymous_7)
DA:1,0
DA:2,0
DA:10,0
DA:11,0
DA:13,0
DA:16,0
DA:17,0
DA:19,0
DA:20,0
DA:21,0
DA:22,0
DA:24,0
DA:25,0
DA:29,0
DA:33,0
DA:34,0
DA:46,0
DA:47,0
DA:54,0
DA:55,0
DA:59,0
DA:60,0
LF:22
LH:0
BRDA:16,0,0,0
BRDA:16,0,1,0
BRDA:22,1,0,0
BRDA:22,1,1,0
BRDA:46,2,0,0
BRDA:46,2,1,0
BRDA:54,3,0,0
BRDA:54,3,1,0
BRF:8
BRH:0
end_of_record
TN:
SF:src/telecom/telecom.controller.ts
FN:8,(anonymous_4)
FN:11,(anonymous_5)
FNF:2
FNH:0
FNDA:0,(anonymous_4)
FNDA:0,(anonymous_5)
DA:1,0
DA:2,0
DA:3,0
DA:7,0
DA:8,0
DA:11,0
DA:13,0
LF:7
LH:0
BRDA:13,0,0,0
BRDA:13,0,1,0
BRF:2
BRH:0
end_of_record
TN:
SF:src/telecom/telecom.module.ts
FNF:0
FNH:0
DA:1,0
DA:2,0
DA:3,0
DA:4,0
DA:5,0
DA:13,0
LF:6
LH:0
BRF:0
BRH:0
end_of_record
TN:
SF:src/telecom/telecom.service.ts
FN:11,(anonymous_2)
FN:23,(anonymous_3)
FN:41,(anonymous_4)
FNF:3
FNH:0
FNDA:0,(anonymous_2)
FNDA:0,(anonymous_3)
FNDA:0,(anonymous_4)
DA:1,2
DA:4,2
DA:5,2
DA:8,2
DA:12,0
DA:13,0
DA:18,0
DA:19,0
DA:24,0
DA:25,0
DA:26,0
DA:27,0
DA:29,0
DA:34,0
DA:36,0
DA:37,0
DA:42,0
DA:44,0
LF:18
LH:4
BRDA:5,0,0,2
BRDA:5,0,1,2
BRDA:14,1,0,0
BRDA:14,1,1,0
BRDA:15,2,0,0
BRDA:15,2,1,0
BRDA:26,3,0,0
BRDA:26,3,1,0
BRF:8
BRH:2
end_of_record
TN:
SF:src/users/seed.service.ts
FN:13,(anonymous_13)
FN:23,(anonymous_14)
FN:34,(anonymous_15)
FN:107,(anonymous_16)
FN:152,(anonymous_17)
FNF:5
FNH:0
FNDA:0,(anonymous_13)
FNDA:0,(anonymous_14)
FNDA:0,(anonymous_15)
FNDA:0,(anonymous_16)
FNDA:0,(anonymous_17)
DA:1,0
DA:2,0
DA:3,0
DA:4,0
DA:5,0
DA:6,0
DA:7,0
DA:8,0
DA:9,0
DA:12,0
DA:14,0
DA:16,0
DA:18,0
DA:20,0
DA:24,0
DA:25,0
DA:26,0
DA:27,0
DA:28,0
DA:29,0
DA:30,0
DA:35,0
DA:38,0
DA:39,0
DA:40,0
DA:41,0
DA:42,0
DA:46,0
DA:47,0
DA:48,0
DA:49,0
DA:50,0
DA:54,0
DA:55,0
DA:56,0
DA:57,0
DA:58,0
DA:62,0
DA:63,0
DA:64,0
DA:65,0
DA:66,0
DA:70,0
DA:71,0
DA:72,0
DA:76,0
DA:80,0
DA:81,0
DA:82,0
DA:86,0
DA:89,0
DA:90,0
DA:91,0
DA:94,0
DA:95,0
DA:96,0
DA:100,0
DA:101,0
DA:102,0
DA:103,0
DA:110,0
DA:111,0
DA:112,0
DA:122,0
DA:123,0
DA:125,0
DA:126,0
DA:127,0
DA:128,0
DA:129,0
DA:135,0
DA:139,0
DA:140,0
DA:141,0
DA:147,0
DA:153,0
DA:154,0
DA:156,0
DA:157,0
DA:159,0
DA:167,0
DA:168,0
DA:169,0
DA:177,0
LF:84
LH:0
BRDA:25,0,0,0
BRDA:25,0,1,0
BRDA:40,1,0,0
BRDA:40,1,1,0
BRDA:48,2,0,0
BRDA:48,2,1,0
BRDA:56,3,0,0
BRDA:56,3,1,0
BRDA:64,4,0,0
BRDA:64,4,1,0
BRDA:71,5,0,0
BRDA:71,5,1,0
BRDA:81,6,0,0
BRDA:81,6,1,0
BRDA:90,7,0,0
BRDA:90,7,1,0
BRDA:95,8,0,0
BRDA:95,8,1,0
BRDA:101,9,0,0
BRDA:101,9,1,0
BRDA:111,10,0,0
BRDA:111,10,1,0
BRDA:123,11,0,0
BRDA:123,11,1,0
BRDA:126,12,0,0
BRDA:126,12,1,0
BRDA:128,13,0,0
BRDA:128,13,1,0
BRDA:139,14,0,0
BRDA:139,14,1,0
BRDA:154,15,0,0
BRDA:154,15,1,0
BRDA:157,16,0,0
BRDA:157,16,1,0
BRF:34
BRH:0
end_of_record
TN:
SF:src/users/users.controller.ts
FN:11,(anonymous_4)
FN:14,(anonymous_5)
FN:21,(anonymous_6)
FN:29,(anonymous_7)
FN:37,(anonymous_8)
FN:43,(anonymous_9)
FNF:6
FNH:0
FNDA:0,(anonymous_4)
FNDA:0,(anonymous_5)
FNDA:0,(anonymous_6)
FNDA:0,(anonymous_7)
FNDA:0,(anonymous_8)
FNDA:0,(anonymous_9)
DA:1,0
DA:2,0
DA:3,0
DA:4,0
DA:5,0
DA:6,0
DA:10,0
DA:11,0
DA:14,0
DA:15,0
DA:16,0
DA:21,0
DA:22,0
DA:23,0
DA:24,0
DA:25,0
DA:29,0
DA:30,0
DA:37,0
DA:38,0
DA:43,0
DA:44,0
DA:45,0
DA:46,0
DA:47,0
LF:25
LH:0
BRDA:23,0,0,0
BRDA:23,0,1,0
BRDA:45,1,0,0
BRDA:45,1,1,0
BRF:4
BRH:0
end_of_record
TN:
SF:src/users/users.module.ts
FNF:0
FNH:0
DA:1,0
DA:2,0
DA:3,0
DA:4,0
DA:5,0
DA:6,0
DA:7,0
DA:8,0
DA:10,0
DA:18,0
LF:10
LH:0
BRF:0
BRH:0
end_of_record
TN:
SF:src/users/users.service.ts
FN:10,(anonymous_13)
FN:16,(anonymous_14)
FN:23,(anonymous_15)
FN:31,(anonymous_16)
FN:40,(anonymous_17)
FN:44,(anonymous_18)
FN:58,(anonymous_19)
FN:74,(anonymous_20)
FN:79,(anonymous_21)
FN:85,(anonymous_22)
FN:89,(anonymous_23)
FN:95,(anonymous_24)
FN:102,(anonymous_25)
FN:106,(anonymous_26)
FNF:14
FNH:0
FNDA:0,(anonymous_13)
FNDA:0,(anonymous_14)
FNDA:0,(anonymous_15)
FNDA:0,(anonymous_16)
FNDA:0,(anonymous_17)
FNDA:0,(anonymous_18)
FNDA:0,(anonymous_19)
FNDA:0,(anonymous_20)
FNDA:0,(anonymous_21)
FNDA:0,(anonymous_22)
FNDA:0,(anonymous_23)
FNDA:0,(anonymous_24)
FNDA:0,(anonymous_25)
FNDA:0,(anonymous_26)
DA:1,2
DA:2,2
DA:3,2
DA:4,2
DA:5,2
DA:6,2
DA:9,2
DA:12,0
DA:13,0
DA:17,0
DA:19,0
DA:20,0
DA:24,0
DA:25,0
DA:26,0
DA:28,0
DA:32,0
DA:33,0
DA:34,0
DA:41,0
DA:45,0
DA:59,0
DA:60,0
DA:61,0
DA:75,0
DA:76,0
DA:80,0
DA:81,0
DA:82,0
DA:86,0
DA:90,0
DA:96,0
DA:99,0
DA:103,0
DA:107,0
DA:108,0
DA:110,0
DA:111,0
DA:113,0
LF:39
LH:7
BRDA:17,0,0,0
BRDA:17,0,1,0
BRDA:20,1,0,0
BRDA:20,1,1,0
BRDA:25,2,0,0
BRDA:25,2,1,0
BRDA:75,3,0,0
BRDA:75,3,1,0
BRDA:80,4,0,0
BRDA:80,4,1,0
BRDA:108,5,0,0
BRDA:108,5,1,0
BRF:12
BRH:0
end_of_record
TN:
SF:src/users/entities/user.entity.ts
FN:5,(anonymous_11)
FN:92,(anonymous_12)
FN:25,(anonymous_13)
FN:25,(anonymous_14)
FN:28,(anonymous_15)
FN:28,(anonymous_16)
FNF:6
FNH:1
FNDA:9,(anonymous_11)
FNDA:0,(anonymous_12)
FNDA:0,(anonymous_13)
FNDA:0,(anonymous_14)
FNDA:0,(anonymous_15)
FNDA:0,(anonymous_16)
DA:1,9
DA:2,9
DA:3,9
DA:5,9
DA:6,9
DA:7,9
DA:8,9
DA:9,9
DA:10,9
DA:11,9
DA:12,9
DA:21,9
DA:23,9
DA:25,0
DA:26,9
DA:28,0
DA:29,9
DA:36,9
DA:40,9
DA:47,9
DA:50,9
DA:53,9
DA:56,9
DA:63,9
DA:66,9
DA:69,9
DA:72,9
DA:75,9
DA:78,9
DA:81,9
DA:84,9
DA:87,9
DA:92,9
DA:93,0
DA:94,0
DA:95,0
DA:96,0
DA:98,0
LF:38
LH:31
BRDA:5,0,0,9
BRDA:5,0,1,9
BRDA:93,1,0,0
BRDA:93,1,1,0
BRDA:95,2,0,0
BRDA:95,2,1,0
BRF:6
BRH:2
end_of_record
TN:
SF:src/ussd/ussd.controller.ts
FN:8,(anonymous_4)
FN:10,(anonymous_5)
FN:33,(anonymous_6)
FN:85,(anonymous_7)
FNF:4
FNH:0
FNDA:0,(anonymous_4)
FNDA:0,(anonymous_5)
FNDA:0,(anonymous_6)
FNDA:0,(anonymous_7)
DA:1,0
DA:2,0
DA:5,0
DA:6,0
DA:8,0
DA:11,0
DA:33,0
DA:43,0
DA:45,0
DA:49,0
DA:50,0
DA:56,0
DA:58,0
DA:62,0
DA:63,0
DA:64,0
DA:68,0
DA:85,0
DA:93,0
DA:95,0
DA:97,0
DA:98,0
DA:103,0
DA:107,0
DA:108,0
DA:109,0
LF:26
LH:0
BRDA:11,0,0,0
BRDA:11,0,1,0
BRDA:63,1,0,0
BRDA:63,1,1,0
BRDA:93,2,0,0
BRDA:93,3,0,0
BRF:6
BRH:0
end_of_record
TN:
SF:src/ussd/ussd.module.ts
FN:28,(anonymous_2)
FNF:1
FNH:0
FNDA:0,(anonymous_2)
DA:1,0
DA:2,0
DA:3,0
DA:4,0
DA:5,0
DA:6,0
DA:7,0
DA:8,0
DA:9,0
DA:10,0
DA:11,0
DA:12,0
DA:29,0
DA:39,0
LF:14
LH:0
BRF:0
BRH:0
end_of_record
TN:
SF:src/ussd/ussd.service.ts
FN:23,(anonymous_5)
FN:34,(anonymous_6)
FN:117,(anonymous_7)
FN:128,(anonymous_8)
FN:189,(anonymous_9)
FN:248,(anonymous_10)
FN:274,(anonymous_11)
FNF:7
FNH:6
FNDA:8,(anonymous_5)
FNDA:8,(anonymous_6)
FNDA:2,(anonymous_7)
FNDA:3,(anonymous_8)
FNDA:1,(anonymous_9)
FNDA:0,(anonymous_10)
FNDA:1,(anonymous_11)
DA:1,1
DA:2,1
DA:3,1
DA:4,1
DA:5,1
DA:6,1
DA:7,1
DA:8,1
DA:9,1
DA:22,1
DA:24,8
DA:25,8
DA:26,8
DA:27,8
DA:29,8
DA:31,8
DA:35,8
DA:36,8
DA:39,8
DA:40,8
DA:49,0
DA:53,8
DA:56,8
DA:57,8
DA:58,1
DA:59,1
DA:63,7
DA:64,7
DA:67,7
DA:68,1
DA:69,1
DA:70,1
DA:73,6
DA:76,6
DA:77,6
DA:79,3
DA:80,3
DA:82,1
DA:83,1
DA:85,0
DA:86,0
DA:88,1
DA:89,1
DA:91,0
DA:92,0
DA:93,0
DA:95,0
DA:96,0
DA:98,1
DA:102,6
DA:103,3
DA:106,3
DA:107,1
DA:111,3
DA:114,6
DA:118,2
DA:129,3
DA:130,1
DA:131,1
DA:139,2
DA:140,1
DA:141,1
DA:142,1
DA:143,1
DA:152,0
DA:154,0
DA:158,1
DA:159,1
DA:160,1
DA:161,1
DA:162,0
DA:164,1
DA:165,1
DA:171,0
DA:175,0
DA:176,0
DA:181,0
DA:182,0
DA:183,0
DA:186,0
DA:190,1
DA:191,0
DA:192,0
DA:201,1
DA:202,0
DA:203,0
DA:206,1
DA:213,1
DA:214,1
DA:216,1
DA:217,0
DA:225,1
DA:226,1
DA:228,1
DA:229,0
DA:236,1
DA:237,1
DA:239,1
DA:249,0
DA:250,0
DA:251,0
DA:259,0
DA:260,0
DA:261,0
DA:264,0
DA:265,0
DA:271,0
DA:275,1
DA:276,1
DA:277,1
DA:285,0
DA:286,0
DA:287,0
DA:290,0
LF:114
LH:77
BRDA:39,0,0,8
BRDA:39,0,1,0
BRDA:57,1,0,1
BRDA:57,1,1,7
BRDA:64,2,0,1
BRDA:64,2,1,6
BRDA:67,3,0,1
BRDA:67,3,1,6
BRDA:77,4,0,3
BRDA:77,4,1,1
BRDA:77,4,2,0
BRDA:77,4,3,1
BRDA:77,4,4,0
BRDA:77,4,5,0
BRDA:77,4,6,1
BRDA:102,5,0,3
BRDA:102,5,1,3
BRDA:106,6,0,1
BRDA:106,6,1,2
BRDA:129,7,0,1
BRDA:129,7,1,2
BRDA:139,8,0,1
BRDA:139,8,1,1
BRDA:142,9,0,1
BRDA:142,9,1,0
BRDA:150,10,0,1
BRDA:150,10,1,0
BRDA:158,11,0,1
BRDA:158,11,1,0
BRDA:161,12,0,0
BRDA:161,12,1,1
BRDA:168,13,0,1
BRDA:168,13,1,0
BRDA:169,14,0,1
BRDA:169,14,1,0
BRDA:175,15,0,0
BRDA:175,15,1,0
BRDA:181,16,0,0
BRDA:181,16,1,0
BRDA:190,17,0,0
BRDA:190,17,1,1
BRDA:201,18,0,0
BRDA:201,18,1,1
BRDA:214,19,0,0
BRDA:214,19,1,1
BRDA:216,20,0,0
BRDA:216,20,1,1
BRDA:226,21,0,1
BRDA:226,21,1,0
BRDA:228,22,0,0
BRDA:228,22,1,1
BRDA:237,23,0,1
BRDA:237,23,1,0
BRDA:249,24,0,0
BRDA:249,24,1,0
BRDA:259,25,0,0
BRDA:259,25,1,0
BRDA:264,26,0,0
BRDA:264,26,1,0
BRDA:275,27,0,1
BRDA:275,27,1,0
BRDA:285,28,0,0
BRDA:285,28,1,0
BRF:63
BRH:33
end_of_record
TN:
SF:src/vaccination/vaccination.controller.ts
FN:12,(anonymous_4)
FN:19,(anonymous_5)
FN:34,(anonymous_6)
FNF:3
FNH:0
FNDA:0,(anonymous_4)
FNDA:0,(anonymous_5)
FNDA:0,(anonymous_6)
DA:1,0
DA:2,0
DA:3,0
DA:4,0
DA:5,0
DA:6,0
DA:7,0
DA:11,0
DA:13,0
DA:14,0
DA:19,0
DA:20,0
DA:21,0
DA:23,0
DA:24,0
DA:25,0
DA:26,0
DA:29,0
DA:34,0
DA:35,0
LF:20
LH:0
BRDA:20,0,0,0
BRDA:20,0,1,0
BRDA:20,1,0,0
BRDA:20,1,1,0
BRDA:23,2,0,0
BRDA:23,2,1,0
BRDA:25,3,0,0
BRDA:25,3,1,0
BRF:8
BRH:0
end_of_record
TN:
SF:src/vaccination/vaccination.module.ts
FNF:0
FNH:0
DA:1,0
DA:2,0
DA:3,0
DA:4,0
DA:5,0
DA:6,0
DA:14,0
LF:7
LH:0
BRF:0
BRH:0
end_of_record
TN:
SF:src/vaccination/vaccination.service.ts
FN:8,(anonymous_4)
FN:13,(anonymous_5)
FN:20,(anonymous_6)
FN:27,(anonymous_7)
FNF:4
FNH:3
FNDA:3,(anonymous_4)
FNDA:1,(anonymous_5)
FNDA:0,(anonymous_6)
FNDA:1,(anonymous_7)
DA:1,2
DA:2,2
DA:3,2
DA:4,2
DA:7,2
DA:10,3
DA:14,1
DA:21,0
DA:28,1
DA:29,1
LF:10
LH:9
BRF:0
BRH:0
end_of_record
TN:
SF:src/vaccination/entities/vaccination-record.entity.ts
FN:10,(anonymous_2)
FNF:1
FNH:0
FNDA:0,(anonymous_2)
DA:1,3
DA:2,3
DA:3,3
DA:6,3
DA:8,3
DA:10,0
DA:11,3
DA:14,3
DA:17,3
DA:20,3
DA:26,3
DA:29,3
LF:12
LH:11
BRF:0
BRH:0
end_of_record
